14:28:13 : test
14:39:38 : ______________________________________________
14:39:38 : ______________________________________________
14:39:38 : _______________0start_______________
14:39:38 : ______________________________________________
14:39:38 : ______________________________________________
14:47:28 : 正确分类的样本数：50128，样本总数：63800，准确率：0.785705329153605，ave_loss：0.038991380482912064
14:47:28 : 准确率:0.785705329153605
14:47:59 : 正确分类的样本数：10813，样本总数：12760，准确率：0.8474137931034482，ave_loss：0.02752549573779106
14:47:59 : 准确率:0.8474137931034482
14:47:59 : store model
14:48:00 : train_acc:0.785705329153605train_epoch_loss:2487.650146484375test_acc:0.8474137931034482test_epoch_loss:351.2253112792969
14:48:00 : ______________________________________________
14:48:00 : ______________________________________________
14:48:00 : _______________0end_______________
14:48:00 : ______________________________________________
14:48:00 : ______________________________________________
14:48:00 : ______________________________________________
14:48:00 : ______________________________________________
14:48:00 : _______________1start_______________
14:48:00 : ______________________________________________
14:48:00 : ______________________________________________
22:54:37 : ______________________________________________
22:54:37 : ______________________________________________
22:54:37 : _______________train epoch0 start_______________
22:54:37 : ______________________________________________
22:54:37 : ______________________________________________
23:02:27 : __________________train end__________________
23:02:27 : 正确分类的样本数：50536，样本总数：63800，准确率：0.7921003134796238，ave_loss：0.03827067092061043
23:02:27 : 准确率:0.7921003134796238
23:02:27 : __________________test start__________________
23:02:59 : 正确分类的样本数：10917，样本总数：12760，准确率：0.855564263322884，ave_loss：0.026735970750451088
23:02:59 : 准确率:0.855564263322884
23:02:59 : store model
23:02:59 : train_acc:0.7921003134796238  train_epoch_loss:2441.6689453125  test_acc:0.855564263322884  test_epoch_loss:341.1509704589844
23:02:59 : __________________test end__________________
23:02:59 : ______________________________________________
23:02:59 : ______________________________________________
23:02:59 : _______________train epoch 0 end_______________
23:02:59 : ______________________________________________
23:02:59 : ______________________________________________
23:02:59 : ______________________________________________
23:02:59 : ______________________________________________
23:02:59 : _______________train epoch1 start_______________
23:02:59 : ______________________________________________
23:02:59 : ______________________________________________
23:10:50 : __________________train end__________________
23:10:50 : 正确分类的样本数：54635，样本总数：63800，准确率：0.8563479623824451，ave_loss：0.02581649273633957
23:10:50 : 准确率:0.8563479623824451
23:10:50 : __________________test start__________________
23:11:22 : 正确分类的样本数：11082，样本总数：12760，准确率：0.8684952978056426，ave_loss：0.024099059402942657
23:11:22 : 准确率:0.8684952978056426
23:11:22 : store model
23:11:23 : train_acc:0.8563479623824451  train_epoch_loss:1647.09228515625  test_acc:0.8684952978056426  test_epoch_loss:307.5039978027344
23:11:23 : __________________test end__________________
23:11:23 : ______________________________________________
23:11:23 : ______________________________________________
23:11:23 : _______________train epoch 1 end_______________
23:11:23 : ______________________________________________
23:11:23 : ______________________________________________
23:11:23 : ______________________________________________
23:11:23 : ______________________________________________
23:11:23 : _______________train epoch2 start_______________
23:11:23 : ______________________________________________
23:11:23 : ______________________________________________
23:19:14 : __________________train end__________________
23:19:14 : 正确分类的样本数：55615，样本总数：63800，准确率：0.8717084639498432，ave_loss：0.023044005036354065
23:19:14 : 准确率:0.8717084639498432
23:19:14 : __________________test start__________________
23:19:46 : 正确分类的样本数：11147，样本总数：12760，准确率：0.87358934169279，ave_loss：0.023106958717107773
23:19:46 : 准确率:0.87358934169279
23:19:46 : store model
23:19:47 : train_acc:0.8717084639498432  train_epoch_loss:1470.20751953125  test_acc:0.87358934169279  test_epoch_loss:294.84478759765625
23:19:47 : __________________test end__________________
23:19:47 : ______________________________________________
23:19:47 : ______________________________________________
23:19:47 : _______________train epoch 2 end_______________
23:19:47 : ______________________________________________
23:19:47 : ______________________________________________
23:19:47 : ______________________________________________
23:19:47 : ______________________________________________
23:19:47 : _______________train epoch3 start_______________
23:19:47 : ______________________________________________
23:19:47 : ______________________________________________
23:27:38 : __________________train end__________________
23:27:38 : 正确分类的样本数：56365，样本总数：63800，准确率：0.8834639498432602，ave_loss：0.02123255655169487
23:27:38 : 准确率:0.8834639498432602
23:27:38 : __________________test start__________________
23:28:09 : 正确分类的样本数：11227，样本总数：12760，准确率：0.879858934169279，ave_loss：0.021882886067032814
23:28:09 : 准确率:0.879858934169279
23:28:09 : store model
23:28:10 : train_acc:0.8834639498432602  train_epoch_loss:1354.63720703125  test_acc:0.879858934169279  test_epoch_loss:279.2256164550781
23:28:10 : __________________test end__________________
23:28:10 : ______________________________________________
23:28:10 : ______________________________________________
23:28:10 : _______________train epoch 3 end_______________
23:28:10 : ______________________________________________
23:28:10 : ______________________________________________
23:28:10 : ______________________________________________
23:28:10 : ______________________________________________
23:28:10 : _______________train epoch4 start_______________
23:28:10 : ______________________________________________
23:28:10 : ______________________________________________
23:36:01 : __________________train end__________________
23:36:01 : 正确分类的样本数：56878，样本总数：63800，准确率：0.8915047021943574，ave_loss：0.019686589017510414
23:36:01 : 准确率:0.8915047021943574
23:36:01 : __________________test start__________________
23:36:33 : 正确分类的样本数：11254，样本总数：12760，准确率：0.881974921630094，ave_loss：0.021855909377336502
23:36:33 : 准确率:0.881974921630094
23:36:33 : store model
23:36:34 : train_acc:0.8915047021943574  train_epoch_loss:1256.00439453125  test_acc:0.881974921630094  test_epoch_loss:278.88140869140625
23:36:34 : __________________test end__________________
23:36:34 : ______________________________________________
23:36:34 : ______________________________________________
23:36:34 : _______________train epoch 4 end_______________
23:36:34 : ______________________________________________
23:36:34 : ______________________________________________
23:36:34 : ______________________________________________
23:36:34 : ______________________________________________
23:36:34 : _______________train epoch5 start_______________
23:36:34 : ______________________________________________
23:36:34 : ______________________________________________
23:44:25 : __________________train end__________________
23:44:25 : 正确分类的样本数：57360，样本总数：63800，准确率：0.8990595611285267，ave_loss：0.018379783257842064
23:44:25 : 准确率:0.8990595611285267
23:44:25 : __________________test start__________________
23:44:56 : 正确分类的样本数：11304，样本总数：12760，准确率：0.8858934169278997，ave_loss：0.021499421447515488
23:44:57 : 准确率:0.8858934169278997
23:44:57 : store model
23:44:57 : train_acc:0.8990595611285267  train_epoch_loss:1172.6302490234375  test_acc:0.8858934169278997  test_epoch_loss:274.3326110839844
23:44:57 : __________________test end__________________
23:44:57 : ______________________________________________
23:44:57 : ______________________________________________
23:44:57 : _______________train epoch 5 end_______________
23:44:57 : ______________________________________________
23:44:57 : ______________________________________________
23:44:57 : ______________________________________________
23:44:57 : ______________________________________________
23:44:57 : _______________train epoch6 start_______________
23:44:57 : ______________________________________________
23:44:57 : ______________________________________________
23:52:50 : __________________train end__________________
23:52:50 : 正确分类的样本数：57720，样本总数：63800，准确率：0.9047021943573668，ave_loss：0.017340220510959625
23:52:50 : 准确率:0.9047021943573668
23:52:50 : __________________test start__________________
23:53:21 : 正确分类的样本数：11329，样本总数：12760，准确率：0.8878526645768025，ave_loss：0.020892206579446793
23:53:21 : 准确率:0.8878526645768025
23:53:21 : store model
23:53:22 : train_acc:0.9047021943573668  train_epoch_loss:1106.30615234375  test_acc:0.8878526645768025  test_epoch_loss:266.5845642089844
23:53:22 : __________________test end__________________
23:53:22 : ______________________________________________
23:53:22 : ______________________________________________
23:53:22 : _______________train epoch 6 end_______________
23:53:22 : ______________________________________________
23:53:22 : ______________________________________________
23:53:22 : ______________________________________________
23:53:22 : ______________________________________________
23:53:22 : _______________train epoch7 start_______________
23:53:22 : ______________________________________________
23:53:22 : ______________________________________________
00:01:14 : __________________train end__________________
00:01:14 : 正确分类的样本数：58072，样本总数：63800，准确率：0.9102194357366771，ave_loss：0.016383951529860497
00:01:14 : 准确率:0.9102194357366771
00:01:14 : __________________test start__________________
00:01:45 : 正确分类的样本数：11337，样本总数：12760，准确率：0.8884796238244514，ave_loss：0.021022044122219086
00:01:45 : 准确率:0.8884796238244514
00:01:45 : train_acc:0.9102194357366771  train_epoch_loss:1045.296142578125  test_acc:0.8884796238244514  test_epoch_loss:268.24127197265625
00:01:45 : __________________test end__________________
00:01:45 : ______________________________________________
00:01:45 : ______________________________________________
00:01:45 : _______________train epoch 7 end_______________
00:01:45 : ______________________________________________
00:01:45 : ______________________________________________
00:01:45 : ______________________________________________
00:01:45 : ______________________________________________
00:01:45 : _______________train epoch8 start_______________
00:01:45 : ______________________________________________
00:01:45 : ______________________________________________
00:09:36 : __________________train end__________________
00:09:36 : 正确分类的样本数：58454，样本总数：63800，准确率：0.9162068965517242，ave_loss：0.015351184643805027
00:09:36 : 准确率:0.9162068965517242
00:09:36 : __________________test start__________________
00:10:08 : 正确分类的样本数：11364，样本总数：12760，准确率：0.8905956112852664，ave_loss：0.02119072526693344
00:10:08 : 准确率:0.8905956112852664
00:10:08 : train_acc:0.9162068965517242  train_epoch_loss:979.4056396484375  test_acc:0.8905956112852664  test_epoch_loss:270.3936462402344
00:10:08 : __________________test end__________________
00:10:08 : ______________________________________________
00:10:08 : ______________________________________________
00:10:08 : _______________train epoch 8 end_______________
00:10:08 : ______________________________________________
00:10:08 : ______________________________________________
00:10:08 : ______________________________________________
00:10:08 : ______________________________________________
00:10:08 : _______________train epoch9 start_______________
00:10:08 : ______________________________________________
00:10:08 : ______________________________________________
00:17:59 : __________________train end__________________
00:17:59 : 正确分类的样本数：58796，样本总数：63800，准确率：0.9215673981191222，ave_loss：0.014328761026263237
00:17:59 : 准确率:0.9215673981191222
00:17:59 : __________________test start__________________
00:18:31 : 正确分类的样本数：11386，样本总数：12760，准确率：0.892319749216301，ave_loss：0.021224988624453545
00:18:31 : 准确率:0.892319749216301
00:18:31 : train_acc:0.9215673981191222  train_epoch_loss:914.1749877929688  test_acc:0.892319749216301  test_epoch_loss:270.8308410644531
00:18:31 : __________________test end__________________
00:18:31 : ______________________________________________
00:18:31 : ______________________________________________
00:18:31 : _______________train epoch 9 end_______________
00:18:31 : ______________________________________________
00:18:31 : ______________________________________________
