21:08:36 : ______________________________________________
21:08:36 : ______________________________________________
21:08:36 : _______________train epoch0 start_______________
21:08:36 : ______________________________________________
21:08:36 : ______________________________________________
21:08:36 : 正确分类的样本数：0，样本总数：0，准确率：0，ave_loss：0
21:08:36 : ___train_one_bad_epoch___
21:08:58 : bad_epoch_loss:2.5613688790472224	bad_acc:0.8253412670633532
21:09:57 : 正确分类的样本数：7294，样本总数：8000，准确率：0.91175，ave_loss：0.016765598207712173
21:09:57 : ___train_one_bad_epoch___
21:10:20 : bad_epoch_loss:3.025787761172978	bad_acc:0.8295414770738537
21:11:19 : 正确分类的样本数：14549，样本总数：16000，准确率：0.9093125，ave_loss：0.00853807758539915
21:11:19 : ___train_one_bad_epoch___
21:11:42 : bad_epoch_loss:3.208524457004387	bad_acc:0.8169408470423521
21:12:42 : 正确分类的样本数：21825，样本总数：24000，准确率：0.909375，ave_loss：0.0057809376157820225
21:12:42 : ___train_one_bad_epoch___
21:13:04 : bad_epoch_loss:2.6303330877417466	bad_acc:0.8284914245712286
21:14:04 : 正确分类的样本数：29160，样本总数：32000，准确率：0.91125，ave_loss：0.004014503210783005
21:14:04 : ___train_one_bad_epoch___
21:14:26 : bad_epoch_loss:2.955724348546937	bad_acc:0.8302415120756038
21:15:26 : 正确分类的样本数：36414，样本总数：40000，准确率：0.91035，ave_loss：0.003322180826216936
21:15:26 : ___train_one_bad_epoch___
21:15:49 : bad_epoch_loss:3.007480724641937	bad_acc:0.8144907245362268
21:16:48 : 正确分类的样本数：43703，样本总数：48000，准确率：0.9104791666666666，ave_loss：0.0027796393260359764
21:16:48 : ___train_one_bad_epoch___
21:17:11 : bad_epoch_loss:2.7784158472786658	bad_acc:0.8169408470423521
21:18:11 : 正确分类的样本数：50981，样本总数：56000，准确率：0.910375，ave_loss：0.002322382526472211
21:18:11 : ___train_one_bad_epoch___
21:18:33 : bad_epoch_loss:2.8607922007213347	bad_acc:0.823591179558978
21:19:31 : __________________train end__________________
21:19:31 : 正确分类的样本数：58082，样本总数：63800，准确率：0.9103761755485893，ave_loss：0.0020616690162569284
21:19:31 : 准确率:0.9103761755485893
21:19:31 : __________________test start__________________
21:20:35 : 正确分类的样本数：22679，样本总数：25520，准确率：0.8886755485893417，ave_loss：0.020536167547106743
21:20:36 : 准确率:0.8886755485893417
21:20:36 : store model
21:20:36 : __________________test end__________________
21:20:36 : train_acc:0.9103761755485893  train_epoch_loss:131.53448486328125  test_acc:0.8886755485893417  test_epoch_loss:524.0830078125
21:20:36 : ______________________________________________
21:20:36 : ______________________________________________
21:20:36 : _______________train epoch 0 end_______________
21:20:36 : ______________________________________________
21:20:36 : ______________________________________________
21:20:36 : ______________________________________________
21:20:36 : ______________________________________________
21:20:36 : _______________train epoch1 start_______________
21:20:36 : ______________________________________________
21:20:36 : ______________________________________________
21:20:36 : 正确分类的样本数：0，样本总数：0，准确率：0，ave_loss：0
21:20:36 : ___train_one_bad_epoch___
21:20:59 : bad_epoch_loss:2.9945685950806364	bad_acc:0.7976898844942247
21:21:59 : 正确分类的样本数：7314，样本总数：8000，准确率：0.91425，ave_loss：0.015755772590637207
21:21:59 : ___train_one_bad_epoch___
21:22:21 : bad_epoch_loss:3.1585299479193054	bad_acc:0.8057402870143507
21:23:21 : 正确分类的样本数：14668，样本总数：16000，准确率：0.91675，ave_loss：0.007901489734649658
21:23:21 : ___train_one_bad_epoch___
21:23:44 : bad_epoch_loss:3.119568764581345	bad_acc:0.7892894644732237
21:26:09 : ______________________________________________
21:26:09 : ______________________________________________
21:26:09 : _______________train epoch0 start_______________
21:26:09 : ______________________________________________
21:26:09 : ______________________________________________
21:26:09 : 正确分类的样本数：0，样本总数：0，准确率：0，ave_loss：0
21:26:09 : ___train_one_bad_epoch___
21:26:31 : bad_epoch_loss:27.687273893505335	bad_acc:0.7703885194259713
21:27:31 : 正确分类的样本数：7300，样本总数：8000，准确率：0.9125，ave_loss：0.02005632035434246
21:27:31 : ___train_one_bad_epoch___
21:27:53 : bad_epoch_loss:27.673703121952713	bad_acc:0.7871893594679734
21:28:53 : 正确分类的样本数：14618，样本总数：16000，准确率：0.913625，ave_loss：0.009986878372728825
21:28:53 : ___train_one_bad_epoch___
21:29:16 : bad_epoch_loss:24.772423620335758	bad_acc:0.7651382569128456
21:30:16 : 正确分类的样本数：21891，样本总数：24000，准确率：0.912125，ave_loss：0.006555906031280756
21:30:16 : ___train_one_bad_epoch___
21:30:38 : bad_epoch_loss:27.632105093915015	bad_acc:0.7738886944347217
21:31:38 : 正确分类的样本数：29172，样本总数：32000，准确率：0.911625，ave_loss：0.0049752481281757355
21:31:38 : ___train_one_bad_epoch___
21:32:01 : bad_epoch_loss:25.320941555313766	bad_acc:0.7815890794539727
21:33:01 : 正确分类的样本数：36431，样本总数：40000，准确率：0.910775，ave_loss：0.0039192913100123405
21:33:01 : ___train_one_bad_epoch___
21:33:23 : bad_epoch_loss:25.950127562507987	bad_acc:0.7913895694784739
21:34:23 : 正确分类的样本数：43681，样本总数：48000，准确率：0.9100208333333333，ave_loss：0.0034192975144833326
21:34:23 : ___train_one_bad_epoch___
21:34:46 : bad_epoch_loss:23.196309114806354	bad_acc:0.7647882394119706
21:35:45 : 正确分类的样本数：50965，样本总数：56000，准确率：0.9100892857142857，ave_loss：0.002805951051414013
21:35:45 : ___train_one_bad_epoch___
21:36:08 : bad_epoch_loss:26.081360534764826	bad_acc:0.7311865593279664
21:37:06 : __________________train end__________________
21:37:06 : 正确分类的样本数：58064，样本总数：63800，准确率：0.9100940438871473，ave_loss：0.0024536675773561
21:37:06 : 准确率:0.9100940438871473
21:37:06 : __________________test start__________________
21:38:10 : 正确分类的样本数：22793，样本总数：25520，准确率：0.8931426332288401，ave_loss：0.01980389468371868
21:38:10 : 准确率:0.8931426332288401
21:38:10 : store model
21:38:11 : __________________test end__________________
21:38:11 : train_acc:0.9100940438871473  train_epoch_loss:156.5439910888672  test_acc:0.8931426332288401  test_epoch_loss:505.3953857421875
21:38:11 : ______________________________________________
21:38:11 : ______________________________________________
21:38:11 : _______________train epoch 0 end_______________
21:38:11 : ______________________________________________
21:38:11 : ______________________________________________
21:38:11 : ______________________________________________
21:38:11 : ______________________________________________
21:38:11 : _______________train epoch1 start_______________
21:38:11 : ______________________________________________
21:38:11 : ______________________________________________
21:38:11 : 正确分类的样本数：0，样本总数：0，准确率：0，ave_loss：0
21:38:11 : ___train_one_bad_epoch___
21:38:33 : bad_epoch_loss:26.49052538909018	bad_acc:0.7696884844242212
21:39:33 : 正确分类的样本数：7335，样本总数：8000，准确率：0.916875，ave_loss：0.018606163561344147
21:39:33 : ___train_one_bad_epoch___
21:39:56 : bad_epoch_loss:25.213324853219092	bad_acc:0.7556877843892195
21:40:55 : 正确分类的样本数：14641，样本总数：16000，准确率：0.9150625，ave_loss：0.00952870026230812
21:40:55 : ___train_one_bad_epoch___
21:41:18 : bad_epoch_loss:25.42880026018247	bad_acc:0.7504375218760938
21:42:17 : 正确分类的样本数：21990，样本总数：24000，准确率：0.91625，ave_loss：0.0061370329931378365
21:42:17 : ___train_one_bad_epoch___
21:42:40 : bad_epoch_loss:27.65277699381113	bad_acc:0.759537976898845
21:43:40 : 正确分类的样本数：29303，样本总数：32000，准确率：0.91571875，ave_loss：0.0047916993498802185
21:43:40 : ___train_one_bad_epoch___
21:44:02 : bad_epoch_loss:27.234610738232732	bad_acc:0.760238011900595
21:45:02 : 正确分类的样本数：36594，样本总数：40000，准确率：0.91485，ave_loss：0.003923434764146805
21:45:02 : ___train_one_bad_epoch___
21:45:24 : bad_epoch_loss:26.136998089030385	bad_acc:0.728036401820091
21:46:24 : 正确分类的样本数：43905，样本总数：48000，准确率：0.9146875，ave_loss：0.0032334604766219854
21:46:24 : ___train_one_bad_epoch___
21:46:46 : bad_epoch_loss:25.03180010803044	bad_acc:0.7500875043752188
21:47:46 : 正确分类的样本数：51254，样本总数：56000，准确率：0.91525，ave_loss：0.002616527723148465
21:47:46 : ___train_one_bad_epoch___
21:48:09 : bad_epoch_loss:28.032270507887006	bad_acc:0.7336366818340917
21:49:07 : __________________train end__________________
21:49:07 : 正确分类的样本数：58341，样本总数：63800，准确率：0.914435736677116，ave_loss：0.0024201730266213417
21:49:07 : 准确率:0.914435736677116
21:49:07 : __________________test start__________________
21:50:11 : 正确分类的样本数：22926，样本总数：25520，准确率：0.8983542319749216，ave_loss：0.018857518211007118
21:50:11 : 准确率:0.8983542319749216
21:50:11 : store model
21:50:11 : __________________test end__________________
21:50:11 : train_acc:0.914435736677116  train_epoch_loss:154.40704345703125  test_acc:0.8983542319749216  test_epoch_loss:481.24383544921875
21:50:11 : ______________________________________________
21:50:11 : ______________________________________________
21:50:11 : _______________train epoch 1 end_______________
21:50:11 : ______________________________________________
21:50:11 : ______________________________________________
21:50:11 : ______________________________________________
21:50:11 : ______________________________________________
21:50:11 : _______________train epoch2 start_______________
21:50:11 : ______________________________________________
21:50:11 : ______________________________________________
21:50:11 : 正确分类的样本数：0，样本总数：0，准确率：0，ave_loss：0
21:50:11 : ___train_one_bad_epoch___
21:50:34 : bad_epoch_loss:25.74619062617421	bad_acc:0.7339866993349667
21:51:34 : 正确分类的样本数：7398，样本总数：8000，准确率：0.92475，ave_loss：0.0174562968313694
21:51:34 : ___train_one_bad_epoch___
21:51:56 : bad_epoch_loss:26.273227385245264	bad_acc:0.7224361218060903
21:52:56 : 正确分类的样本数：14777，样本总数：16000，准确率：0.9235625，ave_loss：0.008871980011463165
21:52:56 : ___train_one_bad_epoch___
21:53:18 : bad_epoch_loss:28.012136332690716	bad_acc:0.7339866993349667
21:54:18 : 正确分类的样本数：22114，样本总数：24000，准确率：0.9214166666666667，ave_loss：0.006203303579241037
21:54:18 : ___train_one_bad_epoch___
21:54:40 : bad_epoch_loss:23.64251859113574	bad_acc:0.7311865593279664
21:55:40 : 正确分类的样本数：29463，样本总数：32000，准确率：0.92071875，ave_loss：0.0044573890045285225
21:55:40 : ___train_one_bad_epoch___
21:56:03 : bad_epoch_loss:26.486216835211962	bad_acc:0.6916345817290864
21:57:02 : 正确分类的样本数：36850，样本总数：40000，准确率：0.92125，ave_loss：0.0035323442425578833
21:57:02 : ___train_one_bad_epoch___
21:57:25 : bad_epoch_loss:25.630059105344117	bad_acc:0.6954847742387119
21:58:24 : 正确分类的样本数：44177，样本总数：48000，准确率：0.9203541666666667，ave_loss：0.003063732758164406
21:58:24 : ___train_one_bad_epoch___
21:58:47 : bad_epoch_loss:24.868706047534943	bad_acc:0.7049352467623381
21:59:46 : 正确分类的样本数：51553，样本总数：56000，准确率：0.9205892857142857，ave_loss：0.0025772550143301487
21:59:46 : ___train_one_bad_epoch___
22:00:09 : bad_epoch_loss:25.264382985420525	bad_acc:0.7003850192509625
22:01:07 : __________________train end__________________
22:01:07 : 正确分类的样本数：58711，样本总数：63800，准确率：0.9202351097178684，ave_loss：0.002288385294377804
22:01:07 : 准确率:0.9202351097178684
22:01:07 : __________________test start__________________
22:02:10 : 正确分类的样本数：23035，样本总数：25520，准确率：0.9026253918495298，ave_loss：0.01799706369638443
22:02:11 : 准确率:0.9026253918495298
22:02:11 : store model
22:02:11 : __________________test end__________________
22:02:11 : train_acc:0.9202351097178684  train_epoch_loss:145.99899291992188  test_acc:0.9026253918495298  test_epoch_loss:459.2850646972656
22:02:11 : ______________________________________________
22:02:11 : ______________________________________________
22:02:11 : _______________train epoch 2 end_______________
22:02:11 : ______________________________________________
22:02:11 : ______________________________________________
22:02:11 : ______________________________________________
22:02:11 : ______________________________________________
22:02:11 : _______________train epoch3 start_______________
22:02:11 : ______________________________________________
22:02:11 : ______________________________________________
22:02:11 : 正确分类的样本数：0，样本总数：0，准确率：0，ave_loss：0
22:02:11 : ___train_one_bad_epoch___
22:02:33 : bad_epoch_loss:26.302227071952075	bad_acc:0.687784389219461
22:03:33 : 正确分类的样本数：7388，样本总数：8000，准确率：0.9235，ave_loss：0.018018241971731186
22:03:33 : ___train_one_bad_epoch___
22:03:55 : bad_epoch_loss:24.515236062929034	bad_acc:0.704235211760588
22:04:55 : 正确分类的样本数：14813，样本总数：16000，准确率：0.9258125，ave_loss：0.00849164929240942
22:04:55 : ___train_one_bad_epoch___
22:05:17 : bad_epoch_loss:23.835705504752696	bad_acc:0.6975848792439622
22:06:16 : 正确分类的样本数：22243，样本总数：24000，准确率：0.9267916666666667，ave_loss：0.005473017226904631
22:06:16 : ___train_one_bad_epoch___
22:06:39 : bad_epoch_loss:24.520530123263597	bad_acc:0.6909345467273363
22:07:38 : 正确分类的样本数：29643，样本总数：32000，准确率：0.92634375，ave_loss：0.004233288578689098
22:07:38 : ___train_one_bad_epoch___
22:08:01 : bad_epoch_loss:24.511019214056432	bad_acc:0.7017850892544627
22:09:00 : 正确分类的样本数：37059，样本总数：40000，准确率：0.926475，ave_loss：0.003340787021443248
22:09:00 : ___train_one_bad_epoch___
22:09:23 : bad_epoch_loss:24.566603188868612	bad_acc:0.6909345467273363
22:10:22 : 正确分类的样本数：44449，样本总数：48000，准确率：0.9260208333333333，ave_loss：0.0027558021247386932
22:10:22 : ___train_one_bad_epoch___
22:10:45 : bad_epoch_loss:27.062311688438058	bad_acc:0.672033601680084
22:11:44 : 正确分类的样本数：51850，样本总数：56000，准确率：0.9258928571428572，ave_loss：0.0024679009802639484
22:11:44 : ___train_one_bad_epoch___
22:12:06 : bad_epoch_loss:25.824047200381756	bad_acc:0.6678333916695834
22:13:04 : __________________train end__________________
22:13:04 : 正确分类的样本数：59060，样本总数：63800，准确率：0.925705329153605，ave_loss：0.002091443631798029
22:13:04 : 准确率:0.925705329153605
22:13:04 : __________________test start__________________
22:14:08 : 正确分类的样本数：23075，样本总数：25520，准确率：0.904192789968652，ave_loss：0.017527973279356956
22:14:08 : 准确率:0.904192789968652
22:14:08 : store model
22:14:09 : __________________test end__________________
22:14:09 : train_acc:0.925705329153605  train_epoch_loss:133.43411254882812  test_acc:0.904192789968652  test_epoch_loss:447.3138732910156
22:14:09 : ______________________________________________
22:14:09 : ______________________________________________
22:14:09 : _______________train epoch 3 end_______________
22:14:09 : ______________________________________________
22:14:09 : ______________________________________________
22:14:09 : ______________________________________________
22:14:09 : ______________________________________________
22:14:09 : _______________train epoch4 start_______________
22:14:09 : ______________________________________________
22:14:09 : ______________________________________________
22:14:09 : 正确分类的样本数：0，样本总数：0，准确率：0，ave_loss：0
22:14:09 : ___train_one_bad_epoch___
22:14:31 : bad_epoch_loss:23.26661481661722	bad_acc:0.6503325166258312
22:15:30 : 正确分类的样本数：7488，样本总数：8000，准确率：0.936，ave_loss：0.015139168128371239
22:15:30 : ___train_one_bad_epoch___
22:15:53 : bad_epoch_loss:26.758557906607166	bad_acc:0.6709835491774588
22:16:52 : 正确分类的样本数：14943，样本总数：16000，准确率：0.9339375，ave_loss：0.008067776449024677
22:16:52 : ___train_one_bad_epoch___
22:17:15 : bad_epoch_loss:23.2132252859883	bad_acc:0.6464823241162058
22:18:14 : 正确分类的样本数：22448，样本总数：24000，准确率：0.9353333333333333，ave_loss：0.005041071213781834
22:18:14 : ___train_one_bad_epoch___
22:18:37 : bad_epoch_loss:22.575385014875792	bad_acc:0.6587329366468323
22:19:36 : 正确分类的样本数：29876，样本总数：32000，准确率：0.933625，ave_loss：0.00409960001707077
22:19:36 : ___train_one_bad_epoch___
22:19:58 : bad_epoch_loss:22.970271442551166	bad_acc:0.6489324466223311
22:20:58 : 正确分类的样本数：37282，样本总数：40000，准确率：0.93205，ave_loss：0.0033006067387759686
22:20:58 : ___train_one_bad_epoch___
22:21:20 : bad_epoch_loss:22.006925964262336	bad_acc:0.6573328666433321
22:22:20 : 正确分类的样本数：44691，样本总数：48000，准确率：0.9310625，ave_loss：0.002730400301516056
22:22:20 : ___train_one_bad_epoch___
22:22:43 : bad_epoch_loss:22.170900948811322	bad_acc:0.6342317115855792
22:23:42 : 正确分类的样本数：52097，样本总数：56000，准确率：0.9303035714285715，ave_loss：0.0022899694740772247
22:23:42 : ___train_one_bad_epoch___
22:24:05 : bad_epoch_loss:23.29148212634027	bad_acc:0.6300315015750787
22:25:03 : __________________train end__________________
22:25:03 : 正确分类的样本数：59349，样本总数：63800，准确率：0.9302351097178684，ave_loss：0.0019699838012456894
22:25:03 : 准确率:0.9302351097178684
22:25:03 : __________________test start__________________
22:26:06 : 正确分类的样本数：23193，样本总数：25520，准确率：0.9088166144200627，ave_loss：0.016742585226893425
22:26:06 : 准确率:0.9088166144200627
22:26:06 : store model
22:26:07 : __________________test end__________________
22:26:07 : train_acc:0.9302351097178684  train_epoch_loss:125.68497467041016  test_acc:0.9088166144200627  test_epoch_loss:427.270751953125
22:26:07 : ______________________________________________
22:26:07 : ______________________________________________
22:26:07 : _______________train epoch 4 end_______________
22:26:07 : ______________________________________________
22:26:07 : ______________________________________________
22:26:07 : ______________________________________________
22:26:07 : ______________________________________________
22:26:07 : _______________train epoch5 start_______________
22:26:07 : ______________________________________________
22:26:07 : ______________________________________________
22:26:07 : 正确分类的样本数：0，样本总数：0，准确率：0，ave_loss：0
22:26:07 : ___train_one_bad_epoch___
22:26:29 : bad_epoch_loss:24.00541940657422	bad_acc:0.6275813790689534
22:27:29 : 正确分类的样本数：7474，样本总数：8000，准确率：0.93425，ave_loss：0.015354713425040245
22:27:29 : ___train_one_bad_epoch___
22:27:51 : bad_epoch_loss:25.32161503471434	bad_acc:0.6104305215260764
22:28:50 : 正确分类的样本数：14966，样本总数：16000，准确率：0.935375，ave_loss：0.007665138691663742
22:28:50 : ___train_one_bad_epoch___
22:29:13 : bad_epoch_loss:22.944695936283097	bad_acc:0.6212810640532027
22:30:12 : 正确分类的样本数：22403，样本总数：24000，准确率：0.9334583333333333，ave_loss：0.005197620484977961
22:30:12 : ___train_one_bad_epoch___
22:30:35 : bad_epoch_loss:22.26221126737073	bad_acc:0.6191809590479525
22:31:34 : 正确分类的样本数：29870，样本总数：32000，准确率：0.9334375，ave_loss：0.0037337185349315405
22:31:34 : ___train_one_bad_epoch___
22:31:57 : bad_epoch_loss:24.777453887742013	bad_acc:0.6065803290164509
22:32:56 : 正确分类的样本数：37373，样本总数：40000，准确率：0.934325，ave_loss：0.0029438917990773916
22:32:56 : ___train_one_bad_epoch___
22:33:19 : bad_epoch_loss:22.776826663524844	bad_acc:0.5894294714735737
22:34:18 : 正确分类的样本数：44774，样本总数：48000，准确率：0.9327916666666667，ave_loss：0.0026662915479391813
22:34:18 : ___train_one_bad_epoch___
22:34:41 : bad_epoch_loss:19.93304654280655	bad_acc:0.5869793489674484
22:35:40 : 正确分类的样本数：52247，样本总数：56000，准确率：0.9329821428571429，ave_loss：0.0021077743731439114
22:35:40 : ___train_one_bad_epoch___
22:36:03 : bad_epoch_loss:21.11126167792827	bad_acc:0.5859292964648233
22:37:01 : __________________train end__________________
22:37:01 : 正确分类的样本数：59562，样本总数：63800，准确率：0.9335736677115988，ave_loss：0.0017563957953825593
22:37:01 : 准确率:0.9335736677115988
22:37:01 : __________________test start__________________
22:38:04 : 正确分类的样本数：23296，样本总数：25520，准确率：0.9128526645768025，ave_loss：0.016190586611628532
22:38:04 : 准确率:0.9128526645768025
22:38:04 : store model
22:38:05 : __________________test end__________________
22:38:05 : train_acc:0.9335736677115988  train_epoch_loss:112.05805206298828  test_acc:0.9128526645768025  test_epoch_loss:413.18377685546875
22:38:05 : ______________________________________________
22:38:05 : ______________________________________________
22:38:05 : _______________train epoch 5 end_______________
22:38:05 : ______________________________________________
22:38:05 : ______________________________________________
22:38:05 : ______________________________________________
22:38:05 : ______________________________________________
22:38:05 : _______________train epoch6 start_______________
22:38:05 : ______________________________________________
22:38:05 : ______________________________________________
22:38:05 : 正确分类的样本数：0，样本总数：0，准确率：0，ave_loss：0
22:38:05 : ___train_one_bad_epoch___
22:38:28 : bad_epoch_loss:23.68120510969311	bad_acc:0.5729786489324467
22:39:27 : 正确分类的样本数：7538，样本总数：8000，准确率：0.94225，ave_loss：0.01387095544487238
22:39:27 : ___train_one_bad_epoch___
22:39:49 : bad_epoch_loss:21.26315687270835	bad_acc:0.5848792439621981
22:40:49 : 正确分类的样本数：15032，样本总数：16000，准确率：0.9395，ave_loss：0.006958638783544302
22:40:49 : ___train_one_bad_epoch___
22:41:11 : bad_epoch_loss:21.675653194542974	bad_acc:0.5964298214910746
22:42:11 : 正确分类的样本数：22515，样本总数：24000，准确率：0.938125，ave_loss：0.004742694087326527
22:42:11 : ___train_one_bad_epoch___
22:42:33 : bad_epoch_loss:21.270850057248026	bad_acc:0.5841792089604481
22:43:33 : 正确分类的样本数：29993，样本总数：32000，准确率：0.93728125，ave_loss：0.003750016912817955
22:43:33 : ___train_one_bad_epoch___
22:43:55 : bad_epoch_loss:21.291684937430546	bad_acc:0.5701785089254463
22:44:55 : 正确分类的样本数：37499，样本总数：40000，准确率：0.937475，ave_loss：0.002824339782819152
22:44:55 : ___train_one_bad_epoch___
22:45:17 : bad_epoch_loss:20.270186497247778	bad_acc:0.5628281414070704
22:46:16 : 正确分类的样本数：45006，样本总数：48000，准确率：0.937625，ave_loss：0.0023511035833507776
22:46:16 : ___train_one_bad_epoch___
22:46:39 : bad_epoch_loss:22.872301667695865	bad_acc:0.5554777738886945
22:47:38 : 正确分类的样本数：52496，样本总数：56000，准确率：0.9374285714285714，ave_loss：0.002061913488432765
22:47:38 : ___train_one_bad_epoch___
22:48:01 : bad_epoch_loss:22.701833768282086	bad_acc:0.567728386419321
22:48:59 : __________________train end__________________
22:48:59 : 正确分类的样本数：59799，样本总数：63800，准确率：0.9372884012539185，ave_loss：0.0017432887107133865
22:48:59 : 准确率:0.9372884012539185
22:48:59 : __________________test start__________________
22:50:02 : 正确分类的样本数：23386，样本总数：25520，准确率：0.9163793103448276，ave_loss：0.015771104022860527
22:50:02 : 准确率:0.9163793103448276
22:50:02 : store model
22:50:03 : __________________test end__________________
22:50:03 : train_acc:0.9372884012539185  train_epoch_loss:111.2218246459961  test_acc:0.9163793103448276  test_epoch_loss:402.47857666015625
22:50:03 : ______________________________________________
22:50:03 : ______________________________________________
22:50:03 : _______________train epoch 6 end_______________
22:50:03 : ______________________________________________
22:50:03 : ______________________________________________
22:50:03 : ______________________________________________
22:50:03 : ______________________________________________
22:50:03 : _______________train epoch7 start_______________
22:50:03 : ______________________________________________
22:50:03 : ______________________________________________
22:50:03 : 正确分类的样本数：0，样本总数：0，准确率：0，ave_loss：0
22:50:03 : ___train_one_bad_epoch___
22:50:25 : bad_epoch_loss:23.243887516204268	bad_acc:0.5547777388869444
22:51:25 : 正确分类的样本数：7548，样本总数：8000，准确率：0.9435，ave_loss：0.013878652825951576
22:51:25 : ___train_one_bad_epoch___
22:51:47 : bad_epoch_loss:21.4440481394995	bad_acc:0.5456772838641932
22:52:47 : 正确分类的样本数：15093，样本总数：16000，准确率：0.9433125，ave_loss：0.006873825564980507
22:52:47 : ___train_one_bad_epoch___
22:53:09 : bad_epoch_loss:19.90399821777828	bad_acc:0.543577178858943
22:54:09 : 正确分类的样本数：22658，样本总数：24000，准确率：0.9440833333333334，ave_loss：0.004186396021395922
22:54:09 : ___train_one_bad_epoch___
22:54:31 : bad_epoch_loss:21.087086199549958	bad_acc:0.5232761638081904
22:55:31 : 正确分类的样本数：30176，样本总数：32000，准确率：0.943，ave_loss：0.0034485456999391317
22:55:31 : ___train_one_bad_epoch___
22:55:53 : bad_epoch_loss:20.870946881419513	bad_acc:0.5271263563178159
22:56:53 : 正确分类的样本数：37708，样本总数：40000，准确率：0.9427，ave_loss：0.002592256758362055
22:56:53 : ___train_one_bad_epoch___
22:57:15 : bad_epoch_loss:19.66738444310613	bad_acc:0.5239761988099405
22:58:15 : 正确分类的样本数：45226，样本总数：48000，准确率：0.9422083333333333，ave_loss：0.002211201237514615
22:58:15 : ___train_one_bad_epoch___
22:58:37 : bad_epoch_loss:21.102536695660092	bad_acc:0.5271263563178159
22:59:37 : 正确分类的样本数：52772，样本总数：56000，准确率：0.9423571428571429，ave_loss：0.0019153548637405038
22:59:37 : ___train_one_bad_epoch___
22:59:59 : bad_epoch_loss:19.521532734390348	bad_acc:0.5176758837941897
23:00:57 : __________________train end__________________
23:00:57 : 正确分类的样本数：60136，样本总数：63800，准确率：0.9425705329153605，ave_loss：0.0016066047828644514
23:00:57 : 准确率:0.9425705329153605
23:00:57 : __________________test start__________________
23:02:01 : 正确分类的样本数：23419，样本总数：25520，准确率：0.9176724137931035，ave_loss：0.01536055002361536
23:02:01 : 准确率:0.9176724137931035
23:02:01 : store model
23:02:01 : __________________test end__________________
23:02:01 : train_acc:0.9425705329153605  train_epoch_loss:102.50138854980469  test_acc:0.9176724137931035  test_epoch_loss:392.001220703125
23:02:01 : ______________________________________________
23:02:01 : ______________________________________________
23:02:01 : _______________train epoch 7 end_______________
23:02:01 : ______________________________________________
23:02:01 : ______________________________________________
23:02:01 : ______________________________________________
23:02:01 : ______________________________________________
23:02:01 : _______________train epoch8 start_______________
23:02:01 : ______________________________________________
23:02:01 : ______________________________________________
23:02:01 : 正确分类的样本数：0，样本总数：0，准确率：0，ave_loss：0
23:02:01 : ___train_one_bad_epoch___
23:02:24 : bad_epoch_loss:19.09193825814873	bad_acc:0.5092754637731887
23:03:23 : 正确分类的样本数：7533，样本总数：8000，准确率：0.941625，ave_loss：0.012866731733083725
23:03:23 : ___train_one_bad_epoch___
23:03:46 : bad_epoch_loss:20.89245136361569	bad_acc:0.5166258312915646
23:04:45 : 正确分类的样本数：15082，样本总数：16000，准确率：0.942625，ave_loss：0.006414928939193487
23:04:45 : ___train_one_bad_epoch___
23:05:08 : bad_epoch_loss:19.0464981039986	bad_acc:0.5068253412670634
23:06:07 : 正确分类的样本数：22658，样本总数：24000，准确率：0.9440833333333334，ave_loss：0.004120259080082178
23:06:07 : ___train_one_bad_epoch___
23:06:30 : bad_epoch_loss:20.656689966039266	bad_acc:0.4998249912495625
23:07:29 : 正确分类的样本数：30231，样本总数：32000，准确率：0.94471875，ave_loss：0.0031172281596809626
23:07:29 : ___train_one_bad_epoch___
23:07:51 : bad_epoch_loss:19.6618727913592	bad_acc:0.4966748337416871
23:08:51 : 正确分类的样本数：37805，样本总数：40000，准确率：0.945125，ave_loss：0.0025306420866400003
23:08:51 : ___train_one_bad_epoch___
23:09:14 : bad_epoch_loss:21.971804606961086	bad_acc:0.49632481624081204
23:10:13 : 正确分类的样本数：45337，样本总数：48000，准确率：0.9445208333333334，ave_loss：0.0021612809505313635
23:10:13 : ___train_one_bad_epoch___
23:10:35 : bad_epoch_loss:20.51757554966025	bad_acc:0.49737486874343717
23:11:35 : 正确分类的样本数：52904，样本总数：56000，准确率：0.9447142857142857，ave_loss：0.001766986446455121
23:11:35 : ___train_one_bad_epoch___
23:11:57 : bad_epoch_loss:17.978906374191865	bad_acc:0.49002450122506125
23:12:55 : __________________train end__________________
23:12:55 : 正确分类的样本数：60259，样本总数：63800，准确率：0.9444984326018809，ave_loss：0.0015575755387544632
23:12:55 : 准确率:0.9444984326018809
23:12:55 : __________________test start__________________
23:13:59 : 正确分类的样本数：23487，样本总数：25520，准确率：0.9203369905956112，ave_loss：0.014954251237213612
23:13:59 : 准确率:0.9203369905956112
23:13:59 : store model
23:14:00 : __________________test end__________________
23:14:00 : train_acc:0.9444984326018809  train_epoch_loss:99.37332153320312  test_acc:0.9203369905956112  test_epoch_loss:381.6324768066406
23:14:00 : ______________________________________________
23:14:00 : ______________________________________________
23:14:00 : _______________train epoch 8 end_______________
23:14:00 : ______________________________________________
23:14:00 : ______________________________________________
23:14:00 : ______________________________________________
23:14:00 : ______________________________________________
23:14:00 : _______________train epoch9 start_______________
23:14:00 : ______________________________________________
23:14:00 : ______________________________________________
23:14:00 : 正确分类的样本数：0，样本总数：0，准确率：0，ave_loss：0
23:14:00 : ___train_one_bad_epoch___
23:14:22 : bad_epoch_loss:19.63114362861961	bad_acc:0.47497374868743436
23:15:22 : 正确分类的样本数：7578，样本总数：8000，准确率：0.94725，ave_loss：0.01207886915653944
23:15:22 : ___train_one_bad_epoch___
23:15:44 : bad_epoch_loss:18.201854970655404	bad_acc:0.4711235561778089
23:16:44 : 正确分类的样本数：15182，样本总数：16000，准确率：0.948875，ave_loss：0.005596714559942484
23:16:44 : ___train_one_bad_epoch___
23:17:06 : bad_epoch_loss:20.780599299585447	bad_acc:0.4770738536926846
23:18:06 : 正确分类的样本数：22769，样本总数：24000，准确率：0.9487083333333334，ave_loss：0.004068336915224791
23:18:06 : ___train_one_bad_epoch___
23:18:28 : bad_epoch_loss:22.865140159614384	bad_acc:0.45817290864543225
23:19:27 : 正确分类的样本数：30355，样本总数：32000，准确率：0.94859375，ave_loss：0.0031094104051589966
23:19:27 : ___train_one_bad_epoch___
23:19:50 : bad_epoch_loss:17.30960320716258	bad_acc:0.4609730486524326
23:20:50 : 正确分类的样本数：37933，样本总数：40000，准确率：0.948325，ave_loss：0.0023775312583893538
23:20:50 : ___train_one_bad_epoch___
23:21:13 : bad_epoch_loss:19.39312119956594	bad_acc:0.45012250612530624
23:22:12 : 正确分类的样本数：45528，样本总数：48000，准确率：0.9485，ave_loss：0.001959585351869464
23:22:12 : ___train_one_bad_epoch___
23:22:35 : bad_epoch_loss:18.59005741472356	bad_acc:0.4609730486524326
23:23:34 : 正确分类的样本数：53104，样本总数：56000，准确率：0.9482857142857143，ave_loss：0.001733682700432837
23:23:34 : ___train_one_bad_epoch___
23:23:56 : bad_epoch_loss:16.616413229494356	bad_acc:0.4679733986699335
23:25:15 : __________________train end__________________
23:25:15 : 正确分类的样本数：60509，样本总数：63800，准确率：0.9484169278996866，ave_loss：0.0014097555540502071
23:25:15 : 准确率:0.9484169278996866
23:25:15 : __________________test start__________________
23:27:24 : 正确分类的样本数：23555，样本总数：25520，准确率：0.9230015673981191，ave_loss：0.014606605283915997
23:27:24 : 准确率:0.9230015673981191
23:27:24 : store model
23:27:25 : __________________test end__________________
23:27:25 : train_acc:0.9484169278996866  train_epoch_loss:89.9424057006836  test_acc:0.9230015673981191  test_epoch_loss:372.76055908203125
23:27:25 : ______________________________________________
23:27:25 : ______________________________________________
23:27:25 : _______________train epoch 9 end_______________
23:27:25 : ______________________________________________
23:27:25 : ______________________________________________
