01:14:33 : ______________________________________________
01:14:33 : ______________________________________________
01:14:33 : _______________train epoch0 start_______________
01:14:33 : ______________________________________________
01:14:33 : ______________________________________________
01:14:33 : 正确分类的样本数：0，样本总数：0，准确率：0，ave_loss：0
01:14:33 : ___train_one_bad_epoch___
01:14:55 : bad_epoch_loss:5.896889993920922	bad_acc:0.2681134056702835
01:15:55 : 正确分类的样本数：4968，样本总数：8000，准确率：0.621，ave_loss：0.07132665812969208
01:15:55 : ___train_one_bad_epoch___
01:16:18 : bad_epoch_loss:9.79000276979059	bad_acc:0.6247812390619532
01:17:17 : 正确分类的样本数：11368，样本总数：16000，准确率：0.7105，ave_loss：0.021952593699097633
01:17:17 : ___train_one_bad_epoch___
01:17:40 : bad_epoch_loss:16.419553408399224	bad_acc:0.6618830941547077
01:18:40 : 正确分类的样本数：18017，样本总数：24000，准确率：0.7507083333333333，ave_loss：0.01179746724665165
01:18:40 : ___train_one_bad_epoch___
01:19:03 : bad_epoch_loss:18.231605692766607	bad_acc:0.6853342667133356
01:20:03 : 正确分类的样本数：24561，样本总数：32000，准确率：0.76753125，ave_loss：0.008751611225306988
01:20:03 : ___train_one_bad_epoch___
01:20:25 : bad_epoch_loss:20.345560887362808	bad_acc:0.7017850892544627
01:21:25 : 正确分类的样本数：31204，样本总数：40000，准确率：0.7801，ave_loss：0.006677571684122086
01:21:25 : ___train_one_bad_epoch___
01:21:48 : bad_epoch_loss:21.523823332041502	bad_acc:0.7059852992649632
01:22:48 : 正确分类的样本数：37870，样本总数：48000，准确率：0.7889583333333333，ave_loss：0.0055661131627857685
01:22:48 : ___train_one_bad_epoch___
01:23:10 : bad_epoch_loss:21.811217793263495	bad_acc:0.7105355267763388
01:24:10 : 正确分类的样本数：44567，样本总数：56000，准确率：0.7958392857142857，ave_loss：0.004603144247084856
01:24:10 : ___train_one_bad_epoch___
01:24:33 : bad_epoch_loss:20.951587938703597	bad_acc:0.6926846342317116
01:25:31 : __________________train end__________________
01:25:31 : 正确分类的样本数：51133，样本总数：63800，准确率：0.8014576802507837，ave_loss：0.0038981016259640455
01:25:31 : 准确率:0.8014576802507837
01:25:31 : __________________test start__________________
01:26:36 : 正确分类的样本数：21824，样本总数：25520，准确率：0.8551724137931035，ave_loss：0.02618071250617504
01:26:36 : 准确率:0.8551724137931035
01:26:36 : store model
01:26:37 : __________________test end__________________
01:26:37 : train_acc:0.8014576802507837  train_epoch_loss:248.6988983154297  test_acc:0.8551724137931035  test_epoch_loss:668.1317749023438
01:26:37 : ______________________________________________
01:26:37 : ______________________________________________
01:26:37 : _______________train epoch 0 end_______________
01:26:37 : ______________________________________________
01:26:37 : ______________________________________________
01:26:37 : ______________________________________________
01:26:37 : ______________________________________________
01:26:37 : _______________train epoch1 start_______________
01:26:37 : ______________________________________________
01:26:37 : ______________________________________________
01:26:37 : 正确分类的样本数：0，样本总数：0，准确率：0，ave_loss：0
01:26:37 : ___train_one_bad_epoch___
01:26:59 : bad_epoch_loss:22.90026469528675	bad_acc:0.7210360518025901
01:27:59 : 正确分类的样本数：6816，样本总数：8000，准确率：0.852，ave_loss：0.02974422462284565
01:27:59 : ___train_one_bad_epoch___
01:28:22 : bad_epoch_loss:24.897688584402204	bad_acc:0.7108855442772138
01:29:21 : 正确分类的样本数：13688，样本总数：16000，准确率：0.8555，ave_loss：0.01457388885319233
01:29:21 : ___train_one_bad_epoch___
01:29:44 : bad_epoch_loss:24.772795252501965	bad_acc:0.7556877843892195
01:30:43 : 正确分类的样本数：20556，样本总数：24000，准确率：0.8565，ave_loss：0.009552286937832832
01:30:43 : ___train_one_bad_epoch___
01:31:06 : bad_epoch_loss:21.637145922519267	bad_acc:0.7385369268463423
01:32:06 : 正确分类的样本数：27406，样本总数：32000，准确率：0.8564375，ave_loss：0.007151921279728413
01:32:06 : ___train_one_bad_epoch___
01:32:28 : bad_epoch_loss:22.41530458815396	bad_acc:0.7311865593279664
01:33:28 : 正确分类的样本数：34284，样本总数：40000，准确率：0.8571，ave_loss：0.005590204615145922
01:33:28 : ___train_one_bad_epoch___
01:33:50 : bad_epoch_loss:23.893276002258062	bad_acc:0.736086804340217
01:34:50 : 正确分类的样本数：41140，样本总数：48000，准确率：0.8570833333333333，ave_loss：0.004819346126168966
01:34:50 : ___train_one_bad_epoch___
01:35:12 : bad_epoch_loss:22.671489644329995	bad_acc:0.7462373118655933
01:36:12 : 正确分类的样本数：48090，样本总数：56000，准确率：0.85875，ave_loss：0.0038308517541736364
01:36:12 : ___train_one_bad_epoch___
01:36:35 : bad_epoch_loss:23.991357553284615	bad_acc:0.736086804340217
01:37:33 : __________________train end__________________
01:37:33 : 正确分类的样本数：54717，样本总数：63800，准确率：0.8576332288401254，ave_loss：0.0036096160765737295
01:37:33 : 准确率:0.8576332288401254
01:37:33 : __________________test start__________________
01:38:37 : 正确分类的样本数：22182，样本总数：25520，准确率：0.8692006269592476，ave_loss：0.023177437484264374
01:38:37 : 准确率:0.8692006269592476
01:38:37 : store model
01:38:37 : __________________test end__________________
01:38:37 : train_acc:0.8576332288401254  train_epoch_loss:230.29351806640625  test_acc:0.8692006269592476  test_epoch_loss:591.4882202148438
01:38:37 : ______________________________________________
01:38:37 : ______________________________________________
01:38:37 : _______________train epoch 1 end_______________
01:38:37 : ______________________________________________
01:38:37 : ______________________________________________
01:38:37 : ______________________________________________
01:38:37 : ______________________________________________
01:38:37 : _______________train epoch2 start_______________
01:38:37 : ______________________________________________
01:38:37 : ______________________________________________
01:38:37 : 正确分类的样本数：0，样本总数：0，准确率：0，ave_loss：0
01:38:37 : ___train_one_bad_epoch___
01:39:00 : bad_epoch_loss:23.24009426869452	bad_acc:0.759537976898845
01:39:59 : 正确分类的样本数：6909，样本总数：8000，准确率：0.863625，ave_loss：0.02715626172721386
01:39:59 : ___train_one_bad_epoch___
01:40:22 : bad_epoch_loss:25.26894255168736	bad_acc:0.7633881694084704
01:43:51 : ______________________________________________
01:43:51 : ______________________________________________
01:43:51 : _______________train epoch0 start_______________
01:43:51 : ______________________________________________
01:43:51 : ______________________________________________
01:43:51 : 正确分类的样本数：0，样本总数：0，准确率：0，ave_loss：0
01:43:51 : ___train_one_bad_epoch___
01:44:13 : bad_epoch_loss:5.657440688461065	bad_acc:0.19460973048652433
01:45:12 : 正确分类的样本数：4604，样本总数：8000，准确率：0.5755，ave_loss：0.07086752355098724
01:45:12 : ___train_one_bad_epoch___
01:45:34 : bad_epoch_loss:10.069906369782984	bad_acc:0.5831291564578229
01:46:34 : 正确分类的样本数：10875，样本总数：16000，准确率：0.6796875，ave_loss：0.022617118433117867
01:46:34 : ___train_one_bad_epoch___
01:46:56 : bad_epoch_loss:16.545793725177646	bad_acc:0.6450822541127056
01:47:56 : 正确分类的样本数：17360，样本总数：24000，准确率：0.7233333333333334，ave_loss：0.012649104930460453
01:47:56 : ___train_one_bad_epoch___
01:48:18 : bad_epoch_loss:18.27217990718782	bad_acc:0.6650332516625831
01:49:18 : 正确分类的样本数：23936，样本总数：32000，准确率：0.748，ave_loss：0.008741586469113827
01:49:18 : ___train_one_bad_epoch___
01:49:40 : bad_epoch_loss:19.53093198686838	bad_acc:0.6727336366818341
01:50:40 : 正确分类的样本数：30518，样本总数：40000，准确率：0.76295，ave_loss：0.006812979932874441
01:50:40 : ___train_one_bad_epoch___
01:51:02 : bad_epoch_loss:21.291758607607335	bad_acc:0.7101855092754638
01:52:02 : 正确分类的样本数：37238，样本总数：48000，准确率：0.7757916666666667，ave_loss：0.005370524246245623
01:52:02 : ___train_one_bad_epoch___
01:52:25 : bad_epoch_loss:22.968507087789476	bad_acc:0.7192859642982149
01:53:24 : 正确分类的样本数：44002，样本总数：56000，准确率：0.78575，ave_loss：0.004520842805504799
01:53:24 : ___train_one_bad_epoch___
01:53:47 : bad_epoch_loss:23.181322821881622	bad_acc:0.7052852642632131
01:54:45 : __________________train end__________________
01:54:45 : 正确分类的样本数：50602，样本总数：63800，准确率：0.7931347962382446，ave_loss：0.0038610324263572693
01:54:45 : 准确率:0.7931347962382446
01:54:45 : __________________test start__________________
01:55:49 : 正确分类的样本数：21835，样本总数：25520，准确率：0.8556034482758621，ave_loss：0.026329871267080307
01:55:49 : 准确率:0.8556034482758621
01:55:49 : store model
01:55:50 : __________________test end__________________
01:55:50 : train_acc:0.7931347962382446  train_epoch_loss:246.33387756347656  test_acc:0.8556034482758621  test_epoch_loss:671.9382934570312
01:55:50 : ______________________________________________
01:55:50 : ______________________________________________
01:55:50 : _______________train epoch 0 end_______________
01:55:50 : ______________________________________________
01:55:50 : ______________________________________________
01:55:50 : ______________________________________________
01:55:50 : ______________________________________________
01:55:50 : _______________train epoch1 start_______________
01:55:50 : ______________________________________________
01:55:50 : ______________________________________________
01:55:50 : 正确分类的样本数：0，样本总数：0，准确率：0，ave_loss：0
01:55:50 : ___train_one_bad_epoch___
01:56:12 : bad_epoch_loss:24.542779832147062	bad_acc:0.7448372418620931
01:57:12 : 正确分类的样本数：6780，样本总数：8000，准确率：0.8475，ave_loss：0.029904307797551155
01:57:12 : ___train_one_bad_epoch___
01:57:34 : bad_epoch_loss:22.163638348225504	bad_acc:0.6972348617430871
01:58:34 : 正确分类的样本数：13562，样本总数：16000，准确率：0.847625，ave_loss：0.015084300190210342
01:58:34 : ___train_one_bad_epoch___
01:58:57 : bad_epoch_loss:22.2874022917822	bad_acc:0.7266363318165908
01:59:57 : 正确分类的样本数：20397，样本总数：24000，准确率：0.849875，ave_loss：0.009750419296324253
01:59:57 : ___train_one_bad_epoch___
02:00:19 : bad_epoch_loss:22.577695468440652	bad_acc:0.7427371368568428
02:01:19 : 正确分类的样本数：27311，样本总数：32000，准确率：0.85346875，ave_loss：0.006856896448880434
02:01:19 : ___train_one_bad_epoch___
02:01:42 : bad_epoch_loss:25.41164450906217	bad_acc:0.7539376968848442
02:02:41 : 正确分类的样本数：34197，样本总数：40000，准确率：0.854925，ave_loss：0.005741612520068884
02:02:41 : ___train_one_bad_epoch___
02:03:04 : bad_epoch_loss:25.59728207066655	bad_acc:0.7546377318865943
02:04:04 : 正确分类的样本数：41086，样本总数：48000，准确率：0.8559583333333334，ave_loss：0.0047110808081924915
02:04:04 : ___train_one_bad_epoch___
02:04:26 : bad_epoch_loss:24.73055471200496	bad_acc:0.7514875743787189
02:05:26 : 正确分类的样本数：47996，样本总数：56000，准确率：0.8570714285714286，ave_loss：0.0040174988098442554
02:05:26 : ___train_one_bad_epoch___
02:05:49 : bad_epoch_loss:24.123231928795576	bad_acc:0.7479873993699685
02:06:47 : __________________train end__________________
02:06:47 : 正确分类的样本数：54722，样本总数：63800，准确率：0.8577115987460815，ave_loss：0.0034177424386143684
02:06:47 : 准确率:0.8577115987460815
02:06:47 : __________________test start__________________
02:07:51 : 正确分类的样本数：22249，样本总数：25520，准确率：0.8718260188087774，ave_loss：0.02313387207686901
02:07:51 : 准确率:0.8718260188087774
02:07:51 : store model
02:07:52 : __________________test end__________________
02:07:52 : train_acc:0.8577115987460815  train_epoch_loss:218.05197143554688  test_acc:0.8718260188087774  test_epoch_loss:590.3764038085938
02:07:52 : ______________________________________________
02:07:52 : ______________________________________________
02:07:52 : _______________train epoch 1 end_______________
02:07:52 : ______________________________________________
02:07:52 : ______________________________________________
02:07:52 : ______________________________________________
02:07:52 : ______________________________________________
02:07:52 : _______________train epoch2 start_______________
02:07:52 : ______________________________________________
02:07:52 : ______________________________________________
02:07:52 : 正确分类的样本数：0，样本总数：0，准确率：0，ave_loss：0
02:07:52 : ___train_one_bad_epoch___
02:08:14 : bad_epoch_loss:23.723688889294863	bad_acc:0.7350367518375919
02:09:14 : 正确分类的样本数：6956，样本总数：8000，准确率：0.8695，ave_loss：0.02696230635046959
02:09:14 : ___train_one_bad_epoch___
02:09:37 : bad_epoch_loss:25.616893894970417	bad_acc:0.7553377668883444
02:10:37 : 正确分类的样本数：13981，样本总数：16000，准确率：0.8738125，ave_loss：0.012752098962664604
02:10:37 : ___train_one_bad_epoch___
02:10:59 : bad_epoch_loss:24.570353440009058	bad_acc:0.719985999299965
02:11:59 : 正确分类的样本数：20929，样本总数：24000，准确率：0.8720416666666667，ave_loss：0.008897870779037476
02:11:59 : ___train_one_bad_epoch___
02:12:22 : bad_epoch_loss:24.15592892281711	bad_acc:0.7399369968498425
02:13:21 : 正确分类的样本数：27910，样本总数：32000，准确率：0.8721875，ave_loss：0.006567502859979868
02:13:21 : ___train_one_bad_epoch___
02:13:44 : bad_epoch_loss:23.51657506544143	bad_acc:0.7451872593629681
02:14:44 : 正确分类的样本数：34915，样本总数：40000，准确率：0.872875，ave_loss：0.0050664437003433704
02:14:44 : ___train_one_bad_epoch___
02:15:06 : bad_epoch_loss:24.39336714334786	bad_acc:0.752187609380469
02:16:06 : 正确分类的样本数：41920，样本总数：48000，准确率：0.8733333333333333，ave_loss：0.004363709595054388
02:16:06 : ___train_one_bad_epoch___
02:16:28 : bad_epoch_loss:21.869624469429255	bad_acc:0.7525376268813441
02:17:28 : 正确分类的样本数：48952，样本总数：56000，准确率：0.8741428571428571，ave_loss：0.0035733538679778576
02:17:28 : ___train_one_bad_epoch___
02:17:51 : bad_epoch_loss:22.1392630469054	bad_acc:0.7500875043752188
02:18:49 : __________________train end__________________
02:18:49 : 正确分类的样本数：55809，样本总数：63800，准确率：0.8747492163009405，ave_loss：0.003064903896301985
02:18:49 : 准确率:0.8747492163009405
02:18:49 : __________________test start__________________
02:19:53 : 正确分类的样本数：22473，样本总数：25520，准确率：0.8806034482758621，ave_loss：0.021284492686390877
02:19:53 : 准确率:0.8806034482758621
02:19:53 : store model
02:19:54 : __________________test end__________________
02:19:54 : train_acc:0.8747492163009405  train_epoch_loss:195.54087829589844  test_acc:0.8806034482758621  test_epoch_loss:543.1802368164062
02:19:54 : ______________________________________________
02:19:54 : ______________________________________________
02:19:54 : _______________train epoch 2 end_______________
02:19:54 : ______________________________________________
02:19:54 : ______________________________________________
02:19:54 : ______________________________________________
02:19:54 : ______________________________________________
02:19:54 : _______________train epoch3 start_______________
02:19:54 : ______________________________________________
02:19:54 : ______________________________________________
02:19:54 : 正确分类的样本数：0，样本总数：0，准确率：0，ave_loss：0
02:19:54 : ___train_one_bad_epoch___
02:20:16 : bad_epoch_loss:23.765366004779935	bad_acc:0.751837591879594
02:21:16 : 正确分类的样本数：7071，样本总数：8000，准确率：0.883875，ave_loss：0.02402183972299099
02:21:16 : ___train_one_bad_epoch___
02:21:39 : bad_epoch_loss:25.10675380565226	bad_acc:0.7458872943647182
02:22:38 : 正确分类的样本数：14095，样本总数：16000，准确率：0.8809375，ave_loss：0.01238497719168663
02:22:38 : ___train_one_bad_epoch___
02:23:01 : bad_epoch_loss:24.331567557528615	bad_acc:0.7213860693034652
02:24:01 : 正确分类的样本数：21155，样本总数：24000，准确率：0.8814583333333333，ave_loss：0.008130841888487339
02:24:01 : ___train_one_bad_epoch___
02:24:23 : bad_epoch_loss:24.00745500344783	bad_acc:0.7623381169058453
02:25:23 : 正确分类的样本数：28196，样本总数：32000，准确率：0.881125，ave_loss：0.006107289344072342
02:25:23 : ___train_one_bad_epoch___
02:25:45 : bad_epoch_loss:25.106769166886806	bad_acc:0.7539376968848442
02:26:45 : 正确分类的样本数：35326，样本总数：40000，准确率：0.88315，ave_loss：0.0046479711309075356
02:26:45 : ___train_one_bad_epoch___
02:27:08 : bad_epoch_loss:25.086714048869908	bad_acc:0.7343367168358418
02:28:07 : 正确分类的样本数：42415，样本总数：48000，准确率：0.8836458333333334，ave_loss：0.0039838943630456924
02:28:07 : ___train_one_bad_epoch___
02:28:30 : bad_epoch_loss:23.76235017552972	bad_acc:0.7388869443472174
02:29:30 : 正确分类的样本数：49556，样本总数：56000，准确率：0.8849285714285714，ave_loss：0.003279775381088257
02:29:30 : ___train_one_bad_epoch___
02:29:52 : bad_epoch_loss:24.17427724506706	bad_acc:0.6989849492474624
02:30:51 : __________________train end__________________
02:30:51 : 正确分类的样本数：56420，样本总数：63800，准确率：0.8843260188087775，ave_loss：0.0029390996787697077
02:30:51 : 准确率:0.8843260188087775
02:30:51 : __________________test start__________________
02:31:55 : 正确分类的样本数：22658，样本总数：25520，准确率：0.8878526645768025，ave_loss：0.01990732178092003
02:31:55 : 准确率:0.8878526645768025
02:31:55 : store model
02:31:55 : __________________test end__________________
02:31:55 : train_acc:0.8843260188087775  train_epoch_loss:187.5145721435547  test_acc:0.8878526645768025  test_epoch_loss:508.03485107421875
02:31:55 : ______________________________________________
02:31:55 : ______________________________________________
02:31:55 : _______________train epoch 3 end_______________
02:31:55 : ______________________________________________
02:31:55 : ______________________________________________
02:31:55 : ______________________________________________
02:31:55 : ______________________________________________
02:31:55 : _______________train epoch4 start_______________
02:31:55 : ______________________________________________
02:31:55 : ______________________________________________
02:31:55 : 正确分类的样本数：0，样本总数：0，准确率：0，ave_loss：0
02:31:55 : ___train_one_bad_epoch___
02:32:18 : bad_epoch_loss:22.572020845487714	bad_acc:0.72033601680084
02:33:18 : 正确分类的样本数：7154，样本总数：8000，准确率：0.89425，ave_loss：0.022026577964425087
02:33:18 : ___train_one_bad_epoch___
02:33:40 : bad_epoch_loss:23.262071032077074	bad_acc:0.6923346167308365
02:34:40 : 正确分类的样本数：14294，样本总数：16000，准确率：0.893375，ave_loss：0.011262909509241581
02:34:40 : ___train_one_bad_epoch___
02:35:02 : bad_epoch_loss:26.166221984662116	bad_acc:0.7213860693034652
02:36:02 : 正确分类的样本数：21402，样本总数：24000，准确率：0.89175，ave_loss：0.007765112444758415
02:36:02 : ___train_one_bad_epoch___
02:36:25 : bad_epoch_loss:26.598087718710303	bad_acc:0.7350367518375919
02:37:24 : 正确分类的样本数：28531，样本总数：32000，准确率：0.89159375，ave_loss：0.005717120599001646
02:37:24 : ___train_one_bad_epoch___
02:37:47 : bad_epoch_loss:24.283919892273843	bad_acc:0.7108855442772138
02:38:46 : 正确分类的样本数：35677，样本总数：40000，准确率：0.891925，ave_loss：0.004519868642091751
02:38:46 : ___train_one_bad_epoch___
02:39:09 : bad_epoch_loss:24.77470262069255	bad_acc:0.7210360518025901
02:40:09 : 正确分类的样本数：42800，样本总数：48000，准确率：0.8916666666666667，ave_loss：0.0038133759517222643
02:40:09 : ___train_one_bad_epoch___
02:40:31 : bad_epoch_loss:23.862749373540282	bad_acc:0.727686384319216
02:41:31 : 正确分类的样本数：49961，样本总数：56000，准确率：0.8921607142857143，ave_loss：0.003160747466608882
02:41:31 : ___train_one_bad_epoch___
02:41:53 : bad_epoch_loss:22.40030348300934	bad_acc:0.7168358417920896
02:42:51 : __________________train end__________________
02:42:51 : 正确分类的样本数：56974，样本总数：63800，准确率：0.8930094043887147，ave_loss：0.0026104736607521772
02:42:51 : 准确率:0.8930094043887147
02:42:51 : __________________test start__________________
02:43:55 : 正确分类的样本数：22850，样本总数：25520，准确率：0.8953761755485894，ave_loss：0.01870625466108322
02:43:55 : 准确率:0.8953761755485894
02:43:55 : store model
02:43:56 : __________________test end__________________
02:43:56 : train_acc:0.8930094043887147  train_epoch_loss:166.5482177734375  test_acc:0.8953761755485894  test_epoch_loss:477.38360595703125
02:43:56 : ______________________________________________
02:43:56 : ______________________________________________
02:43:56 : _______________train epoch 4 end_______________
02:43:56 : ______________________________________________
02:43:56 : ______________________________________________
02:43:56 : ______________________________________________
02:43:56 : ______________________________________________
02:43:56 : _______________train epoch5 start_______________
02:43:56 : ______________________________________________
02:43:56 : ______________________________________________
02:43:56 : 正确分类的样本数：0，样本总数：0，准确率：0，ave_loss：0
02:43:56 : ___train_one_bad_epoch___
02:44:19 : bad_epoch_loss:23.283983607776463	bad_acc:0.7080854042702135
02:45:18 : 正确分类的样本数：7195，样本总数：8000，准确率：0.899375，ave_loss：0.021188508719205856
02:45:18 : ___train_one_bad_epoch___
02:45:41 : bad_epoch_loss:22.644116421230137	bad_acc:0.7126356317815891
02:46:40 : 正确分类的样本数：14376，样本总数：16000，准确率：0.8985，ave_loss：0.010530137456953526
02:46:40 : ___train_one_bad_epoch___
02:47:03 : bad_epoch_loss:25.35977709852159	bad_acc:0.7164858242912145
02:48:02 : 正确分类的样本数：21605，样本总数：24000，准确率：0.9002083333333334，ave_loss：0.006800105795264244
02:48:02 : ___train_one_bad_epoch___
02:48:25 : bad_epoch_loss:25.417713785544038	bad_acc:0.7066853342667133
02:49:24 : 正确分类的样本数：28828，样本总数：32000，准确率：0.900875，ave_loss：0.005371052771806717
02:49:24 : ___train_one_bad_epoch___
02:49:47 : bad_epoch_loss:24.140512506477535	bad_acc:0.7052852642632131
02:50:46 : 正确分类的样本数：36088，样本总数：40000，准确率：0.9022，ave_loss：0.004053518176078796
02:50:46 : ___train_one_bad_epoch___
02:51:09 : bad_epoch_loss:23.013463544659317	bad_acc:0.7094854742737137
02:52:08 : 正确分类的样本数：43260，样本总数：48000，准确率：0.90125，ave_loss：0.00356730236671865
02:52:08 : ___train_one_bad_epoch___
02:52:31 : bad_epoch_loss:23.942537582479417	bad_acc:0.6576828841442072
02:53:31 : 正确分类的样本数：50499，样本总数：56000，准确率：0.9017678571428571，ave_loss：0.00299022626131773
02:53:31 : ___train_one_bad_epoch___
02:53:53 : bad_epoch_loss:21.770560711389408	bad_acc:0.6972348617430871
02:54:51 : __________________train end__________________
02:54:51 : 正确分类的样本数：57555，样本总数：63800，准确率：0.902115987460815，ave_loss：0.002532423008233309
02:54:51 : 准确率:0.902115987460815
02:54:51 : __________________test start__________________
02:55:55 : 正确分类的样本数：22962，样本总数：25520，准确率：0.8997648902821317，ave_loss：0.018022330477833748
02:55:55 : 准确率:0.8997648902821317
02:55:55 : store model
02:55:56 : __________________test end__________________
02:55:56 : train_acc:0.902115987460815  train_epoch_loss:161.56858825683594  test_acc:0.8997648902821317  test_epoch_loss:459.92987060546875
02:55:56 : ______________________________________________
02:55:56 : ______________________________________________
02:55:56 : _______________train epoch 5 end_______________
02:55:56 : ______________________________________________
02:55:56 : ______________________________________________
02:55:56 : ______________________________________________
02:55:56 : ______________________________________________
02:55:56 : _______________train epoch6 start_______________
02:55:56 : ______________________________________________
02:55:56 : ______________________________________________
02:55:56 : 正确分类的样本数：0，样本总数：0，准确率：0，ave_loss：0
02:55:56 : ___train_one_bad_epoch___
02:56:19 : bad_epoch_loss:23.373374685645103	bad_acc:0.6940847042352117
02:57:18 : 正确分类的样本数：7267，样本总数：8000，准确率：0.908375，ave_loss：0.019651608541607857
02:57:18 : ___train_one_bad_epoch___
02:57:41 : bad_epoch_loss:24.67310329247266	bad_acc:0.688484424221211
02:58:40 : 正确分类的样本数：14530，样本总数：16000，准确率：0.908125，ave_loss：0.010188035666942596
02:58:40 : ___train_one_bad_epoch___
02:59:03 : bad_epoch_loss:22.350983743555844	bad_acc:0.664683234161708
03:00:03 : 正确分类的样本数：21822，样本总数：24000，准确率：0.90925，ave_loss：0.006343664135783911
03:00:03 : ___train_one_bad_epoch___
03:00:25 : bad_epoch_loss:23.655898502096534	bad_acc:0.6660833041652082
03:01:25 : 正确分类的样本数：29044，样本总数：32000，准确率：0.907625，ave_loss：0.005040173884481192
03:01:25 : ___train_one_bad_epoch___
03:01:47 : bad_epoch_loss:23.189613963942975	bad_acc:0.656282814140707
03:02:47 : 正确分类的样本数：36323，样本总数：40000，准确率：0.908075，ave_loss：0.0038529059384018183
03:02:47 : ___train_one_bad_epoch___
03:03:09 : bad_epoch_loss:22.67861518729478	bad_acc:0.6531326566328316
03:04:09 : 正确分类的样本数：43598，样本总数：48000，准确率：0.9082916666666667，ave_loss：0.0032483628019690514
03:04:09 : ___train_one_bad_epoch___
03:04:31 : bad_epoch_loss:24.98983890656382	bad_acc:0.6552327616380819
03:05:31 : 正确分类的样本数：50864，样本总数：56000，准确率：0.9082857142857143，ave_loss：0.002833012491464615
03:05:31 : ___train_one_bad_epoch___
03:05:54 : bad_epoch_loss:20.819975645281374	bad_acc:0.6611830591529576
03:06:52 : __________________train end__________________
03:06:52 : 正确分类的样本数：57962，样本总数：63800，准确率：0.9084952978056426，ave_loss：0.0023595690727233887
03:06:52 : 准确率:0.9084952978056426
03:06:52 : __________________test start__________________
03:07:56 : 正确分类的样本数：23134，样本总数：25520，准确率：0.9065047021943574，ave_loss：0.017112446948885918
03:07:56 : 准确率:0.9065047021943574
03:07:56 : store model
03:07:57 : __________________test end__________________
03:07:57 : train_acc:0.9084952978056426  train_epoch_loss:150.54051208496094  test_acc:0.9065047021943574  test_epoch_loss:436.70965576171875
03:07:57 : ______________________________________________
03:07:57 : ______________________________________________
03:07:57 : _______________train epoch 6 end_______________
03:07:57 : ______________________________________________
03:07:57 : ______________________________________________
03:07:57 : ______________________________________________
03:07:57 : ______________________________________________
03:07:57 : _______________train epoch7 start_______________
03:07:57 : ______________________________________________
03:07:57 : ______________________________________________
03:07:57 : 正确分类的样本数：0，样本总数：0，准确率：0，ave_loss：0
03:07:57 : ___train_one_bad_epoch___
03:08:19 : bad_epoch_loss:21.9563683536835	bad_acc:0.656632831641582
03:09:19 : 正确分类的样本数：7269，样本总数：8000，准确率：0.908625，ave_loss：0.019152719527482986
03:09:19 : ___train_one_bad_epoch___
03:09:41 : bad_epoch_loss:22.605392147554085	bad_acc:0.6478823941197059
03:10:41 : 正确分类的样本数：14602，样本总数：16000，准确率：0.912625，ave_loss：0.00927013624459505
03:10:41 : ___train_one_bad_epoch___
03:11:03 : bad_epoch_loss:22.532523691188544	bad_acc:0.6545327266363318
03:12:03 : 正确分类的样本数：21935，样本总数：24000，准确率：0.9139583333333333，ave_loss：0.006020391825586557
03:12:03 : ___train_one_bad_epoch___
03:12:25 : bad_epoch_loss:23.44462819537148	bad_acc:0.648582429121456
03:13:25 : 正确分类的样本数：29251，样本总数：32000，准确率：0.91409375，ave_loss：0.0045972662046551704
03:13:25 : ___train_one_bad_epoch___
03:13:47 : bad_epoch_loss:20.82881885021925	bad_acc:0.6440322016100805
03:14:47 : 正确分类的样本数：36591，样本总数：40000，准确率：0.914775，ave_loss：0.003570595057681203
03:14:47 : ___train_one_bad_epoch___
03:15:09 : bad_epoch_loss:21.97769613028504	bad_acc:0.6184809240462024
03:16:09 : 正确分类的样本数：43896，样本总数：48000，准确率：0.9145，ave_loss：0.0030969243962317705
03:16:09 : ___train_one_bad_epoch___
03:16:31 : bad_epoch_loss:20.65032641752623	bad_acc:0.6457822891144557
03:17:31 : 正确分类的样本数：51186，样本总数：56000，准确率：0.9140357142857143，ave_loss：0.0026293464470654726
03:17:31 : ___train_one_bad_epoch___
03:17:53 : bad_epoch_loss:20.72109893988818	bad_acc:0.6226811340567029
03:18:52 : __________________train end__________________
03:18:52 : 正确分类的样本数：58302，样本总数：63800，准确率：0.9138244514106583，ave_loss：0.0022449905518442392
03:18:52 : 准确率:0.9138244514106583
03:18:52 : __________________test start__________________
03:19:55 : 正确分类的样本数：23246，样本总数：25520，准确率：0.9108934169278997，ave_loss：0.016393456608057022
03:19:55 : 准确率:0.9108934169278997
03:19:55 : store model
03:19:56 : __________________test end__________________
03:19:56 : train_acc:0.9138244514106583  train_epoch_loss:143.23040771484375  test_acc:0.9108934169278997  test_epoch_loss:418.36102294921875
03:19:56 : ______________________________________________
03:19:56 : ______________________________________________
03:19:56 : _______________train epoch 7 end_______________
03:19:56 : ______________________________________________
03:19:56 : ______________________________________________
03:19:56 : ______________________________________________
03:19:56 : ______________________________________________
03:19:56 : _______________train epoch8 start_______________
03:19:56 : ______________________________________________
03:19:56 : ______________________________________________
03:19:56 : 正确分类的样本数：0，样本总数：0，准确率：0，ave_loss：0
03:19:56 : ___train_one_bad_epoch___
03:20:18 : bad_epoch_loss:22.012481483863667	bad_acc:0.6100805040252013
03:21:18 : 正确分类的样本数：7362，样本总数：8000，准确率：0.92025，ave_loss：0.017579371109604836
03:21:18 : ___train_one_bad_epoch___
03:21:40 : bad_epoch_loss:22.700668533798307	bad_acc:0.6149807490374519
03:22:40 : 正确分类的样本数：14730，样本总数：16000，准确率：0.920625，ave_loss：0.008630634285509586
03:22:40 : ___train_one_bad_epoch___
03:23:02 : bad_epoch_loss:23.107939805369824	bad_acc:0.6230311515575779
03:24:02 : 正确分类的样本数：22082，样本总数：24000，准确率：0.9200833333333334，ave_loss：0.005912025459110737
03:24:02 : ___train_one_bad_epoch___
03:24:24 : bad_epoch_loss:21.237585935159586	bad_acc:0.6107805390269514
03:25:24 : 正确分类的样本数：29376，样本总数：32000，准确率：0.918，ave_loss：0.004524108953773975
03:25:24 : ___train_one_bad_epoch___
03:25:46 : bad_epoch_loss:24.15603249054402	bad_acc:0.615680784039202
03:26:46 : 正确分类的样本数：36756，样本总数：40000，准确率：0.9189，ave_loss：0.003514043055474758
03:26:46 : ___train_one_bad_epoch___
03:27:08 : bad_epoch_loss:21.194590372266248	bad_acc:0.5985299264963249
03:28:08 : 正确分类的样本数：44127，样本总数：48000，准确率：0.9193125，ave_loss：0.002884113695472479
03:28:08 : ___train_one_bad_epoch___
03:28:30 : bad_epoch_loss:20.711938326712698	bad_acc:0.5908295414770739
03:29:30 : 正确分类的样本数：51492，样本总数：56000，准确率：0.9195，ave_loss：0.002464979887008667
03:29:30 : ___train_one_bad_epoch___
03:29:52 : bad_epoch_loss:22.791605436475947	bad_acc:0.5939796989849493
03:30:50 : __________________train end__________________
03:30:50 : 正确分类的样本数：58702，样本总数：63800，准确率：0.9200940438871473，ave_loss：0.002066770102828741
03:30:50 : 准确率:0.9200940438871473
03:30:50 : __________________test start__________________
03:31:54 : 正确分类的样本数：23308，样本总数：25520，准确率：0.9133228840125391，ave_loss：0.01591193675994873
03:31:54 : 准确率:0.9133228840125391
03:31:54 : store model
03:31:55 : __________________test end__________________
03:31:55 : train_acc:0.9200940438871473  train_epoch_loss:131.8599395751953  test_acc:0.9133228840125391  test_epoch_loss:406.0726318359375
03:31:55 : ______________________________________________
03:31:55 : ______________________________________________
03:31:55 : _______________train epoch 8 end_______________
03:31:55 : ______________________________________________
03:31:55 : ______________________________________________
03:31:55 : ______________________________________________
03:31:55 : ______________________________________________
03:31:55 : _______________train epoch9 start_______________
03:31:55 : ______________________________________________
03:31:55 : ______________________________________________
03:31:55 : 正确分类的样本数：0，样本总数：0，准确率：0，ave_loss：0
03:31:55 : ___train_one_bad_epoch___
03:32:17 : bad_epoch_loss:19.715746397851035	bad_acc:0.5939796989849493
03:33:17 : 正确分类的样本数：7401，样本总数：8000，准确率：0.925125，ave_loss：0.016533609479665756
03:33:17 : ___train_one_bad_epoch___
03:33:39 : bad_epoch_loss:19.25104119651951	bad_acc:0.5785789289464474
03:34:39 : 正确分类的样本数：14812，样本总数：16000，准确率：0.92575，ave_loss：0.007896057330071926
03:34:39 : ___train_one_bad_epoch___
03:35:01 : bad_epoch_loss:23.355499498778954	bad_acc:0.5799789989499475
03:36:01 : 正确分类的样本数：22173，样本总数：24000，准确率：0.923875，ave_loss：0.005783324595540762
03:36:01 : ___train_one_bad_epoch___
03:36:23 : bad_epoch_loss:20.66917439061217	bad_acc:0.5831291564578229
03:37:23 : 正确分类的样本数：29562，样本总数：32000，准确率：0.9238125，ave_loss：0.004112101159989834
03:37:23 : ___train_one_bad_epoch___
03:37:45 : bad_epoch_loss:21.677179277176037	bad_acc:0.5764788239411971
03:38:45 : 正确分类的样本数：36956，样本总数：40000，准确率：0.9239，ave_loss：0.003267318243160844
03:38:45 : ___train_one_bad_epoch___
03:39:07 : bad_epoch_loss:20.602358108619228	bad_acc:0.5607280364018201
03:40:07 : 正确分类的样本数：44318，样本总数：48000，准确率：0.9232916666666666，ave_loss：0.0028395294211804867
03:40:07 : ___train_one_bad_epoch___
03:40:29 : bad_epoch_loss:21.16050497069955	bad_acc:0.5551277563878194
03:41:29 : 正确分类的样本数：51697，样本总数：56000，准确率：0.9231607142857143，ave_loss：0.0024017230607569218
03:41:29 : ___train_one_bad_epoch___
03:41:51 : bad_epoch_loss:19.911777180619538	bad_acc:0.5624781239061953
03:42:49 : __________________train end__________________
03:42:49 : 正确分类的样本数：58912，样本总数：63800，准确率：0.9233855799373041，ave_loss：0.001977236708626151
03:42:49 : 准确率:0.9233855799373041
03:42:49 : __________________test start__________________
03:43:53 : 正确分类的样本数：23404，样本总数：25520，准确率：0.9170846394984326，ave_loss：0.015531632117927074
03:43:53 : 准确率:0.9170846394984326
03:43:53 : store model
03:43:54 : __________________test end__________________
03:43:54 : train_acc:0.9233855799373041  train_epoch_loss:126.14771270751953  test_acc:0.9170846394984326  test_epoch_loss:396.36724853515625
03:43:54 : ______________________________________________
03:43:54 : ______________________________________________
03:43:54 : _______________train epoch 9 end_______________
03:43:54 : ______________________________________________
03:43:54 : ______________________________________________
