11:41:34 : ______________________________________________
11:41:34 : ______________________________________________
11:41:34 : _______________train epoch0 start_______________
11:41:34 : ______________________________________________
11:41:34 : ______________________________________________
11:46:49 : ______________________________________________
11:46:49 : ______________________________________________
11:46:49 : _______________train epoch0 start_______________
11:46:49 : ______________________________________________
11:46:49 : ______________________________________________
11:48:25 : ______________________________________________
11:48:25 : ______________________________________________
11:48:25 : _______________train epoch0 start_______________
11:48:25 : ______________________________________________
11:48:25 : ______________________________________________
11:49:15 : ______________________________________________
11:49:15 : ______________________________________________
11:49:15 : _______________train epoch0 start_______________
11:49:15 : ______________________________________________
11:49:15 : ______________________________________________
11:50:15 : ______________________________________________
11:50:15 : ______________________________________________
11:50:15 : _______________train epoch0 start_______________
11:50:15 : ______________________________________________
11:50:15 : ______________________________________________
11:51:07 : ______________________________________________
11:51:07 : ______________________________________________
11:51:07 : _______________train epoch0 start_______________
11:51:07 : ______________________________________________
11:51:07 : ______________________________________________
11:51:46 : ______________________________________________
11:51:46 : ______________________________________________
11:51:46 : _______________train epoch0 start_______________
11:51:46 : ______________________________________________
11:51:46 : ______________________________________________
11:52:15 : ______________________________________________
11:52:15 : ______________________________________________
11:52:15 : _______________train epoch0 start_______________
11:52:15 : ______________________________________________
11:52:15 : ______________________________________________
11:52:31 : ______________________________________________
11:52:31 : ______________________________________________
11:52:31 : _______________train epoch0 start_______________
11:52:31 : ______________________________________________
11:52:31 : ______________________________________________
11:52:44 : ______________________________________________
11:52:44 : ______________________________________________
11:52:44 : _______________train epoch0 start_______________
11:52:44 : ______________________________________________
11:52:44 : ______________________________________________
11:52:59 : ______________________________________________
11:52:59 : ______________________________________________
11:52:59 : _______________train epoch0 start_______________
11:52:59 : ______________________________________________
11:52:59 : ______________________________________________
11:55:17 : ______________________________________________
11:55:17 : ______________________________________________
11:55:17 : _______________train epoch0 start_______________
11:55:17 : ______________________________________________
11:55:17 : ______________________________________________
12:03:16 : ______________________________________________
12:03:16 : ______________________________________________
12:03:16 : _______________train epoch0 start_______________
12:03:16 : ______________________________________________
12:03:16 : ______________________________________________
12:03:26 : ______________________________________________
12:03:26 : ______________________________________________
12:03:26 : _______________train epoch0 start_______________
12:03:26 : ______________________________________________
12:03:26 : ______________________________________________
12:19:12 : ______________________________________________
12:19:12 : ______________________________________________
12:19:12 : _______________train epoch0 start_______________
12:19:12 : ______________________________________________
12:19:12 : ______________________________________________
12:21:54 : ______________________________________________
12:21:54 : ______________________________________________
12:21:54 : _______________train epoch0 start_______________
12:21:54 : ______________________________________________
12:21:54 : ______________________________________________
12:22:45 : ______________________________________________
12:22:45 : ______________________________________________
12:22:45 : _______________train epoch0 start_______________
12:22:45 : ______________________________________________
12:22:45 : ______________________________________________
12:23:15 : ______________________________________________
12:23:15 : ______________________________________________
12:23:15 : _______________train epoch0 start_______________
12:23:15 : ______________________________________________
12:23:15 : ______________________________________________
12:24:20 : ______________________________________________
12:24:20 : ______________________________________________
12:24:20 : _______________train epoch0 start_______________
12:24:20 : ______________________________________________
12:24:20 : ______________________________________________
12:39:20 : ______________________________________________
12:39:20 : ______________________________________________
12:39:20 : _______________train epoch0 start_______________
12:39:20 : ______________________________________________
12:39:20 : ______________________________________________
12:39:29 : ______________________________________________
12:39:29 : ______________________________________________
12:39:29 : _______________train epoch0 start_______________
12:39:29 : ______________________________________________
12:39:29 : ______________________________________________
12:40:12 : ______________________________________________
12:40:12 : ______________________________________________
12:40:12 : _______________train epoch0 start_______________
12:40:12 : ______________________________________________
12:40:12 : ______________________________________________
12:41:40 : ______________________________________________
12:41:40 : ______________________________________________
12:41:40 : _______________train epoch0 start_______________
12:41:40 : ______________________________________________
12:41:40 : ______________________________________________
12:44:33 : ______________________________________________
12:44:33 : ______________________________________________
12:44:33 : _______________train epoch0 start_______________
12:44:33 : ______________________________________________
12:44:33 : ______________________________________________
12:49:47 : ______________________________________________
12:49:47 : ______________________________________________
12:49:47 : _______________train epoch0 start_______________
12:49:47 : ______________________________________________
12:49:47 : ______________________________________________
13:15:16 : ______________________________________________
13:15:16 : ______________________________________________
13:15:16 : _______________train epoch0 start_______________
13:15:16 : ______________________________________________
13:15:16 : ______________________________________________
13:16:52 : ______________________________________________
13:16:52 : ______________________________________________
13:16:52 : _______________train epoch0 start_______________
13:16:52 : ______________________________________________
13:16:52 : ______________________________________________
13:18:14 : ______________________________________________
13:18:14 : ______________________________________________
13:18:14 : _______________train epoch0 start_______________
13:18:14 : ______________________________________________
13:18:14 : ______________________________________________
13:20:23 : ______________________________________________
13:20:23 : ______________________________________________
13:20:23 : _______________train epoch0 start_______________
13:20:23 : ______________________________________________
13:20:23 : ______________________________________________
13:21:45 : ______________________________________________
13:21:45 : ______________________________________________
13:21:45 : _______________train epoch0 start_______________
13:21:45 : ______________________________________________
13:21:45 : ______________________________________________
13:22:18 : ______________________________________________
13:22:18 : ______________________________________________
13:22:18 : _______________train epoch0 start_______________
13:22:18 : ______________________________________________
13:22:18 : ______________________________________________
13:23:32 : ______________________________________________
13:23:32 : ______________________________________________
13:23:32 : _______________train epoch0 start_______________
13:23:32 : ______________________________________________
13:23:32 : ______________________________________________
13:26:07 : ______________________________________________
13:26:07 : ______________________________________________
13:26:07 : _______________train epoch0 start_______________
13:26:07 : ______________________________________________
13:26:07 : ______________________________________________
13:27:58 : ______________________________________________
13:27:58 : ______________________________________________
13:27:58 : _______________train epoch0 start_______________
13:27:58 : ______________________________________________
13:27:58 : ______________________________________________
13:29:05 : ______________________________________________
13:29:05 : ______________________________________________
13:29:05 : _______________train epoch0 start_______________
13:29:05 : ______________________________________________
13:29:05 : ______________________________________________
13:30:13 : ______________________________________________
13:30:13 : ______________________________________________
13:30:13 : _______________train epoch0 start_______________
13:30:13 : ______________________________________________
13:30:13 : ______________________________________________
13:31:25 : ______________________________________________
13:31:25 : ______________________________________________
13:31:25 : _______________train epoch0 start_______________
13:31:25 : ______________________________________________
13:31:25 : ______________________________________________
13:32:09 : ______________________________________________
13:32:09 : ______________________________________________
13:32:09 : _______________train epoch0 start_______________
13:32:09 : ______________________________________________
13:32:09 : ______________________________________________
14:59:34 : ______________________________________________
14:59:34 : ______________________________________________
14:59:34 : _______________train epoch0 start_______________
14:59:34 : ______________________________________________
14:59:34 : ______________________________________________
15:02:52 : ______________________________________________
15:02:52 : ______________________________________________
15:02:52 : _______________train epoch0 start_______________
15:02:52 : ______________________________________________
15:02:52 : ______________________________________________
15:04:03 : ______________________________________________
15:04:03 : ______________________________________________
15:04:03 : _______________train epoch0 start_______________
15:04:03 : ______________________________________________
15:04:03 : ______________________________________________
15:12:22 : __________________train end__________________
15:12:22 : 正确分类的样本数：49541，样本总数：63800，准确率：0.7765047021943574，ave_loss：0.054536040872335434
15:12:22 : 准确率:0.7765047021943574
15:12:22 : __________________test start__________________
15:12:54 : 正确分类的样本数：10800，样本总数：12760，准确率：0.8463949843260188，ave_loss：0.033111460506916046
15:12:54 : 准确率:0.8463949843260188
15:12:54 : store model
15:12:54 : train_acc:0.7765047021943574  train_epoch_loss:3479.3994140625  test_acc:0.8463949843260188  test_epoch_loss:422.5022277832031
15:12:54 : __________________test end__________________
15:12:54 : ______________________________________________
15:12:54 : ______________________________________________
15:12:54 : _______________train epoch 0 end_______________
15:12:54 : ______________________________________________
15:12:54 : ______________________________________________
15:12:54 : ______________________________________________
15:12:54 : ______________________________________________
15:12:54 : _______________train epoch1 start_______________
15:12:54 : ______________________________________________
15:12:54 : ______________________________________________
15:14:15 : ______________________________________________
15:14:15 : ______________________________________________
15:14:15 : _______________train epoch0 start_______________
15:14:15 : ______________________________________________
15:14:15 : ______________________________________________
15:15:07 : ______________________________________________
15:15:07 : ______________________________________________
15:15:07 : _______________train epoch0 start_______________
15:15:07 : ______________________________________________
15:15:07 : ______________________________________________
15:23:07 : __________________train end__________________
15:23:07 : 正确分类的样本数：49362，样本总数：63800，准确率：0.7736990595611285，ave_loss：0.054520100355148315
15:23:07 : 准确率:0.7736990595611285
15:23:07 : __________________test start__________________
15:23:39 : 正确分类的样本数：10818，样本总数：12760，准确率：0.8478056426332289，ave_loss：0.03253014758229256
15:23:39 : 准确率:0.8478056426332289
15:23:39 : store model
15:23:39 : train_acc:0.7736990595611285  train_epoch_loss:3478.382568359375  test_acc:0.8478056426332289  test_epoch_loss:415.0846862792969
15:23:39 : __________________test end__________________
15:23:39 : ______________________________________________
15:23:39 : ______________________________________________
15:23:39 : _______________train epoch 0 end_______________
15:23:39 : ______________________________________________
15:23:39 : ______________________________________________
15:23:39 : ______________________________________________
15:23:39 : ______________________________________________
15:23:39 : _______________train epoch1 start_______________
15:23:39 : ______________________________________________
15:23:39 : ______________________________________________
15:31:53 : __________________train end__________________
15:31:53 : 正确分类的样本数：53942，样本总数：63800，准确率：0.8454858934169279，ave_loss：0.03961151838302612
15:31:53 : 准确率:0.8454858934169279
15:31:53 : __________________test start__________________
15:32:25 : 正确分类的样本数：10937，样本总数：12760，准确率：0.8571316614420063，ave_loss：0.02958005666732788
15:32:25 : 准确率:0.8571316614420063
15:32:25 : store model
15:32:25 : train_acc:0.8454858934169279  train_epoch_loss:2527.21484375  test_acc:0.8571316614420063  test_epoch_loss:377.4415283203125
15:32:25 : __________________test end__________________
15:32:25 : ______________________________________________
15:32:25 : ______________________________________________
15:32:25 : _______________train epoch 1 end_______________
15:32:25 : ______________________________________________
15:32:25 : ______________________________________________
15:32:25 : ______________________________________________
15:32:25 : ______________________________________________
15:32:25 : _______________train epoch2 start_______________
15:32:25 : ______________________________________________
15:32:25 : ______________________________________________
15:40:26 : __________________train end__________________
15:40:26 : 正确分类的样本数：54981，样本总数：63800，准确率：0.8617711598746082，ave_loss：0.03132377937436104
15:40:26 : 准确率:0.8617711598746082
15:40:26 : __________________test start__________________
15:40:57 : 正确分类的样本数：11084，样本总数：12760，准确率：0.8686520376175548，ave_loss：0.02591589279472828
15:40:57 : 准确率:0.8686520376175548
15:40:57 : store model
15:40:58 : train_acc:0.8617711598746082  train_epoch_loss:1998.457275390625  test_acc:0.8686520376175548  test_epoch_loss:330.6867980957031
15:40:58 : __________________test end__________________
15:40:58 : ______________________________________________
15:40:58 : ______________________________________________
15:40:58 : _______________train epoch 2 end_______________
15:40:58 : ______________________________________________
15:40:58 : ______________________________________________
15:40:58 : ______________________________________________
15:40:58 : ______________________________________________
15:40:58 : _______________train epoch3 start_______________
15:40:58 : ______________________________________________
15:40:58 : ______________________________________________
15:48:58 : __________________train end__________________
15:48:58 : 正确分类的样本数：55791，样本总数：63800，准确率：0.8744670846394984，ave_loss：0.02724805660545826
15:48:58 : 准确率:0.8744670846394984
15:48:58 : __________________test start__________________
15:49:30 : 正确分类的样本数：11147，样本总数：12760，准确率：0.87358934169279，ave_loss：0.02442995086312294
15:49:30 : 准确率:0.87358934169279
15:49:30 : store model
15:49:31 : train_acc:0.8744670846394984  train_epoch_loss:1738.426025390625  test_acc:0.87358934169279  test_epoch_loss:311.7261657714844
15:49:31 : __________________test end__________________
15:49:31 : ______________________________________________
15:49:31 : ______________________________________________
15:49:31 : _______________train epoch 3 end_______________
15:49:31 : ______________________________________________
15:49:31 : ______________________________________________
15:49:31 : ______________________________________________
15:49:31 : ______________________________________________
15:49:31 : _______________train epoch4 start_______________
15:49:31 : ______________________________________________
15:49:31 : ______________________________________________
15:57:30 : __________________train end__________________
15:57:30 : 正确分类的样本数：56225，样本总数：63800，准确率：0.8812695924764891，ave_loss：0.025064023211598396
15:57:30 : 准确率:0.8812695924764891
15:57:30 : __________________test start__________________
15:58:02 : 正确分类的样本数：11198，样本总数：12760，准确率：0.8775862068965518，ave_loss：0.02379087544977665
15:58:02 : 准确率:0.8775862068965518
15:58:02 : store model
15:58:02 : train_acc:0.8812695924764891  train_epoch_loss:1599.084716796875  test_acc:0.8775862068965518  test_epoch_loss:303.5715637207031
15:58:02 : __________________test end__________________
15:58:02 : ______________________________________________
15:58:02 : ______________________________________________
15:58:02 : _______________train epoch 4 end_______________
15:58:02 : ______________________________________________
15:58:02 : ______________________________________________
15:58:02 : ______________________________________________
15:58:02 : ______________________________________________
15:58:02 : _______________train epoch5 start_______________
15:58:02 : ______________________________________________
15:58:02 : ______________________________________________
16:06:01 : __________________train end__________________
16:06:01 : 正确分类的样本数：56698，样本总数：63800，准确率：0.8886833855799373，ave_loss：0.023623796179890633
16:06:01 : 准确率:0.8886833855799373
16:06:01 : __________________test start__________________
16:06:32 : 正确分类的样本数：11234，样本总数：12760，准确率：0.8804075235109717，ave_loss：0.023286866024136543
16:06:32 : 准确率:0.8804075235109717
16:06:32 : store model
16:06:33 : train_acc:0.8886833855799373  train_epoch_loss:1507.1982421875  test_acc:0.8804075235109717  test_epoch_loss:297.1404113769531
16:06:33 : __________________test end__________________
16:06:33 : ______________________________________________
16:06:33 : ______________________________________________
16:06:33 : _______________train epoch 5 end_______________
16:06:33 : ______________________________________________
16:06:33 : ______________________________________________
16:06:33 : ______________________________________________
16:06:33 : ______________________________________________
16:06:33 : _______________train epoch6 start_______________
16:06:33 : ______________________________________________
16:06:33 : ______________________________________________
16:14:32 : __________________train end__________________
16:14:32 : 正确分类的样本数：57166，样本总数：63800，准确率：0.8960188087774295，ave_loss：0.021690620109438896
16:14:32 : 准确率:0.8960188087774295
16:14:32 : __________________test start__________________
16:15:03 : 正确分类的样本数：11255，样本总数：12760，准确率：0.8820532915360502，ave_loss：0.022800082340836525
16:15:03 : 准确率:0.8820532915360502
16:15:03 : store model
16:15:04 : train_acc:0.8960188087774295  train_epoch_loss:1383.861572265625  test_acc:0.8820532915360502  test_epoch_loss:290.9290466308594
16:15:04 : __________________test end__________________
16:15:04 : ______________________________________________
16:15:04 : ______________________________________________
16:15:04 : _______________train epoch 6 end_______________
16:15:04 : ______________________________________________
16:15:04 : ______________________________________________
16:15:04 : ______________________________________________
16:15:04 : ______________________________________________
16:15:04 : _______________train epoch7 start_______________
16:15:04 : ______________________________________________
16:15:04 : ______________________________________________
16:23:03 : __________________train end__________________
16:23:03 : 正确分类的样本数：57396，样本总数：63800，准确率：0.8996238244514106，ave_loss：0.02058379165828228
16:23:03 : 准确率:0.8996238244514106
16:23:03 : __________________test start__________________
16:23:34 : 正确分类的样本数：11296，样本总数：12760，准确率：0.8852664576802508，ave_loss：0.022563695907592773
16:23:34 : 准确率:0.8852664576802508
16:23:34 : store model
16:23:35 : train_acc:0.8996238244514106  train_epoch_loss:1313.2459716796875  test_acc:0.8852664576802508  test_epoch_loss:287.9127502441406
16:23:35 : __________________test end__________________
16:23:35 : ______________________________________________
16:23:35 : ______________________________________________
16:23:35 : _______________train epoch 7 end_______________
16:23:35 : ______________________________________________
16:23:35 : ______________________________________________
16:23:35 : ______________________________________________
16:23:35 : ______________________________________________
16:23:35 : _______________train epoch8 start_______________
16:23:35 : ______________________________________________
16:23:35 : ______________________________________________
16:31:34 : __________________train end__________________
16:31:34 : 正确分类的样本数：57760，样本总数：63800，准确率：0.9053291536050156，ave_loss：0.01959075778722763
16:31:34 : 准确率:0.9053291536050156
16:31:34 : __________________test start__________________
16:32:05 : 正确分类的样本数：11333，样本总数：12760，准确率：0.888166144200627，ave_loss：0.0220106840133667
16:32:05 : 准确率:0.888166144200627
16:32:05 : store model
16:32:06 : train_acc:0.9053291536050156  train_epoch_loss:1249.890380859375  test_acc:0.888166144200627  test_epoch_loss:280.8563232421875
16:32:06 : __________________test end__________________
16:32:06 : ______________________________________________
16:32:06 : ______________________________________________
16:32:06 : _______________train epoch 8 end_______________
16:32:06 : ______________________________________________
16:32:06 : ______________________________________________
16:32:06 : ______________________________________________
16:32:06 : ______________________________________________
16:32:06 : _______________train epoch9 start_______________
16:32:06 : ______________________________________________
16:32:06 : ______________________________________________
16:40:05 : __________________train end__________________
16:40:05 : 正确分类的样本数：58099，样本总数：63800，准确率：0.9106426332288401，ave_loss：0.018089041113853455
16:40:05 : 准确率:0.9106426332288401
16:40:05 : __________________test start__________________
16:40:36 : 正确分类的样本数：11336，样本总数：12760，准确率：0.8884012539184953，ave_loss：0.021563179790973663
16:40:36 : 准确率:0.8884012539184953
16:40:36 : store model
16:40:37 : train_acc:0.9106426332288401  train_epoch_loss:1154.080810546875  test_acc:0.8884012539184953  test_epoch_loss:275.14617919921875
16:40:37 : __________________test end__________________
16:40:37 : ______________________________________________
16:40:37 : ______________________________________________
16:40:37 : _______________train epoch 9 end_______________
16:40:37 : ______________________________________________
16:40:37 : ______________________________________________
16:42:13 : ______________________________________________
16:42:13 : ______________________________________________
16:42:13 : _______________train epoch0 start_______________
16:42:13 : ______________________________________________
16:42:13 : ______________________________________________
16:50:12 : __________________train end__________________
16:50:12 : 正确分类的样本数：58337，样本总数：63800，准确率：0.9143730407523512，ave_loss：0.016525592654943466
16:50:12 : 准确率:0.9143730407523512
16:50:12 : __________________test start__________________
16:50:44 : 正确分类的样本数：11365，样本总数：12760，准确率：0.8906739811912225，ave_loss：0.021307002753019333
16:50:44 : 准确率:0.8906739811912225
16:50:44 : store model
16:50:44 : train_acc:0.9143730407523512  train_epoch_loss:1054.3328857421875  test_acc:0.8906739811912225  test_epoch_loss:271.8773498535156
16:50:44 : __________________test end__________________
16:50:44 : ______________________________________________
16:50:44 : ______________________________________________
16:50:44 : _______________train epoch 0 end_______________
16:50:44 : ______________________________________________
16:50:44 : ______________________________________________
16:50:44 : ______________________________________________
16:50:44 : ______________________________________________
16:50:44 : _______________train epoch1 start_______________
16:50:44 : ______________________________________________
16:50:44 : ______________________________________________
16:58:44 : __________________train end__________________
16:58:44 : 正确分类的样本数：58664，样本总数：63800，准确率：0.9194984326018809，ave_loss：0.015357986092567444
16:58:44 : 准确率:0.9194984326018809
16:58:44 : __________________test start__________________
16:59:16 : 正确分类的样本数：11333，样本总数：12760，准确率：0.888166144200627，ave_loss：0.021372416988015175
16:59:16 : 准确率:0.888166144200627
16:59:16 : train_acc:0.9194984326018809  train_epoch_loss:979.8395385742188  test_acc:0.888166144200627  test_epoch_loss:272.7120361328125
16:59:16 : __________________test end__________________
16:59:16 : ______________________________________________
16:59:16 : ______________________________________________
16:59:16 : _______________train epoch 1 end_______________
16:59:16 : ______________________________________________
16:59:16 : ______________________________________________
16:59:16 : ______________________________________________
16:59:16 : ______________________________________________
16:59:16 : _______________train epoch2 start_______________
16:59:16 : ______________________________________________
16:59:16 : ______________________________________________
17:07:15 : __________________train end__________________
17:07:15 : 正确分类的样本数：58867，样本总数：63800，准确率：0.9226802507836991，ave_loss：0.01452120952308178
17:07:15 : 准确率:0.9226802507836991
17:07:15 : __________________test start__________________
17:07:47 : 正确分类的样本数：11362，样本总数：12760，准确率：0.8904388714733542，ave_loss：0.021305344998836517
17:07:47 : 准确率:0.8904388714733542
17:07:47 : store model
17:07:48 : train_acc:0.9226802507836991  train_epoch_loss:926.4531860351562  test_acc:0.8904388714733542  test_epoch_loss:271.856201171875
17:07:48 : __________________test end__________________
17:07:48 : ______________________________________________
17:07:48 : ______________________________________________
17:07:48 : _______________train epoch 2 end_______________
17:07:48 : ______________________________________________
17:07:48 : ______________________________________________
17:07:48 : ______________________________________________
17:07:48 : ______________________________________________
17:07:48 : _______________train epoch3 start_______________
17:07:48 : ______________________________________________
17:07:48 : ______________________________________________
17:15:47 : __________________train end__________________
17:15:47 : 正确分类的样本数：59221，样本总数：63800，准确率：0.9282288401253919，ave_loss：0.013741612434387207
17:15:47 : 准确率:0.9282288401253919
17:15:47 : __________________test start__________________
17:16:18 : 正确分类的样本数：11361，样本总数：12760，准确率：0.8903605015673981，ave_loss：0.021551692858338356
17:16:18 : 准确率:0.8903605015673981
17:16:18 : train_acc:0.9282288401253919  train_epoch_loss:876.7149047851562  test_acc:0.8903605015673981  test_epoch_loss:274.9996032714844
17:16:18 : __________________test end__________________
17:16:18 : ______________________________________________
17:16:18 : ______________________________________________
17:16:18 : _______________train epoch 3 end_______________
17:16:18 : ______________________________________________
17:16:18 : ______________________________________________
17:16:18 : ______________________________________________
17:16:18 : ______________________________________________
17:16:18 : _______________train epoch4 start_______________
17:16:18 : ______________________________________________
17:16:18 : ______________________________________________
17:24:18 : __________________train end__________________
17:24:18 : 正确分类的样本数：59480，样本总数：63800，准确率：0.9322884012539185，ave_loss：0.012804499827325344
17:24:18 : 准确率:0.9322884012539185
17:24:18 : __________________test start__________________
17:24:49 : 正确分类的样本数：11378，样本总数：12760，准确率：0.8916927899686521，ave_loss：0.02137388288974762
17:24:49 : 准确率:0.8916927899686521
17:24:49 : train_acc:0.9322884012539185  train_epoch_loss:816.9271240234375  test_acc:0.8916927899686521  test_epoch_loss:272.7307434082031
17:24:49 : __________________test end__________________
17:24:49 : ______________________________________________
17:24:49 : ______________________________________________
17:24:49 : _______________train epoch 4 end_______________
17:24:49 : ______________________________________________
17:24:49 : ______________________________________________
17:24:49 : ______________________________________________
17:24:49 : ______________________________________________
17:24:49 : _______________train epoch5 start_______________
17:24:49 : ______________________________________________
17:24:49 : ______________________________________________
17:32:48 : __________________train end__________________
17:32:48 : 正确分类的样本数：59621，样本总数：63800，准确率：0.9344984326018809，ave_loss：0.012295182794332504
17:32:48 : 准确率:0.9344984326018809
17:32:48 : __________________test start__________________
17:33:20 : 正确分类的样本数：11368，样本总数：12760，准确率：0.8909090909090909，ave_loss：0.02184368297457695
17:33:20 : 准确率:0.8909090909090909
17:33:20 : train_acc:0.9344984326018809  train_epoch_loss:784.4326782226562  test_acc:0.8909090909090909  test_epoch_loss:278.72540283203125
17:33:20 : __________________test end__________________
17:33:20 : ______________________________________________
17:33:20 : ______________________________________________
17:33:20 : _______________train epoch 5 end_______________
17:33:20 : ______________________________________________
17:33:20 : ______________________________________________
17:33:20 : ______________________________________________
17:33:20 : ______________________________________________
17:33:20 : _______________train epoch6 start_______________
17:33:20 : ______________________________________________
17:33:20 : ______________________________________________
17:41:20 : __________________train end__________________
17:41:20 : 正确分类的样本数：59862，样本总数：63800，准确率：0.9382758620689655，ave_loss：0.011589759029448032
17:41:20 : 准确率:0.9382758620689655
17:41:20 : __________________test start__________________
17:41:51 : 正确分类的样本数：11378，样本总数：12760，准确率：0.8916927899686521，ave_loss：0.02207854576408863
17:41:51 : 准确率:0.8916927899686521
17:41:51 : train_acc:0.9382758620689655  train_epoch_loss:739.4266357421875  test_acc:0.8916927899686521  test_epoch_loss:281.72222900390625
17:41:51 : __________________test end__________________
17:41:51 : ______________________________________________
17:41:51 : ______________________________________________
17:41:51 : _______________train epoch 6 end_______________
17:41:51 : ______________________________________________
17:41:51 : ______________________________________________
17:41:51 : ______________________________________________
17:41:51 : ______________________________________________
17:41:51 : _______________train epoch7 start_______________
17:41:51 : ______________________________________________
17:41:51 : ______________________________________________
17:49:51 : __________________train end__________________
17:49:51 : 正确分类的样本数：60149，样本总数：63800，准确率：0.9427742946708464，ave_loss：0.0108656520023942
17:49:51 : 准确率:0.9427742946708464
17:49:51 : __________________test start__________________
17:50:23 : 正确分类的样本数：11377，样本总数：12760，准确率：0.891614420062696，ave_loss：0.02271108701825142
17:50:23 : 准确率:0.891614420062696
17:50:23 : train_acc:0.9427742946708464  train_epoch_loss:693.2286376953125  test_acc:0.891614420062696  test_epoch_loss:289.79345703125
17:50:23 : __________________test end__________________
17:50:23 : ______________________________________________
17:50:23 : ______________________________________________
17:50:23 : _______________train epoch 7 end_______________
17:50:23 : ______________________________________________
17:50:23 : ______________________________________________
17:50:23 : ______________________________________________
17:50:23 : ______________________________________________
17:50:23 : _______________train epoch8 start_______________
17:50:23 : ______________________________________________
17:50:23 : ______________________________________________
