19:06:37 : ______________________________________________
19:06:37 : ______________________________________________
19:06:37 : _______________train epoch0 start_______________
19:06:37 : ______________________________________________
19:06:37 : ______________________________________________
19:06:37 : 正确分类的样本数：0，样本总数：0，准确率：0，ave_loss：0
19:06:37 : ___train_one_bad_epoch___
19:06:58 : bad_epoch_loss:302.418319940567	bad_acc:0.7801890094504725
19:07:56 : 正确分类的样本数：7286，样本总数：8000，准确率：0.91075，ave_loss：0.057235050946474075
19:07:56 : ___train_one_bad_epoch___
19:08:18 : bad_epoch_loss:267.3679175376892	bad_acc:0.7353867693384669
19:09:16 : 正确分类的样本数：14543，样本总数：16000，准确率：0.9089375，ave_loss：0.02674250677227974
19:09:16 : ___train_one_bad_epoch___
19:09:38 : bad_epoch_loss:263.371554851532	bad_acc:0.744137206860343
19:10:37 : 正确分类的样本数：21798，样本总数：24000，准确率：0.90825，ave_loss：0.017497098073363304
19:10:37 : ___train_one_bad_epoch___
19:10:58 : bad_epoch_loss:256.71432185173035	bad_acc:0.7101855092754638
19:11:57 : 正确分类的样本数：29036，样本总数：32000，准确率：0.907375，ave_loss：0.01299430150538683
19:11:57 : ___train_one_bad_epoch___
19:12:18 : bad_epoch_loss:251.20250988006592	bad_acc:0.7021351067553377
19:13:17 : 正确分类的样本数：36268，样本总数：40000，准确率：0.9067，ave_loss：0.010266733355820179
19:13:17 : ___train_one_bad_epoch___
19:13:39 : bad_epoch_loss:243.95108807086945	bad_acc:0.6790339516975848
19:14:38 : 正确分类的样本数：43554，样本总数：48000，准确率：0.907375，ave_loss：0.008318034932017326
19:14:38 : ___train_one_bad_epoch___
19:14:59 : bad_epoch_loss:237.3707219362259	bad_acc:0.6583829191459573
19:15:58 : 正确分类的样本数：50800，样本总数：56000，准确率：0.9071428571428571，ave_loss：0.006987243890762329
19:15:58 : ___train_one_bad_epoch___
19:16:19 : bad_epoch_loss:234.26911360025406	bad_acc:0.6398319915995799
19:17:17 : __________________train end__________________
19:17:17 : 正确分类的样本数：57849，样本总数：63800，准确率：0.9067241379310345，ave_loss：0.006062098313122988
19:17:17 : 准确率:0.9067241379310345
19:17:17 : __________________test start__________________
19:18:20 : 正确分类的样本数：23178，样本总数：25520，准确率：0.9082288401253918，ave_loss：0.016514977440238
19:18:20 : 准确率:0.9082288401253918
19:18:20 : store model
19:18:21 : __________________test end__________________
19:18:21 : train_acc:0.9067241379310345  train_epoch_loss:386.7618713378906  test_acc:0.9082288401253918  test_epoch_loss:421.46221923828125
19:18:21 : ______________________________________________
19:18:21 : ______________________________________________
19:18:21 : _______________train epoch 0 end_______________
19:18:21 : ______________________________________________
19:18:21 : ______________________________________________
19:18:21 : ______________________________________________
19:18:21 : ______________________________________________
19:18:21 : _______________train epoch1 start_______________
19:18:21 : ______________________________________________
19:18:21 : ______________________________________________
19:18:21 : 正确分类的样本数：0，样本总数：0，准确率：0，ave_loss：0
19:18:21 : ___train_one_bad_epoch___
19:18:42 : bad_epoch_loss:224.8915895819664	bad_acc:0.6146307315365769
19:19:41 : 正确分类的样本数：7300，样本总数：8000，准确率：0.9125，ave_loss：0.04586150869727135
19:19:41 : ___train_one_bad_epoch___
19:20:02 : bad_epoch_loss:223.71839904785156	bad_acc:0.6030801540077004
19:21:01 : 正确分类的样本数：14575，样本总数：16000，准确率：0.9109375，ave_loss：0.02315698191523552
19:21:01 : ___train_one_bad_epoch___
19:21:23 : bad_epoch_loss:217.4934607744217	bad_acc:0.5855792789639482
19:22:22 : 正确分类的样本数：21832，样本总数：24000，准确率：0.9096666666666666，ave_loss：0.015139308758080006
19:22:22 : ___train_one_bad_epoch___
19:22:43 : bad_epoch_loss:209.18341517448425	bad_acc:0.5554777738886945
19:23:42 : 正确分类的样本数：29081，样本总数：32000，准确率：0.90878125，ave_loss：0.01107770949602127
19:23:42 : ___train_one_bad_epoch___
19:24:03 : bad_epoch_loss:201.13844084739685	bad_acc:0.5337766888344417
19:25:02 : 正确分类的样本数：36340，样本总数：40000，准确率：0.9085，ave_loss：0.008690408430993557
19:25:02 : ___train_one_bad_epoch___
19:25:24 : bad_epoch_loss:197.58518517017365	bad_acc:0.5127756387819391
19:26:23 : 正确分类的样本数：43567，样本总数：48000，准确率：0.9076458333333334，ave_loss：0.007175642065703869
19:26:23 : ___train_one_bad_epoch___
19:26:44 : bad_epoch_loss:190.13130313158035	bad_acc:0.4914245712285614
19:27:43 : 正确分类的样本数：50797，样本总数：56000，准确率：0.9070892857142857，ave_loss：0.0059742103330791
19:27:43 : ___train_one_bad_epoch___
19:28:04 : bad_epoch_loss:184.66143342852592	bad_acc:0.47007350367518375
19:29:02 : __________________train end__________________
19:29:02 : 正确分类的样本数：57864，样本总数：63800，准确率：0.9069592476489028，ave_loss：0.005011144559830427
19:29:02 : 准确率:0.9069592476489028
19:29:02 : __________________test start__________________
19:30:05 : 正确分类的样本数：23693，样本总数：25520，准确率：0.928409090909091，ave_loss：0.013223226182162762
19:30:05 : 准确率:0.928409090909091
19:30:05 : store model
19:30:06 : __________________test end__________________
19:30:06 : train_acc:0.9069592476489028  train_epoch_loss:319.7110290527344  test_acc:0.928409090909091  test_epoch_loss:337.45672607421875
19:30:06 : ______________________________________________
19:30:06 : ______________________________________________
19:30:06 : _______________train epoch 1 end_______________
19:30:06 : ______________________________________________
19:30:06 : ______________________________________________
19:30:06 : ______________________________________________
19:30:06 : ______________________________________________
19:30:06 : _______________train epoch2 start_______________
19:30:06 : ______________________________________________
19:30:06 : ______________________________________________
19:30:06 : 正确分类的样本数：0，样本总数：0，准确率：0，ave_loss：0
19:30:06 : ___train_one_bad_epoch___
19:30:27 : bad_epoch_loss:177.24559438228607	bad_acc:0.4459222961148057
19:31:26 : 正确分类的样本数：7239，样本总数：8000，准确率：0.904875，ave_loss：0.03976935148239136
19:31:26 : ___train_one_bad_epoch___
19:31:48 : bad_epoch_loss:171.48008751869202	bad_acc:0.4294714735736787
19:32:47 : 正确分类的样本数：14526，样本总数：16000，准确率：0.907875，ave_loss：0.0190125759691
19:32:47 : ___train_one_bad_epoch___
19:33:08 : bad_epoch_loss:167.34586149454117	bad_acc:0.4133706685334267
19:34:07 : 正确分类的样本数：21785，样本总数：24000，准确率：0.9077083333333333，ave_loss：0.012558691203594208
19:34:07 : ___train_one_bad_epoch___
19:34:28 : bad_epoch_loss:156.76414114236832	bad_acc:0.39726986349317467
19:35:27 : 正确分类的样本数：29082，样本总数：32000，准确率：0.9088125，ave_loss：0.009069491177797318
19:35:27 : ___train_one_bad_epoch___
19:35:49 : bad_epoch_loss:155.9364058971405	bad_acc:0.37311865593279664
19:36:48 : 正确分类的样本数：36360，样本总数：40000，准确率：0.909，ave_loss：0.0072906287387013435
19:36:48 : ___train_one_bad_epoch___
19:37:09 : bad_epoch_loss:146.77079284191132	bad_acc:0.35421771088554427
19:38:08 : 正确分类的样本数：43650，样本总数：48000，准确率：0.909375，ave_loss：0.0057521541602909565
19:38:08 : ___train_one_bad_epoch___
19:38:29 : bad_epoch_loss:139.93730175495148	bad_acc:0.3328666433321666
19:39:28 : 正确分类的样本数：50906，样本总数：56000，准确率：0.9090357142857143，ave_loss：0.004898502491414547
19:39:28 : ___train_one_bad_epoch___
19:39:50 : bad_epoch_loss:136.6386877298355	bad_acc:0.32621631081554076
19:40:47 : __________________train end__________________
19:40:47 : 正确分类的样本数：57992，样本总数：63800，准确率：0.9089655172413793，ave_loss：0.0041182334534823895
19:40:47 : 准确率:0.9089655172413793
19:40:47 : __________________test start__________________
19:41:51 : 正确分类的样本数：23976，样本总数：25520，准确率：0.9394984326018809，ave_loss：0.010947641916573048
19:41:51 : 准确率:0.9394984326018809
19:41:51 : store model
19:41:52 : __________________test end__________________
19:41:52 : train_acc:0.9089655172413793  train_epoch_loss:262.7433166503906  test_acc:0.9394984326018809  test_epoch_loss:279.3838195800781
19:41:52 : ______________________________________________
19:41:52 : ______________________________________________
19:41:52 : _______________train epoch 2 end_______________
19:41:52 : ______________________________________________
19:41:52 : ______________________________________________
19:41:52 : ______________________________________________
19:41:52 : ______________________________________________
19:41:52 : _______________train epoch3 start_______________
19:41:52 : ______________________________________________
19:41:52 : ______________________________________________
19:41:52 : 正确分类的样本数：0，样本总数：0，准确率：0，ave_loss：0
19:41:52 : ___train_one_bad_epoch___
19:42:13 : bad_epoch_loss:130.18518275022507	bad_acc:0.3094154707735387
19:43:12 : 正确分类的样本数：7288，样本总数：8000，准确率：0.911，ave_loss：0.0323823019862175
19:43:12 : ___train_one_bad_epoch___
19:43:33 : bad_epoch_loss:125.04331371188164	bad_acc:0.2996149807490375
19:44:32 : 正确分类的样本数：14574，样本总数：16000，准确率：0.910875，ave_loss：0.015460622496902943
19:44:32 : ___train_one_bad_epoch___
19:44:53 : bad_epoch_loss:121.28461366891861	bad_acc:0.28491424571228563
19:45:52 : 正确分类的样本数：21855，样本总数：24000，准确率：0.910625，ave_loss：0.010249709710478783
19:45:52 : ___train_one_bad_epoch___
19:46:14 : bad_epoch_loss:114.2138201892376	bad_acc:0.2621631081554078
19:47:13 : 正确分类的样本数：29085，样本总数：32000，准确率：0.90890625，ave_loss：0.007686019875109196
19:47:13 : ___train_one_bad_epoch___
19:47:34 : bad_epoch_loss:107.88477462530136	bad_acc:0.2408120406020301
19:48:33 : 正确分类的样本数：36351，样本总数：40000，准确率：0.908775，ave_loss：0.00591187784448266
19:48:33 : ___train_one_bad_epoch___
19:48:54 : bad_epoch_loss:105.42885026335716	bad_acc:0.23661183059152957
19:49:53 : 正确分类的样本数：43653，样本总数：48000，准确率：0.9094375，ave_loss：0.0048484173603355885
19:49:53 : ___train_one_bad_epoch___
19:50:14 : bad_epoch_loss:101.98425567150116	bad_acc:0.22226111305565277
19:51:13 : 正确分类的样本数：50924，样本总数：56000，准确率：0.9093571428571429，ave_loss：0.004082667641341686
19:51:13 : ___train_one_bad_epoch___
19:51:34 : bad_epoch_loss:95.23184187710285	bad_acc:0.20931046552327617
19:52:32 : __________________train end__________________
19:52:32 : 正确分类的样本数：58021，样本总数：63800，准确率：0.9094200626959248，ave_loss：0.003381609683856368
19:52:32 : 准确率:0.9094200626959248
19:52:32 : __________________test start__________________
19:53:36 : 正确分类的样本数：24228，样本总数：25520，准确率：0.9493730407523511，ave_loss：0.009237999096512794
19:53:36 : 准确率:0.9493730407523511
19:53:36 : store model
19:53:37 : __________________test end__________________
19:53:37 : train_acc:0.9094200626959248  train_epoch_loss:215.7467041015625  test_acc:0.9493730407523511  test_epoch_loss:235.75372314453125
19:53:37 : ______________________________________________
19:53:37 : ______________________________________________
19:53:37 : _______________train epoch 3 end_______________
19:53:37 : ______________________________________________
19:53:37 : ______________________________________________
19:53:37 : ______________________________________________
19:53:37 : ______________________________________________
19:53:37 : _______________train epoch4 start_______________
19:53:37 : ______________________________________________
19:53:37 : ______________________________________________
19:53:37 : 正确分类的样本数：0，样本总数：0，准确率：0，ave_loss：0
19:53:37 : ___train_one_bad_epoch___
19:53:58 : bad_epoch_loss:89.93327207863331	bad_acc:0.18655932796639832
19:54:57 : 正确分类的样本数：7311，样本总数：8000，准确率：0.913875，ave_loss：0.026422768831253052
19:54:57 : ___train_one_bad_epoch___
19:55:18 : bad_epoch_loss:85.45173367857933	bad_acc:0.18340917045852292
19:56:17 : 正确分类的样本数：14575，样本总数：16000，准确率：0.9109375，ave_loss：0.013211701065301895
19:56:17 : ___train_one_bad_epoch___
19:56:38 : bad_epoch_loss:83.55465988814831	bad_acc:0.17465873293664683
19:57:37 : 正确分类的样本数：21893，样本总数：24000，准确率：0.9122083333333333，ave_loss：0.008337375707924366
19:57:37 : ___train_one_bad_epoch___
19:57:58 : bad_epoch_loss:80.87903834879398	bad_acc:0.1697584879243962
19:58:57 : 正确分类的样本数：29176，样本总数：32000，准确率：0.91175，ave_loss：0.00632499111816287
19:58:57 : ___train_one_bad_epoch___
19:59:19 : bad_epoch_loss:75.75260008871555	bad_acc:0.1550577528876444
20:00:18 : 正确分类的样本数：36504，样本总数：40000，准确率：0.9126，ave_loss：0.0048415386117994785
20:00:18 : ___train_one_bad_epoch___
20:00:39 : bad_epoch_loss:74.39783611893654	bad_acc:0.14490724536226812
20:01:38 : 正确分类的样本数：43784，样本总数：48000，准确率：0.9121666666666667，ave_loss：0.004107882734388113
20:01:38 : ___train_one_bad_epoch___
20:01:59 : bad_epoch_loss:71.49178171157837	bad_acc:0.14735736786839343
20:02:58 : 正确分类的样本数：51102，样本总数：56000，准确率：0.9125357142857143，ave_loss：0.0033555603586137295
20:02:58 : ___train_one_bad_epoch___
20:03:19 : bad_epoch_loss:68.01864103972912	bad_acc:0.13860693034651733
20:04:17 : __________________train end__________________
20:04:17 : 正确分类的样本数：58206，样本总数：63800，准确率：0.912319749216301，ave_loss：0.0028891991823911667
20:04:17 : 准确率:0.912319749216301
20:04:17 : __________________test start__________________
20:05:20 : 正确分类的样本数：24322，样本总数：25520，准确率：0.9530564263322884，ave_loss：0.008014742285013199
20:05:20 : 准确率:0.9530564263322884
20:05:20 : store model
20:05:21 : __________________test end__________________
20:05:21 : train_acc:0.912319749216301  train_epoch_loss:184.33091735839844  test_acc:0.9530564263322884  test_epoch_loss:204.53622436523438
20:05:21 : ______________________________________________
20:05:21 : ______________________________________________
20:05:21 : _______________train epoch 4 end_______________
20:05:21 : ______________________________________________
20:05:21 : ______________________________________________
20:05:21 : ______________________________________________
20:05:21 : ______________________________________________
20:05:21 : _______________train epoch5 start_______________
20:05:21 : ______________________________________________
20:05:21 : ______________________________________________
20:05:21 : 正确分类的样本数：0，样本总数：0，准确率：0，ave_loss：0
20:05:21 : ___train_one_bad_epoch___
20:05:42 : bad_epoch_loss:65.12850910425186	bad_acc:0.12670633531676584
20:06:41 : 正确分类的样本数：7302，样本总数：8000，准确率：0.91275，ave_loss：0.022425787523388863
20:06:41 : ___train_one_bad_epoch___
20:07:03 : bad_epoch_loss:61.805416725575924	bad_acc:0.11375568778438921
20:08:02 : 正确分类的样本数：14656，样本总数：16000，准确率：0.916，ave_loss：0.010778668336570263
20:08:02 : ___train_one_bad_epoch___
20:08:23 : bad_epoch_loss:57.19786935299635	bad_acc:0.1064053202660133
20:09:22 : 正确分类的样本数：22006，样本总数：24000，准确率：0.9169166666666667，ave_loss：0.007039510179311037
20:09:22 : ___train_one_bad_epoch___
20:09:43 : bad_epoch_loss:55.73668780177832	bad_acc:0.10045502275113756
20:10:42 : 正确分类的样本数：29354，样本总数：32000，准确率：0.9173125，ave_loss：0.005312887951731682
20:10:42 : ___train_one_bad_epoch___
20:11:03 : bad_epoch_loss:53.36571729183197	bad_acc:0.0983549177458873
20:12:02 : 正确分类的样本数：36698，样本总数：40000，准确率：0.91745，ave_loss：0.004155827220529318
20:12:02 : ___train_one_bad_epoch___
20:12:24 : bad_epoch_loss:51.42559865862131	bad_acc:0.08750437521876094
20:13:23 : 正确分类的样本数：44035，样本总数：48000，准确率：0.9173958333333333，ave_loss：0.0035220079589635134
20:13:23 : ___train_one_bad_epoch___
20:13:44 : bad_epoch_loss:49.755655504763126	bad_acc:0.08890444522226111
20:14:43 : 正确分类的样本数：51404，样本总数：56000，准确率：0.9179285714285714，ave_loss：0.0028774384409189224
20:14:43 : ___train_one_bad_epoch___
20:15:04 : bad_epoch_loss:47.21237821131945	bad_acc:0.08365418270913545
20:16:02 : __________________train end__________________
20:16:02 : 正确分类的样本数：58511，样本总数：63800，准确率：0.9171003134796238，ave_loss：0.002561683766543865
20:16:02 : 准确率:0.9171003134796238
20:16:02 : __________________test start__________________
20:17:05 : 正确分类的样本数：24434，样本总数：25520，准确率：0.9574451410658307，ave_loss：0.007525287568569183
20:17:05 : 准确率:0.9574451410658307
20:17:05 : store model
20:17:06 : __________________test end__________________
20:17:06 : train_acc:0.9171003134796238  train_epoch_loss:163.4354248046875  test_acc:0.9574451410658307  test_epoch_loss:192.0453338623047
20:17:06 : ______________________________________________
20:17:06 : ______________________________________________
20:17:06 : _______________train epoch 5 end_______________
20:17:06 : ______________________________________________
20:17:06 : ______________________________________________
20:17:06 : ______________________________________________
20:17:06 : ______________________________________________
20:17:06 : _______________train epoch6 start_______________
20:17:06 : ______________________________________________
20:17:06 : ______________________________________________
20:17:06 : 正确分类的样本数：0，样本总数：0，准确率：0，ave_loss：0
20:17:06 : ___train_one_bad_epoch___
20:17:27 : bad_epoch_loss:46.533704712986946	bad_acc:0.07735386769338468
20:18:26 : 正确分类的样本数：7413，样本总数：8000，准确率：0.926625，ave_loss：0.018978383392095566
20:18:26 : ___train_one_bad_epoch___
20:18:47 : bad_epoch_loss:43.28646233677864	bad_acc:0.0703535176758838
20:19:46 : 正确分类的样本数：14794，样本总数：16000，准确率：0.924625，ave_loss：0.009246158413589
20:19:46 : ___train_one_bad_epoch___
20:20:07 : bad_epoch_loss:42.65152693167329	bad_acc:0.07350367518375919
20:21:06 : 正确分类的样本数：22163，样本总数：24000，准确率：0.9234583333333334，ave_loss：0.006305024493485689
20:21:06 : ___train_one_bad_epoch___
20:21:27 : bad_epoch_loss:41.11751839891076	bad_acc:0.07175358767938397
20:22:26 : 正确分类的样本数：29540，样本总数：32000，准确率：0.923125，ave_loss：0.004560002125799656
20:22:26 : ___train_one_bad_epoch___
20:22:48 : bad_epoch_loss:39.523788169026375	bad_acc:0.0616030801540077
20:23:47 : 正确分类的样本数：36909，样本总数：40000，准确率：0.922725，ave_loss：0.0038124979473650455
20:23:47 : ___train_one_bad_epoch___
20:24:08 : bad_epoch_loss:36.78175466135144	bad_acc:0.05775288764438222
20:25:07 : 正确分类的样本数：44292，样本总数：48000，准确率：0.92275，ave_loss：0.002983464626595378
20:25:07 : ___train_one_bad_epoch___
20:25:28 : bad_epoch_loss:37.314870182424784	bad_acc:0.05915295764788239
20:26:27 : 正确分类的样本数：51698，样本总数：56000，准确率：0.9231785714285714，ave_loss：0.0025171919260174036
20:26:27 : ___train_one_bad_epoch___
20:26:48 : bad_epoch_loss:34.70864325016737	bad_acc:0.05460273013650683
20:27:46 : __________________train end__________________
20:27:46 : 正确分类的样本数：58858，样本总数：63800，准确率：0.922539184952978，ave_loss：0.0022520842030644417
20:27:46 : 准确率:0.922539184952978
20:27:46 : __________________test start__________________
20:28:48 : 正确分类的样本数：24472，样本总数：25520，准确率：0.9589341692789969，ave_loss：0.0072808098047971725
20:28:49 : 准确率:0.9589341692789969
20:28:49 : store model
20:28:49 : __________________test end__________________
20:28:49 : train_acc:0.922539184952978  train_epoch_loss:143.6829833984375  test_acc:0.9589341692789969  test_epoch_loss:185.80625915527344
20:28:49 : ______________________________________________
20:28:49 : ______________________________________________
20:28:49 : _______________train epoch 6 end_______________
20:28:49 : ______________________________________________
20:28:49 : ______________________________________________
20:28:49 : ______________________________________________
20:28:49 : ______________________________________________
20:28:49 : _______________train epoch7 start_______________
20:28:49 : ______________________________________________
20:28:49 : ______________________________________________
20:28:49 : 正确分类的样本数：0，样本总数：0，准确率：0，ave_loss：0
20:28:49 : ___train_one_bad_epoch___
20:29:10 : bad_epoch_loss:32.819217931479216	bad_acc:0.0504025201260063
20:30:09 : 正确分类的样本数：7406，样本总数：8000，准确率：0.92575，ave_loss：0.017006337642669678
20:30:09 : ___train_one_bad_epoch___
20:30:31 : bad_epoch_loss:34.24758851528168	bad_acc:0.05530276513825691
20:31:50 : 正确分类的样本数：14854，样本总数：16000，准确率：0.928375，ave_loss：0.008239701390266418
20:31:50 : ___train_one_bad_epoch___
20:32:34 : bad_epoch_loss:32.21457413583994	bad_acc:0.04830241512075604
20:33:57 : 正确分类的样本数：22276，样本总数：24000，准确率：0.9281666666666667，ave_loss：0.0054918029345571995
20:33:57 : ___train_one_bad_epoch___
