17:57:46 : ______________________________________________
17:57:46 : ______________________________________________
17:57:46 : _______________train epoch0 start_______________
17:57:46 : ______________________________________________
17:57:46 : ______________________________________________
18:05:39 : __________________train end__________________
18:05:39 : 正确分类的样本数：58160，样本总数：63800，准确率：0.9115987460815047，ave_loss：0.01620499975979328
18:05:39 : 准确率:0.9115987460815047
18:05:39 : __________________test start__________________
18:06:10 : 正确分类的样本数：11337，样本总数：12760，准确率：0.8884796238244514，ave_loss：0.020822301506996155
18:06:11 : 准确率:0.8884796238244514
18:06:11 : store model
18:06:11 : train_acc:0.9115987460815047  train_epoch_loss:1033.8790283203125  test_acc:0.8884796238244514  test_epoch_loss:265.69256591796875
18:06:11 : __________________test end__________________
18:06:11 : ______________________________________________
18:06:11 : ______________________________________________
18:06:11 : _______________train epoch 0 end_______________
18:06:11 : ______________________________________________
18:06:11 : ______________________________________________
18:06:11 : ______________________________________________
18:06:11 : ______________________________________________
18:06:11 : _______________train epoch1 start_______________
18:06:11 : ______________________________________________
18:06:11 : ______________________________________________
18:14:30 : __________________train end__________________
18:14:30 : 正确分类的样本数：58433，样本总数：63800，准确率：0.9158777429467084，ave_loss：0.015361811965703964
18:14:30 : 准确率:0.9158777429467084
18:14:30 : __________________test start__________________
18:15:32 : 正确分类的样本数：11361，样本总数：12760，准确率：0.8903605015673981，ave_loss：0.021030128002166748
18:15:32 : 准确率:0.8903605015673981
18:15:32 : train_acc:0.9158777429467084  train_epoch_loss:980.0836181640625  test_acc:0.8903605015673981  test_epoch_loss:268.34442138671875
18:15:32 : __________________test end__________________
18:15:32 : ______________________________________________
18:15:32 : ______________________________________________
18:15:32 : _______________train epoch 1 end_______________
18:15:32 : ______________________________________________
18:15:32 : ______________________________________________
18:15:32 : ______________________________________________
18:15:32 : ______________________________________________
18:15:32 : _______________train epoch2 start_______________
18:15:32 : ______________________________________________
18:15:32 : ______________________________________________
18:30:42 : __________________train end__________________
18:30:42 : 正确分类的样本数：58802，样本总数：63800，准确率：0.9216614420062695，ave_loss：0.014412540942430496
18:30:42 : 准确率:0.9216614420062695
18:30:42 : __________________test start__________________
18:31:43 : 正确分类的样本数：11374，样本总数：12760，准确率：0.8913793103448275，ave_loss：0.020727312192320824
18:31:43 : 准确率:0.8913793103448275
18:31:43 : store model
18:31:44 : train_acc:0.9216614420062695  train_epoch_loss:919.5201416015625  test_acc:0.8913793103448275  test_epoch_loss:264.4804992675781
18:31:44 : __________________test end__________________
18:31:44 : ______________________________________________
18:31:44 : ______________________________________________
18:31:44 : _______________train epoch 2 end_______________
18:31:44 : ______________________________________________
18:31:44 : ______________________________________________
18:31:44 : ______________________________________________
18:31:44 : ______________________________________________
18:31:44 : _______________train epoch3 start_______________
18:31:44 : ______________________________________________
18:31:44 : ______________________________________________
18:46:54 : __________________train end__________________
18:46:54 : 正确分类的样本数：59061，样本总数：63800，准确率：0.9257210031347962，ave_loss：0.01368787046521902
18:46:54 : 准确率:0.9257210031347962
18:46:54 : __________________test start__________________
18:47:56 : 正确分类的样本数：11345，样本总数：12760，准确率：0.8891065830721003，ave_loss：0.021047811955213547
18:47:56 : 准确率:0.8891065830721003
18:47:56 : train_acc:0.9257210031347962  train_epoch_loss:873.2861938476562  test_acc:0.8891065830721003  test_epoch_loss:268.570068359375
18:47:56 : __________________test end__________________
18:47:56 : ______________________________________________
18:47:56 : ______________________________________________
18:47:56 : _______________train epoch 3 end_______________
18:47:56 : ______________________________________________
18:47:56 : ______________________________________________
18:47:56 : ______________________________________________
18:47:56 : ______________________________________________
18:47:56 : _______________train epoch4 start_______________
18:47:56 : ______________________________________________
18:47:56 : ______________________________________________
