01:58:00 : _________ data process _________
01:58:18 : _________ train _________
01:58:26 : Current lr : 1e-05
01:58:26 : ______________________________________________
01:58:26 : ______________________________________________
01:58:26 : _______________train epoch10 start_______________
01:58:26 : _______________lmd=100_______________
01:58:26 : ______________________________________________
01:58:26 : ______________________________________________
02:00:05 : _________ data process _________
02:00:22 : _________ train _________
02:00:30 : Current lr : 1e-05
02:00:30 : ______________________________________________
02:00:30 : ______________________________________________
02:00:30 : _______________train epoch10 start_______________
02:00:30 : _______________lmd=100_______________
02:00:30 : ______________________________________________
02:00:30 : ______________________________________________
02:04:08 : _________ data process _________
02:04:26 : _________ train _________
02:04:34 : Current lr : 1e-05
02:04:34 : ______________________________________________
02:04:34 : ______________________________________________
02:04:34 : _______________train epoch0 start_______________
02:04:34 : _______________lmd=100_______________
02:04:34 : ______________________________________________
02:04:34 : ______________________________________________
02:17:44 : __________________train end__________________
02:17:44 : 正确分类的样本数：102963，样本总数：120000，准确率：0.858025，ave_loss：0.014256998896598816
02:17:44 : 准确率:0.858025
02:17:44 : __________________test start__________________
02:29:55 : _________ data process _________
02:30:12 : _________ train _________
02:30:21 : Current lr : 1e-05
02:30:21 : ______________________________________________
02:30:21 : ______________________________________________
02:30:21 : _______________train epoch0 start_______________
02:30:21 : _______________lmd=100_______________
02:30:21 : ______________________________________________
02:30:21 : ______________________________________________
02:43:25 : __________________train end__________________
02:43:25 : 正确分类的样本数：102845，样本总数：120000，准确率：0.8570416666666667，ave_loss：0.014466925524175167
02:43:25 : 准确率:0.8570416666666667
02:43:25 : __________________test start__________________
02:43:41 : 正确分类的样本数：6760，样本总数：7600，准确率：0.8894736842105263，ave_loss：0.010586668737232685
02:43:41 :               precision    recall  f1-score   support

           0       0.94      0.87      0.90      1900
           1       0.92      0.95      0.94      1900
           2       0.85      0.86      0.85      1900
           3       0.86      0.88      0.87      1900

    accuracy                           0.89      7600
   macro avg       0.89      0.89      0.89      7600
weighted avg       0.89      0.89      0.89      7600

02:43:41 : 准确率:0.8894736842105263
02:43:41 : store model
02:44:57 : _________ data process _________
02:45:15 : _________ train _________
02:45:23 : Current lr : 1e-05
02:45:23 : ______________________________________________
02:45:23 : ______________________________________________
02:45:23 : _______________train epoch0 start_______________
02:45:23 : _______________lmd=100_______________
02:45:23 : ______________________________________________
02:45:23 : ______________________________________________
02:58:38 : __________________train end__________________
02:58:38 : 正确分类的样本数：102748，样本总数：120000，准确率：0.8562333333333333，ave_loss：0.014347546733915806
02:58:38 : 准确率:0.8562333333333333
02:58:38 : __________________test start__________________
02:58:54 : 正确分类的样本数：6748，样本总数：7600，准确率：0.8878947368421053，ave_loss：0.010677605867385864
02:58:54 :               precision    recall  f1-score   support

           0       0.93      0.88      0.91      1900
           1       0.92      0.95      0.94      1900
           2       0.89      0.80      0.84      1900
           3       0.82      0.92      0.87      1900

    accuracy                           0.89      7600
   macro avg       0.89      0.89      0.89      7600
weighted avg       0.89      0.89      0.89      7600

02:58:54 : 准确率:0.8878947368421053
02:58:54 : store model
02:58:55 : train_acc:0.8562333333333333  train_epoch_loss:1721.70556640625  test_acc:0.8878947368421053  test_epoch_loss:81.14981079101562
02:58:55 : __________________test end__________________
02:58:55 : ______________________________________________
02:58:55 : ______________________________________________
02:58:55 : _______________train epoch 0 end_______________
02:58:55 : ______________________________________________
02:58:55 : ______________________________________________
02:58:55 : Current lr : 8.000000000000001e-06
02:58:55 : ______________________________________________
02:58:55 : ______________________________________________
02:58:55 : _______________train epoch1 start_______________
02:58:55 : _______________lmd=100_______________
02:58:55 : ______________________________________________
02:58:55 : ______________________________________________
03:12:03 : __________________train end__________________
03:12:03 : 正确分类的样本数：108498，样本总数：120000，准确率：0.90415，ave_loss：0.008845414966344833
03:12:03 : 准确率:0.90415
03:12:03 : __________________test start__________________
03:12:19 : 正确分类的样本数：6804，样本总数：7600，准确率：0.8952631578947369，ave_loss：0.009667349979281425
03:12:19 :               precision    recall  f1-score   support

           0       0.93      0.89      0.91      1900
           1       0.94      0.95      0.94      1900
           2       0.90      0.82      0.86      1900
           3       0.82      0.93      0.87      1900

    accuracy                           0.90      7600
   macro avg       0.90      0.90      0.90      7600
weighted avg       0.90      0.90      0.90      7600

03:12:19 : 准确率:0.8952631578947369
03:12:19 : store model
03:12:20 : train_acc:0.90415  train_epoch_loss:1061.4498291015625  test_acc:0.8952631578947369  test_epoch_loss:73.47186279296875
03:12:20 : __________________test end__________________
03:12:20 : ______________________________________________
03:12:20 : ______________________________________________
03:12:20 : _______________train epoch 1 end_______________
03:12:20 : ______________________________________________
03:12:20 : ______________________________________________
03:12:20 : Current lr : 6.400000000000001e-06
03:12:20 : ______________________________________________
03:12:20 : ______________________________________________
03:12:20 : _______________train epoch2 start_______________
03:12:20 : _______________lmd=100_______________
03:12:20 : ______________________________________________
03:12:20 : ______________________________________________
03:25:27 : __________________train end__________________
03:25:27 : 正确分类的样本数：111001，样本总数：120000，准确率：0.9250083333333333，ave_loss：0.006910521537065506
03:25:27 : 准确率:0.9250083333333333
03:25:27 : __________________test start__________________
03:25:43 : 正确分类的样本数：6864，样本总数：7600，准确率：0.9031578947368422，ave_loss：0.009213242679834366
03:25:43 :               precision    recall  f1-score   support

           0       0.92      0.91      0.91      1900
           1       0.95      0.95      0.95      1900
           2       0.87      0.87      0.87      1900
           3       0.88      0.89      0.88      1900

    accuracy                           0.90      7600
   macro avg       0.90      0.90      0.90      7600
weighted avg       0.90      0.90      0.90      7600

03:25:43 : 准确率:0.9031578947368422
03:25:43 : store model
03:25:44 : train_acc:0.9250083333333333  train_epoch_loss:829.2625732421875  test_acc:0.9031578947368422  test_epoch_loss:70.02064514160156
03:25:44 : __________________test end__________________
03:25:44 : ______________________________________________
03:25:44 : ______________________________________________
03:25:44 : _______________train epoch 2 end_______________
03:25:44 : ______________________________________________
03:25:44 : ______________________________________________
03:25:44 : Current lr : 5.120000000000002e-06
03:25:44 : ______________________________________________
03:25:44 : ______________________________________________
03:25:44 : _______________train epoch3 start_______________
03:25:44 : _______________lmd=100_______________
03:25:44 : ______________________________________________
03:25:44 : ______________________________________________
03:38:49 : __________________train end__________________
03:38:49 : 正确分类的样本数：112805，样本总数：120000，准确率：0.9400416666666667，ave_loss：0.005506804678589106
03:38:49 : 准确率:0.9400416666666667
03:38:49 : __________________test start__________________
03:39:05 : 正确分类的样本数：6859，样本总数：7600，准确率：0.9025，ave_loss：0.00978265330195427
03:39:05 :               precision    recall  f1-score   support

           0       0.91      0.91      0.91      1900
           1       0.94      0.95      0.95      1900
           2       0.87      0.87      0.87      1900
           3       0.89      0.88      0.88      1900

    accuracy                           0.90      7600
   macro avg       0.90      0.90      0.90      7600
weighted avg       0.90      0.90      0.90      7600

03:39:05 : 准确率:0.9025
03:39:05 : train_acc:0.9400416666666667  train_epoch_loss:660.8165283203125  test_acc:0.9025  test_epoch_loss:74.3481674194336
03:39:05 : __________________test end__________________
03:39:05 : ______________________________________________
03:39:05 : ______________________________________________
03:39:05 : _______________train epoch 3 end_______________
03:39:05 : ______________________________________________
03:39:05 : ______________________________________________
03:39:05 : Current lr : 4.096000000000002e-06
03:39:05 : ______________________________________________
03:39:05 : ______________________________________________
03:39:05 : _______________train epoch4 start_______________
03:39:05 : _______________lmd=100_______________
03:39:05 : ______________________________________________
03:39:05 : ______________________________________________
03:52:11 : __________________train end__________________
03:52:11 : 正确分类的样本数：114173，样本总数：120000，准确率：0.9514416666666666，ave_loss：0.0045055183582007885
03:52:11 : 准确率:0.9514416666666666
03:52:11 : __________________test start__________________
03:52:27 : 正确分类的样本数：6863，样本总数：7600，准确率：0.9030263157894737，ave_loss：0.010322949849069118
03:52:27 :               precision    recall  f1-score   support

           0       0.92      0.91      0.91      1900
           1       0.94      0.95      0.95      1900
           2       0.86      0.88      0.87      1900
           3       0.89      0.87      0.88      1900

    accuracy                           0.90      7600
   macro avg       0.90      0.90      0.90      7600
weighted avg       0.90      0.90      0.90      7600

03:52:27 : 准确率:0.9030263157894737
03:52:27 : train_acc:0.9514416666666666  train_epoch_loss:540.6621704101562  test_acc:0.9030263157894737  test_epoch_loss:78.45442199707031
03:52:27 : __________________test end__________________
03:52:27 : ______________________________________________
03:52:27 : ______________________________________________
03:52:27 : _______________train epoch 4 end_______________
03:52:27 : ______________________________________________
03:52:27 : ______________________________________________
03:52:27 : Current lr : 3.276800000000002e-06
03:52:27 : ______________________________________________
03:52:27 : ______________________________________________
03:52:27 : _______________train epoch5 start_______________
03:52:27 : _______________lmd=100_______________
03:52:27 : ______________________________________________
03:52:27 : ______________________________________________
04:05:34 : __________________train end__________________
04:05:34 : 正确分类的样本数：115175，样本总数：120000，准确率：0.9597916666666667，ave_loss：0.0037128247786313295
04:05:34 : 准确率:0.9597916666666667
04:05:34 : __________________test start__________________
04:05:50 : 正确分类的样本数：6841，样本总数：7600，准确率：0.9001315789473684，ave_loss：0.011235365644097328
04:05:50 :               precision    recall  f1-score   support

           0       0.92      0.91      0.91      1900
           1       0.94      0.95      0.95      1900
           2       0.87      0.86      0.86      1900
           3       0.88      0.87      0.88      1900

    accuracy                           0.90      7600
   macro avg       0.90      0.90      0.90      7600
weighted avg       0.90      0.90      0.90      7600

04:05:50 : 准确率:0.9001315789473684
04:05:50 : train_acc:0.9597916666666667  train_epoch_loss:445.5389709472656  test_acc:0.9001315789473684  test_epoch_loss:85.38878631591797
04:05:50 : __________________test end__________________
04:05:50 : ______________________________________________
04:05:50 : ______________________________________________
04:05:50 : _______________train epoch 5 end_______________
04:05:50 : ______________________________________________
04:05:50 : ______________________________________________
04:05:50 : Current lr : 2.6214400000000015e-06
04:05:50 : ______________________________________________
04:05:50 : ______________________________________________
04:05:50 : _______________train epoch6 start_______________
04:05:50 : _______________lmd=100_______________
04:05:50 : ______________________________________________
04:05:50 : ______________________________________________
04:18:56 : __________________train end__________________
04:18:56 : 正确分类的样本数：115803，样本总数：120000，准确率：0.965025，ave_loss：0.003197684185579419
04:18:56 : 准确率:0.965025
04:18:56 : __________________test start__________________
04:19:12 : 正确分类的样本数：6845，样本总数：7600，准确率：0.9006578947368421，ave_loss：0.011405467055737972
04:19:12 :               precision    recall  f1-score   support

           0       0.91      0.92      0.91      1900
           1       0.95      0.94      0.95      1900
           2       0.86      0.87      0.87      1900
           3       0.88      0.87      0.88      1900

    accuracy                           0.90      7600
   macro avg       0.90      0.90      0.90      7600
weighted avg       0.90      0.90      0.90      7600

04:19:12 : 准确率:0.9006578947368421
04:19:12 : train_acc:0.965025  train_epoch_loss:383.72210693359375  test_acc:0.9006578947368421  test_epoch_loss:86.68155670166016
04:19:12 : __________________test end__________________
04:19:12 : ______________________________________________
04:19:12 : ______________________________________________
04:19:12 : _______________train epoch 6 end_______________
04:19:12 : ______________________________________________
04:19:12 : ______________________________________________
04:19:12 : Current lr : 2.0971520000000012e-06
04:19:12 : ______________________________________________
04:19:12 : ______________________________________________
04:19:12 : _______________train epoch7 start_______________
04:19:12 : _______________lmd=100_______________
04:19:12 : ______________________________________________
04:19:12 : ______________________________________________
04:32:19 : __________________train end__________________
04:32:19 : 正确分类的样本数：116311，样本总数：120000，准确率：0.9692583333333333，ave_loss：0.002815837971866131
04:32:19 : 准确率:0.9692583333333333
04:32:19 : __________________test start__________________
04:32:35 : 正确分类的样本数：6860，样本总数：7600，准确率：0.9026315789473685，ave_loss：0.012087489478290081
04:32:35 :               precision    recall  f1-score   support

           0       0.91      0.92      0.91      1900
           1       0.95      0.95      0.95      1900
           2       0.88      0.86      0.87      1900
           3       0.88      0.88      0.88      1900

    accuracy                           0.90      7600
   macro avg       0.90      0.90      0.90      7600
weighted avg       0.90      0.90      0.90      7600

04:32:35 : 准确率:0.9026315789473685
04:32:35 : train_acc:0.9692583333333333  train_epoch_loss:337.9005432128906  test_acc:0.9026315789473685  test_epoch_loss:91.86492156982422
04:32:35 : __________________test end__________________
04:32:35 : ______________________________________________
04:32:35 : ______________________________________________
04:32:35 : _______________train epoch 7 end_______________
04:32:35 : ______________________________________________
04:32:35 : ______________________________________________
04:32:35 : Current lr : 1.6777216000000011e-06
04:32:35 : ______________________________________________
04:32:35 : ______________________________________________
04:32:35 : _______________train epoch8 start_______________
04:32:35 : _______________lmd=100_______________
04:32:35 : ______________________________________________
04:32:35 : ______________________________________________
04:45:40 : __________________train end__________________
04:45:40 : 正确分类的样本数：116728，样本总数：120000，准确率：0.9727333333333333，ave_loss：0.0025033033452928066
04:45:40 : 准确率:0.9727333333333333
04:45:40 : __________________test start__________________
04:45:56 : 正确分类的样本数：6837，样本总数：7600，准确率：0.8996052631578947，ave_loss：0.01239289715886116
04:45:56 :               precision    recall  f1-score   support

           0       0.91      0.91      0.91      1900
           1       0.95      0.95      0.95      1900
           2       0.87      0.86      0.86      1900
           3       0.87      0.88      0.88      1900

    accuracy                           0.90      7600
   macro avg       0.90      0.90      0.90      7600
weighted avg       0.90      0.90      0.90      7600

04:45:56 : 准确率:0.8996052631578947
04:45:56 : train_acc:0.9727333333333333  train_epoch_loss:300.3963928222656  test_acc:0.8996052631578947  test_epoch_loss:94.18601989746094
04:45:56 : __________________test end__________________
04:45:56 : ______________________________________________
04:45:56 : ______________________________________________
04:45:56 : _______________train epoch 8 end_______________
04:45:56 : ______________________________________________
04:45:56 : ______________________________________________
04:45:56 : Current lr : 1.342177280000001e-06
04:45:56 : ______________________________________________
04:45:56 : ______________________________________________
04:45:56 : _______________train epoch9 start_______________
04:45:56 : _______________lmd=100_______________
04:45:56 : ______________________________________________
04:45:56 : ______________________________________________
04:59:10 : __________________train end__________________
04:59:10 : 正确分类的样本数：117074，样本总数：120000，准确率：0.9756166666666667，ave_loss：0.0022498348262161016
04:59:10 : 准确率:0.9756166666666667
04:59:10 : __________________test start__________________
04:59:26 : 正确分类的样本数：6842，样本总数：7600，准确率：0.9002631578947369，ave_loss：0.012817244045436382
04:59:26 :               precision    recall  f1-score   support

           0       0.91      0.92      0.91      1900
           1       0.95      0.95      0.95      1900
           2       0.86      0.87      0.87      1900
           3       0.89      0.86      0.87      1900

    accuracy                           0.90      7600
   macro avg       0.90      0.90      0.90      7600
weighted avg       0.90      0.90      0.90      7600

04:59:26 : 准确率:0.9002631578947369
04:59:26 : train_acc:0.9756166666666667  train_epoch_loss:269.98016357421875  test_acc:0.9002631578947369  test_epoch_loss:97.41105651855469
04:59:26 : __________________test end__________________
04:59:26 : ______________________________________________
04:59:26 : ______________________________________________
04:59:26 : _______________train epoch 9 end_______________
04:59:26 : ______________________________________________
04:59:26 : ______________________________________________
04:59:26 : _________ plt _________
