17:03:25 : ______________________________________________
17:03:25 : ______________________________________________
17:03:25 : _______________train epoch0 start_______________
17:03:25 : ______________________________________________
17:03:25 : ______________________________________________
17:08:32 : ______________________________________________
17:08:32 : ______________________________________________
17:08:32 : _______________train epoch0 start_______________
17:08:32 : ______________________________________________
17:08:32 : ______________________________________________
17:24:00 : __________________train end__________________
17:24:00 : 正确分类的样本数：97143，样本总数：119999，准确率：0.8095317460978841，ave_loss：0.03444201499223709
17:24:00 : 准确率:0.8095317460978841
17:24:00 : __________________test start__________________
17:24:18 : 正确分类的样本数：6534，样本总数：7599，准确率：0.8598499802605606，ave_loss：0.02478722669184208
17:24:18 : 准确率:0.8598499802605606
17:24:18 : store model
17:24:19 : train_acc:0.8095317460978841  train_epoch_loss:4133.00732421875  test_acc:0.8598499802605606  test_epoch_loss:188.35813903808594
17:24:19 : __________________test end__________________
17:24:19 : ______________________________________________
17:24:19 : ______________________________________________
17:24:19 : _______________train epoch 0 end_______________
17:24:19 : ______________________________________________
17:24:19 : ______________________________________________
17:24:19 : ______________________________________________
17:24:19 : ______________________________________________
17:24:19 : _______________train epoch1 start_______________
17:24:19 : ______________________________________________
17:24:19 : ______________________________________________
17:36:20 : ______________________________________________
17:36:20 : ______________________________________________
17:36:20 : _______________train epoch0 start_______________
17:36:20 : ______________________________________________
17:36:20 : ______________________________________________
17:52:00 : __________________train end__________________
17:52:00 : 正确分类的样本数：97730，样本总数：119999，准确率：0.8144234535287794，ave_loss：0.03370475769042969
17:52:00 : 准确率:0.8144234535287794
17:52:00 : __________________test start__________________
17:52:18 : 正确分类的样本数：6562，样本总数：7599，准确率：0.8635346756152126，ave_loss：0.02412816323339939
17:52:18 : 准确率:0.8635346756152126
17:52:18 : store model
17:52:19 : train_acc:0.8144234535287794  train_epoch_loss:4044.537353515625  test_acc:0.8635346756152126  test_epoch_loss:183.34991455078125
17:52:19 : __________________test end__________________
17:52:19 : ______________________________________________
17:52:19 : ______________________________________________
17:52:19 : _______________train epoch 0 end_______________
17:52:19 : ______________________________________________
17:52:19 : ______________________________________________
17:52:19 : ______________________________________________
17:52:19 : ______________________________________________
17:52:19 : _______________train epoch1 start_______________
17:52:19 : ______________________________________________
17:52:19 : ______________________________________________
18:08:02 : __________________train end__________________
18:08:02 : 正确分类的样本数：104159，样本总数：119999，准确率：0.8679988999908332，ave_loss：0.02364715002477169
18:08:02 : 准确率:0.8679988999908332
18:08:02 : __________________test start__________________
18:08:20 : 正确分类的样本数：6668，样本总数：7599，准确率：0.8774838794578234，ave_loss：0.022147871553897858
18:08:20 : 准确率:0.8774838794578234
18:08:20 : store model
18:08:21 : train_acc:0.8679988999908332  train_epoch_loss:2837.634521484375  test_acc:0.8774838794578234  test_epoch_loss:168.3016815185547
18:08:21 : __________________test end__________________
18:08:21 : ______________________________________________
18:08:21 : ______________________________________________
18:08:21 : _______________train epoch 1 end_______________
18:08:21 : ______________________________________________
18:08:21 : ______________________________________________
18:08:21 : ______________________________________________
18:08:21 : ______________________________________________
18:08:21 : _______________train epoch2 start_______________
18:08:21 : ______________________________________________
18:08:21 : ______________________________________________
18:24:01 : __________________train end__________________
18:24:01 : 正确分类的样本数：105913，样本总数：119999，准确率：0.8826156884640706，ave_loss：0.021023942157626152
18:24:01 : 准确率:0.8826156884640706
18:24:01 : __________________test start__________________
18:24:20 : 正确分类的样本数：6736，样本总数：7599，准确率：0.8864324253191209，ave_loss：0.0206099022179842
18:24:20 : 准确率:0.8864324253191209
18:24:20 : store model
18:24:21 : train_acc:0.8826156884640706  train_epoch_loss:2522.85205078125  test_acc:0.8864324253191209  test_epoch_loss:156.61465454101562
18:24:21 : __________________test end__________________
18:24:21 : ______________________________________________
18:24:21 : ______________________________________________
18:24:21 : _______________train epoch 2 end_______________
18:24:21 : ______________________________________________
18:24:21 : ______________________________________________
18:24:21 : ______________________________________________
18:24:21 : ______________________________________________
18:24:21 : _______________train epoch3 start_______________
18:24:21 : ______________________________________________
18:24:21 : ______________________________________________
18:40:08 : __________________train end__________________
18:40:08 : 正确分类的样本数：107280，样本总数：119999，准确率：0.8940074500620838，ave_loss：0.01916482113301754
18:40:08 : 准确率:0.8940074500620838
18:40:08 : __________________test start__________________
18:40:26 : 正确分类的样本数：6763，样本总数：7599，准确率：0.8899855244111067，ave_loss：0.019985998049378395
18:40:26 : 准确率:0.8899855244111067
18:40:26 : store model
18:40:27 : train_acc:0.8940074500620838  train_epoch_loss:2299.759521484375  test_acc:0.8899855244111067  test_epoch_loss:151.8736114501953
18:40:27 : __________________test end__________________
18:40:27 : ______________________________________________
18:40:27 : ______________________________________________
18:40:27 : _______________train epoch 3 end_______________
18:40:27 : ______________________________________________
18:40:27 : ______________________________________________
18:40:27 : ______________________________________________
18:40:27 : ______________________________________________
18:40:27 : _______________train epoch4 start_______________
18:40:27 : ______________________________________________
18:40:27 : ______________________________________________
18:56:41 : __________________train end__________________
18:56:41 : 正确分类的样本数：108152，样本总数：119999，准确率：0.9012741772848107，ave_loss：0.017783822491765022
18:56:41 : 准确率:0.9012741772848107
18:56:41 : __________________test start__________________
18:56:59 : 正确分类的样本数：6793，样本总数：7599，准确率：0.8939334122910909，ave_loss：0.019777348265051842
18:56:59 : 准确率:0.8939334122910909
18:56:59 : store model
18:57:00 : train_acc:0.9012741772848107  train_epoch_loss:2134.041015625  test_acc:0.8939334122910909  test_epoch_loss:150.28807067871094
18:57:00 : __________________test end__________________
18:57:00 : ______________________________________________
18:57:00 : ______________________________________________
18:57:00 : _______________train epoch 4 end_______________
18:57:00 : ______________________________________________
18:57:00 : ______________________________________________
18:57:00 : ______________________________________________
18:57:00 : ______________________________________________
18:57:00 : _______________train epoch5 start_______________
18:57:00 : ______________________________________________
18:57:00 : ______________________________________________
19:13:24 : __________________train end__________________
19:13:24 : 正确分类的样本数：108946，样本总数：119999，准确率：0.9078908990908258，ave_loss：0.01655229926109314
19:13:24 : 准确率:0.9078908990908258
19:13:24 : __________________test start__________________
19:13:43 : 正确分类的样本数：6806，样本总数：7599，准确率：0.8956441637057507，ave_loss：0.019480152055621147
19:13:43 : 准确率:0.8956441637057507
19:13:43 : store model
19:13:44 : train_acc:0.9078908990908258  train_epoch_loss:1986.2593994140625  test_acc:0.8956441637057507  test_epoch_loss:148.02967834472656
19:13:44 : __________________test end__________________
19:13:44 : ______________________________________________
19:13:44 : ______________________________________________
19:13:44 : _______________train epoch 5 end_______________
19:13:44 : ______________________________________________
19:13:44 : ______________________________________________
19:13:44 : ______________________________________________
19:13:44 : ______________________________________________
19:13:44 : _______________train epoch6 start_______________
19:13:44 : ______________________________________________
19:13:44 : ______________________________________________
19:35:31 : ______________________________________________
19:35:31 : ______________________________________________
19:35:31 : _______________train epoch0 start_______________
19:35:31 : ______________________________________________
19:35:31 : ______________________________________________
19:51:41 : __________________train end__________________
19:51:41 : 正确分类的样本数：108111，样本总数：120000，准确率：0.900925，ave_loss：0.01782175339758396
19:51:41 : 准确率:0.900925
19:51:41 : __________________test start__________________
19:52:00 : 正确分类的样本数：6801，样本总数：7600，准确率：0.8948684210526315，ave_loss：0.019699200987815857
19:52:00 :               precision    recall  f1-score   support

           0       0.91      0.90      0.90      1900
           1       0.92      0.96      0.94      1900
           2       0.87      0.84      0.86      1900
           3       0.87      0.88      0.87      1900

    accuracy                           0.89      7600
   macro avg       0.89      0.89      0.89      7600
weighted avg       0.89      0.89      0.89      7600

19:52:00 : 准确率:0.8948684210526315
19:52:00 : store model
19:52:01 : train_acc:0.900925  train_epoch_loss:2138.6103515625  test_acc:0.8948684210526315  test_epoch_loss:149.71392822265625
19:52:01 : __________________test end__________________
19:52:01 : ______________________________________________
19:52:01 : ______________________________________________
19:52:01 : _______________train epoch 0 end_______________
19:52:01 : ______________________________________________
19:52:01 : ______________________________________________
19:52:01 : ______________________________________________
19:52:01 : ______________________________________________
19:52:01 : _______________train epoch1 start_______________
19:52:01 : ______________________________________________
19:52:01 : ______________________________________________
20:08:12 : __________________train end__________________
20:08:12 : 正确分类的样本数：108995，样本总数：120000，准确率：0.9082916666666667，ave_loss：0.016562724485993385
20:08:12 : 准确率:0.9082916666666667
20:08:12 : __________________test start__________________
20:08:31 : 正确分类的样本数：6817，样本总数：7600，准确率：0.8969736842105264，ave_loss：0.019392598420381546
20:08:31 :               precision    recall  f1-score   support

           0       0.91      0.90      0.91      1900
           1       0.94      0.95      0.94      1900
           2       0.88      0.84      0.86      1900
           3       0.86      0.90      0.88      1900

    accuracy                           0.90      7600
   macro avg       0.90      0.90      0.90      7600
weighted avg       0.90      0.90      0.90      7600

20:08:31 : 准确率:0.8969736842105264
20:08:31 : store model
20:08:32 : train_acc:0.9082916666666667  train_epoch_loss:1987.52685546875  test_acc:0.8969736842105264  test_epoch_loss:147.38375854492188
20:08:32 : __________________test end__________________
20:08:32 : ______________________________________________
20:08:32 : ______________________________________________
20:08:32 : _______________train epoch 1 end_______________
20:08:32 : ______________________________________________
20:08:32 : ______________________________________________
20:08:32 : ______________________________________________
20:08:32 : ______________________________________________
20:08:32 : _______________train epoch2 start_______________
20:08:32 : ______________________________________________
20:08:32 : ______________________________________________
20:19:53 : ______________________________________________
20:19:53 : ______________________________________________
20:19:53 : _______________train epoch0 start_______________
20:19:53 : ______________________________________________
20:19:53 : ______________________________________________
20:36:13 : __________________train end__________________
20:36:13 : 正确分类的样本数：104163，样本总数：120000，准确率：0.868025，ave_loss：0.023635413497686386
20:36:13 : 准确率:0.868025
20:36:13 : __________________test start__________________
20:36:31 : 正确分类的样本数：6684，样本总数：7600，准确率：0.8794736842105263，ave_loss：0.021829215809702873
20:36:31 :               precision    recall  f1-score   support

           0       0.92      0.87      0.89      1900
           1       0.90      0.95      0.93      1900
           2       0.85      0.82      0.84      1900
           3       0.84      0.87      0.86      1900

    accuracy                           0.88      7600
   macro avg       0.88      0.88      0.88      7600
weighted avg       0.88      0.88      0.88      7600

20:36:31 : 准确率:0.8794736842105263
20:36:31 : store model
20:36:32 : train_acc:0.868025  train_epoch_loss:2836.24951171875  test_acc:0.8794736842105263  test_epoch_loss:165.9020538330078
20:36:32 : __________________test end__________________
20:36:32 : ______________________________________________
20:36:32 : ______________________________________________
20:36:32 : _______________train epoch 0 end_______________
20:36:32 : ______________________________________________
20:36:32 : ______________________________________________
20:36:32 : ______________________________________________
20:36:32 : ______________________________________________
20:36:32 : _______________train epoch1 start_______________
20:36:32 : ______________________________________________
20:36:32 : ______________________________________________
20:52:48 : __________________train end__________________
20:52:48 : 正确分类的样本数：105947，样本总数：120000，准确率：0.8828916666666666，ave_loss：0.021007491275668144
20:52:48 : 准确率:0.8828916666666666
20:52:48 : __________________test start__________________
20:53:06 : 正确分类的样本数：6727，样本总数：7600，准确率：0.8851315789473684，ave_loss：0.02069734036922455
20:53:06 :               precision    recall  f1-score   support

           0       0.91      0.88      0.90      1900
           1       0.90      0.96      0.93      1900
           2       0.87      0.82      0.84      1900
           3       0.85      0.88      0.87      1900

    accuracy                           0.89      7600
   macro avg       0.89      0.89      0.88      7600
weighted avg       0.89      0.89      0.88      7600

20:53:06 : 准确率:0.8851315789473684
20:53:06 : store model
20:53:07 : train_acc:0.8828916666666666  train_epoch_loss:2520.89892578125  test_acc:0.8851315789473684  test_epoch_loss:157.29978942871094
20:53:07 : __________________test end__________________
20:53:07 : ______________________________________________
20:53:07 : ______________________________________________
20:53:07 : _______________train epoch 1 end_______________
20:53:07 : ______________________________________________
20:53:07 : ______________________________________________
20:53:07 : ______________________________________________
20:53:07 : ______________________________________________
20:53:07 : _______________train epoch2 start_______________
20:53:07 : ______________________________________________
20:53:07 : ______________________________________________
21:09:26 : __________________train end__________________
21:09:26 : 正确分类的样本数：107193，样本总数：120000，准确率：0.893275，ave_loss：0.019251801073551178
21:09:26 : 准确率:0.893275
21:09:26 : __________________test start__________________
21:09:44 : 正确分类的样本数：6774，样本总数：7600，准确率：0.8913157894736842，ave_loss：0.019895412027835846
21:09:44 :               precision    recall  f1-score   support

           0       0.92      0.89      0.90      1900
           1       0.92      0.95      0.94      1900
           2       0.86      0.85      0.85      1900
           3       0.87      0.88      0.87      1900

    accuracy                           0.89      7600
   macro avg       0.89      0.89      0.89      7600
weighted avg       0.89      0.89      0.89      7600

21:09:44 : 准确率:0.8913157894736842
21:09:44 : store model
21:09:45 : train_acc:0.893275  train_epoch_loss:2310.216064453125  test_acc:0.8913157894736842  test_epoch_loss:151.20513916015625
21:09:45 : __________________test end__________________
21:09:45 : ______________________________________________
21:09:45 : ______________________________________________
21:09:45 : _______________train epoch 2 end_______________
21:09:45 : ______________________________________________
21:09:45 : ______________________________________________
21:09:45 : ______________________________________________
21:09:45 : ______________________________________________
21:09:45 : _______________train epoch3 start_______________
21:09:45 : ______________________________________________
21:09:45 : ______________________________________________
21:32:41 : ______________________________________________
21:32:41 : ______________________________________________
21:32:41 : _______________train epoch0 start_______________
21:32:41 : ______________________________________________
21:32:41 : ______________________________________________
21:52:25 : ______________________________________________
21:52:25 : ______________________________________________
21:52:25 : _______________train epoch0 start_______________
21:52:25 : ______________________________________________
21:52:25 : ______________________________________________
22:10:59 : __________________train end__________________
22:10:59 : 正确分类的样本数：103390，样本总数：120000，准确率：0.8615833333333334，ave_loss：0.012341280467808247
22:10:59 : 准确率:0.8615833333333334
22:10:59 : __________________test start__________________
22:11:15 : 正确分类的样本数：6804，样本总数：7600，准确率：0.8952631578947369，ave_loss：0.009496037848293781
22:11:15 :               precision    recall  f1-score   support

           0       0.92      0.89      0.91      1900
           1       0.93      0.96      0.94      1900
           2       0.87      0.85      0.86      1900
           3       0.87      0.88      0.87      1900

    accuracy                           0.90      7600
   macro avg       0.90      0.90      0.90      7600
weighted avg       0.90      0.90      0.90      7600

22:11:15 : 准确率:0.8952631578947369
22:11:15 : store model
22:11:16 : train_acc:0.8615833333333334  train_epoch_loss:1480.95361328125  test_acc:0.8952631578947369  test_epoch_loss:72.16989135742188
22:11:16 : __________________test end__________________
22:11:16 : ______________________________________________
22:11:16 : ______________________________________________
22:11:16 : _______________train epoch 0 end_______________
22:11:16 : ______________________________________________
22:11:16 : ______________________________________________
22:11:16 : ______________________________________________
22:11:16 : ______________________________________________
22:11:16 : _______________train epoch1 start_______________
22:11:16 : ______________________________________________
22:11:16 : ______________________________________________
22:24:28 : __________________train end__________________
22:24:28 : 正确分类的样本数：109151，样本总数：120000，准确率：0.9095916666666667，ave_loss：0.008238010108470917
22:24:28 : 准确率:0.9095916666666667
22:24:28 : __________________test start__________________
22:24:44 : 正确分类的样本数：6857，样本总数：7600，准确率：0.9022368421052631，ave_loss：0.009134156629443169
22:24:44 :               precision    recall  f1-score   support

           0       0.91      0.92      0.91      1900
           1       0.94      0.95      0.95      1900
           2       0.89      0.84      0.86      1900
           3       0.87      0.90      0.89      1900

    accuracy                           0.90      7600
   macro avg       0.90      0.90      0.90      7600
weighted avg       0.90      0.90      0.90      7600

22:24:44 : 准确率:0.9022368421052631
22:24:44 : store model
22:24:45 : train_acc:0.9095916666666667  train_epoch_loss:988.5611572265625  test_acc:0.9022368421052631  test_epoch_loss:69.41959381103516
22:24:45 : __________________test end__________________
22:24:45 : ______________________________________________
22:24:45 : ______________________________________________
22:24:45 : _______________train epoch 1 end_______________
22:24:45 : ______________________________________________
22:24:45 : ______________________________________________
22:24:45 : ______________________________________________
22:24:45 : ______________________________________________
22:24:45 : _______________train epoch2 start_______________
22:24:45 : ______________________________________________
22:24:45 : ______________________________________________
22:37:56 : __________________train end__________________
22:37:56 : 正确分类的样本数：111669，样本总数：120000，准确率：0.930575，ave_loss：0.006274729035794735
22:37:56 : 准确率:0.930575
22:37:56 : __________________test start__________________
22:38:12 : 正确分类的样本数：6840，样本总数：7600，准确率：0.9，ave_loss：0.009795408695936203
22:38:12 :               precision    recall  f1-score   support

           0       0.89      0.93      0.91      1900
           1       0.94      0.94      0.94      1900
           2       0.90      0.83      0.87      1900
           3       0.87      0.90      0.88      1900

    accuracy                           0.90      7600
   macro avg       0.90      0.90      0.90      7600
weighted avg       0.90      0.90      0.90      7600

22:38:12 : 准确率:0.9
22:38:12 : train_acc:0.930575  train_epoch_loss:752.9674682617188  test_acc:0.9  test_epoch_loss:74.44510650634766
22:38:12 : __________________test end__________________
22:38:12 : ______________________________________________
22:38:12 : ______________________________________________
22:38:12 : _______________train epoch 2 end_______________
22:38:12 : ______________________________________________
22:38:12 : ______________________________________________
22:38:12 : ______________________________________________
22:38:12 : ______________________________________________
22:38:12 : _______________train epoch3 start_______________
22:38:12 : ______________________________________________
22:38:12 : ______________________________________________
22:51:18 : __________________train end__________________
22:51:18 : 正确分类的样本数：113685，样本总数：120000，准确率：0.947375，ave_loss：0.004803814925253391
22:51:18 : 准确率:0.947375
22:51:18 : __________________test start__________________
22:51:34 : 正确分类的样本数：6877，样本总数：7600，准确率：0.9048684210526315，ave_loss：0.010255029425024986
22:51:34 :               precision    recall  f1-score   support

           0       0.93      0.91      0.92      1900
           1       0.91      0.98      0.94      1900
           2       0.89      0.85      0.87      1900
           3       0.88      0.88      0.88      1900

    accuracy                           0.90      7600
   macro avg       0.90      0.90      0.90      7600
weighted avg       0.90      0.90      0.90      7600

22:51:34 : 准确率:0.9048684210526315
22:51:34 : train_acc:0.947375  train_epoch_loss:576.457763671875  test_acc:0.9048684210526315  test_epoch_loss:77.93822479248047
22:51:34 : __________________test end__________________
22:51:34 : ______________________________________________
22:51:34 : ______________________________________________
22:51:34 : _______________train epoch 3 end_______________
22:51:34 : ______________________________________________
22:51:34 : ______________________________________________
22:51:34 : ______________________________________________
22:51:34 : ______________________________________________
22:51:34 : _______________train epoch4 start_______________
22:51:34 : ______________________________________________
22:51:34 : ______________________________________________
23:04:44 : __________________train end__________________
23:04:44 : 正确分类的样本数：115102，样本总数：120000，准确率：0.9591833333333334，ave_loss：0.0036966088227927685
23:04:44 : 准确率:0.9591833333333334
23:04:44 : __________________test start__________________
23:05:00 : 正确分类的样本数：6850，样本总数：7600，准确率：0.9013157894736842，ave_loss：0.011009526439011097
23:05:00 :               precision    recall  f1-score   support

           0       0.92      0.91      0.91      1900
           1       0.95      0.94      0.94      1900
           2       0.88      0.86      0.87      1900
           3       0.85      0.91      0.88      1900

    accuracy                           0.90      7600
   macro avg       0.90      0.90      0.90      7600
weighted avg       0.90      0.90      0.90      7600

23:05:00 : 准确率:0.9013157894736842
23:05:00 : train_acc:0.9591833333333334  train_epoch_loss:443.5930480957031  test_acc:0.9013157894736842  test_epoch_loss:83.67240142822266
23:05:00 : __________________test end__________________
23:05:00 : ______________________________________________
23:05:00 : ______________________________________________
23:05:00 : _______________train epoch 4 end_______________
23:05:00 : ______________________________________________
23:05:00 : ______________________________________________
23:05:00 : ______________________________________________
23:05:00 : ______________________________________________
23:05:00 : _______________train epoch5 start_______________
23:05:00 : ______________________________________________
23:05:00 : ______________________________________________
23:18:12 : __________________train end__________________
23:18:12 : 正确分类的样本数：116044，样本总数：120000，准确率：0.9670333333333333，ave_loss：0.0029305601492524147
23:18:12 : 准确率:0.9670333333333333
23:18:12 : __________________test start__________________
23:18:28 : 正确分类的样本数：6835，样本总数：7600，准确率：0.8993421052631579，ave_loss：0.012137319892644882
23:18:28 :               precision    recall  f1-score   support

           0       0.90      0.92      0.91      1900
           1       0.95      0.95      0.95      1900
           2       0.89      0.83      0.86      1900
           3       0.86      0.89      0.88      1900

    accuracy                           0.90      7600
   macro avg       0.90      0.90      0.90      7600
weighted avg       0.90      0.90      0.90      7600

23:18:28 : 准确率:0.8993421052631579
23:18:28 : train_acc:0.9670333333333333  train_epoch_loss:351.6672058105469  test_acc:0.8993421052631579  test_epoch_loss:92.24363708496094
23:18:28 : __________________test end__________________
23:18:28 : ______________________________________________
23:18:28 : ______________________________________________
23:18:28 : _______________train epoch 5 end_______________
23:18:28 : ______________________________________________
23:18:28 : ______________________________________________
23:18:28 : ______________________________________________
23:18:28 : ______________________________________________
23:18:28 : _______________train epoch6 start_______________
23:18:28 : ______________________________________________
23:18:28 : ______________________________________________
23:51:13 : ______________________________________________
23:51:13 : ______________________________________________
23:51:13 : _______________train epoch0 start_______________
23:51:13 : ______________________________________________
23:51:13 : ______________________________________________
00:04:25 : __________________train end__________________
00:04:25 : 正确分类的样本数：34551，样本总数：120000，准确率：0.287925，ave_loss：0.04313231259584427
00:04:25 : 准确率:0.287925
00:04:25 : __________________test start__________________
00:04:40 : 正确分类的样本数：2231，样本总数：7600，准确率：0.29355263157894734，ave_loss：0.043195225298404694
00:04:41 :               precision    recall  f1-score   support

           0       0.34      0.39      0.36      1900
           1       0.26      0.45      0.33      1900
           2       0.34      0.07      0.11      1900
           3       0.30      0.27      0.28      1900

    accuracy                           0.29      7600
   macro avg       0.31      0.29      0.27      7600
weighted avg       0.31      0.29      0.27      7600

00:04:41 : 准确率:0.29355263157894734
00:04:41 : store model
00:04:42 : train_acc:0.287925  train_epoch_loss:5175.87744140625  test_acc:0.29355263157894734  test_epoch_loss:328.2837219238281
00:04:42 : __________________test end__________________
00:04:42 : ______________________________________________
00:04:42 : ______________________________________________
00:04:42 : _______________train epoch 0 end_______________
00:04:42 : ______________________________________________
00:04:42 : ______________________________________________
00:04:42 : ______________________________________________
00:04:42 : ______________________________________________
00:04:42 : _______________train epoch1 start_______________
00:04:42 : ______________________________________________
00:04:42 : ______________________________________________
00:15:00 : ______________________________________________
00:15:00 : ______________________________________________
00:15:00 : _______________train epoch0 start_______________
00:15:00 : ______________________________________________
00:15:00 : ______________________________________________
00:27:56 : __________________train end__________________
00:27:56 : 正确分类的样本数：103809，样本总数：120000，准确率：0.865075，ave_loss：0.012182855978608131
00:27:56 : 准确率:0.865075
00:27:56 : __________________test start__________________
00:28:12 : 正确分类的样本数：6801，样本总数：7600，准确率：0.8948684210526315，ave_loss：0.009871070273220539
00:28:12 :               precision    recall  f1-score   support

           0       0.91      0.90      0.91      1900
           1       0.95      0.93      0.94      1900
           2       0.86      0.86      0.86      1900
           3       0.86      0.89      0.88      1900

    accuracy                           0.89      7600
   macro avg       0.90      0.89      0.90      7600
weighted avg       0.90      0.89      0.90      7600

00:28:12 : 准确率:0.8948684210526315
00:28:12 : store model
00:28:13 : train_acc:0.865075  train_epoch_loss:1461.9427490234375  test_acc:0.8948684210526315  test_epoch_loss:75.02013397216797
00:28:13 : __________________test end__________________
00:28:13 : ______________________________________________
00:28:13 : ______________________________________________
00:28:13 : _______________train epoch 0 end_______________
00:28:13 : ______________________________________________
00:28:13 : ______________________________________________
00:28:13 : ______________________________________________
00:28:13 : ______________________________________________
00:28:13 : _______________train epoch1 start_______________
00:28:13 : ______________________________________________
00:28:13 : ______________________________________________
00:41:11 : __________________train end__________________
00:41:11 : 正确分类的样本数：109381，样本总数：120000，准确率：0.9115083333333334，ave_loss：0.008056181482970715
00:41:11 : 准确率:0.9115083333333334
00:41:11 : __________________test start__________________
00:41:27 : 正确分类的样本数：6840，样本总数：7600，准确率：0.9，ave_loss：0.009278981015086174
00:41:27 :               precision    recall  f1-score   support

           0       0.93      0.89      0.91      1900
           1       0.95      0.95      0.95      1900
           2       0.89      0.84      0.86      1900
           3       0.84      0.92      0.88      1900

    accuracy                           0.90      7600
   macro avg       0.90      0.90      0.90      7600
weighted avg       0.90      0.90      0.90      7600

00:41:27 : 准确率:0.9
00:41:27 : store model
00:41:28 : train_acc:0.9115083333333334  train_epoch_loss:966.7417602539062  test_acc:0.9  test_epoch_loss:70.52025604248047
00:41:28 : __________________test end__________________
00:41:28 : ______________________________________________
00:41:28 : ______________________________________________
00:41:28 : _______________train epoch 1 end_______________
00:41:28 : ______________________________________________
00:41:28 : ______________________________________________
00:41:28 : ______________________________________________
00:41:28 : ______________________________________________
00:41:28 : _______________train epoch2 start_______________
00:41:28 : ______________________________________________
00:41:28 : ______________________________________________
00:54:24 : __________________train end__________________
00:54:24 : 正确分类的样本数：111836，样本总数：120000，准确率：0.9319666666666667，ave_loss：0.006180391181260347
00:54:24 : 准确率:0.9319666666666667
00:54:24 : __________________test start__________________
00:54:40 : 正确分类的样本数：6878，样本总数：7600，准确率：0.905，ave_loss：0.009587527252733707
00:54:40 :               precision    recall  f1-score   support

           0       0.92      0.91      0.92      1900
           1       0.95      0.95      0.95      1900
           2       0.89      0.85      0.87      1900
           3       0.86      0.91      0.89      1900

    accuracy                           0.91      7600
   macro avg       0.91      0.91      0.90      7600
weighted avg       0.91      0.91      0.90      7600

00:54:40 : 准确率:0.905
00:54:40 : train_acc:0.9319666666666667  train_epoch_loss:741.6469116210938  test_acc:0.905  test_epoch_loss:72.8652114868164
00:54:40 : __________________test end__________________
00:54:40 : ______________________________________________
00:54:40 : ______________________________________________
00:54:40 : _______________train epoch 2 end_______________
00:54:40 : ______________________________________________
00:54:40 : ______________________________________________
00:54:40 : ______________________________________________
00:54:40 : ______________________________________________
00:54:40 : _______________train epoch3 start_______________
00:54:40 : ______________________________________________
00:54:40 : ______________________________________________
01:07:35 : __________________train end__________________
01:07:35 : 正确分类的样本数：113622，样本总数：120000，准确率：0.94685，ave_loss：0.0048858425579965115
01:07:35 : 准确率:0.94685
01:07:35 : __________________test start__________________
01:07:51 : 正确分类的样本数：6871，样本总数：7600，准确率：0.9040789473684211，ave_loss：0.010319883935153484
01:07:51 :               precision    recall  f1-score   support

           0       0.90      0.92      0.91      1900
           1       0.94      0.96      0.95      1900
           2       0.89      0.84      0.87      1900
           3       0.88      0.89      0.88      1900

    accuracy                           0.90      7600
   macro avg       0.90      0.90      0.90      7600
weighted avg       0.90      0.90      0.90      7600

01:07:51 : 准确率:0.9040789473684211
01:07:51 : train_acc:0.94685  train_epoch_loss:586.3010864257812  test_acc:0.9040789473684211  test_epoch_loss:78.43112182617188
01:07:51 : __________________test end__________________
01:07:51 : ______________________________________________
01:07:51 : ______________________________________________
01:07:51 : _______________train epoch 3 end_______________
01:07:51 : ______________________________________________
01:07:51 : ______________________________________________
01:07:51 : ______________________________________________
01:07:51 : ______________________________________________
01:07:51 : _______________train epoch4 start_______________
01:07:51 : ______________________________________________
01:07:51 : ______________________________________________
01:20:47 : __________________train end__________________
01:20:47 : 正确分类的样本数：114761，样本总数：120000，准确率：0.9563416666666666，ave_loss：0.003956088796257973
01:20:47 : 准确率:0.9563416666666666
01:20:47 : __________________test start__________________
01:21:03 : 正确分类的样本数：6853，样本总数：7600，准确率：0.9017105263157895，ave_loss：0.010754968971014023
01:21:03 :               precision    recall  f1-score   support

           0       0.91      0.92      0.91      1900
           1       0.94      0.96      0.95      1900
           2       0.88      0.85      0.86      1900
           3       0.88      0.87      0.88      1900

    accuracy                           0.90      7600
   macro avg       0.90      0.90      0.90      7600
weighted avg       0.90      0.90      0.90      7600

01:21:03 : 准确率:0.9017105263157895
01:21:03 : train_acc:0.9563416666666666  train_epoch_loss:474.73065185546875  test_acc:0.9017105263157895  test_epoch_loss:81.7377700805664
01:21:03 : __________________test end__________________
01:21:03 : ______________________________________________
01:21:03 : ______________________________________________
01:21:03 : _______________train epoch 4 end_______________
01:21:03 : ______________________________________________
01:21:03 : ______________________________________________
01:21:03 : ______________________________________________
01:21:03 : ______________________________________________
01:21:03 : _______________train epoch5 start_______________
01:21:03 : ______________________________________________
01:21:03 : ______________________________________________
