18:33:44 : ______________________________________________
18:33:44 : ______________________________________________
18:33:44 : _______________train epoch0 start_______________
18:33:44 : ______________________________________________
18:33:44 : ______________________________________________
18:34:45 : ______________________________________________
18:34:45 : ______________________________________________
18:34:45 : _______________train epoch0 start_______________
18:34:45 : ______________________________________________
18:34:45 : ______________________________________________
18:35:17 : ______________________________________________
18:35:17 : ______________________________________________
18:35:17 : _______________train epoch0 start_______________
18:35:17 : ______________________________________________
18:35:17 : ______________________________________________
18:35:53 : ______________________________________________
18:35:53 : ______________________________________________
18:35:53 : _______________train epoch0 start_______________
18:35:53 : ______________________________________________
18:35:53 : ______________________________________________
18:36:10 : ______________________________________________
18:36:10 : ______________________________________________
18:36:10 : _______________train epoch0 start_______________
18:36:10 : ______________________________________________
18:36:10 : ______________________________________________
18:36:58 : ______________________________________________
18:36:58 : ______________________________________________
18:36:58 : _______________train epoch0 start_______________
18:36:58 : ______________________________________________
18:36:58 : ______________________________________________
18:37:45 : ______________________________________________
18:37:45 : ______________________________________________
18:37:45 : _______________train epoch0 start_______________
18:37:45 : ______________________________________________
18:37:45 : ______________________________________________
18:38:05 : ______________________________________________
18:38:05 : ______________________________________________
18:38:05 : _______________train epoch0 start_______________
18:38:05 : ______________________________________________
18:38:05 : ______________________________________________
18:38:16 : ______________________________________________
18:38:16 : ______________________________________________
18:38:16 : _______________train epoch0 start_______________
18:38:16 : ______________________________________________
18:38:16 : ______________________________________________
18:39:04 : ______________________________________________
18:39:04 : ______________________________________________
18:39:04 : _______________train epoch0 start_______________
18:39:04 : ______________________________________________
18:39:04 : ______________________________________________
18:40:37 : ______________________________________________
18:40:37 : ______________________________________________
18:40:37 : _______________train epoch0 start_______________
18:40:37 : ______________________________________________
18:40:37 : ______________________________________________
18:41:14 : ______________________________________________
18:41:14 : ______________________________________________
18:41:14 : _______________train epoch0 start_______________
18:41:14 : ______________________________________________
18:41:14 : ______________________________________________
18:41:48 : ______________________________________________
18:41:48 : ______________________________________________
18:41:48 : _______________train epoch0 start_______________
18:41:48 : ______________________________________________
18:41:48 : ______________________________________________
18:44:58 : ______________________________________________
18:44:58 : ______________________________________________
18:44:58 : _______________train epoch0 start_______________
18:44:58 : ______________________________________________
18:44:58 : ______________________________________________
18:45:58 : ______________________________________________
18:45:58 : ______________________________________________
18:45:58 : _______________train epoch0 start_______________
18:45:58 : ______________________________________________
18:45:58 : ______________________________________________
18:48:33 : ______________________________________________
18:48:33 : ______________________________________________
18:48:33 : _______________train epoch0 start_______________
18:48:33 : ______________________________________________
18:48:33 : ______________________________________________
18:51:05 : ______________________________________________
18:51:05 : ______________________________________________
18:51:05 : _______________train epoch0 start_______________
18:51:05 : ______________________________________________
18:51:05 : ______________________________________________
18:53:49 : ______________________________________________
18:53:49 : ______________________________________________
18:53:49 : _______________train epoch0 start_______________
18:53:49 : ______________________________________________
18:53:49 : ______________________________________________
19:10:43 : __________________train end__________________
19:10:43 : 正确分类的样本数：96509，样本总数：119999，准确率：0.8042483687364061，ave_loss：0.037341609597206116
19:10:43 : 准确率:0.8042483687364061
19:10:43 : __________________test start__________________
19:11:02 : 正确分类的样本数：6478，样本总数：7599，准确率：0.8524805895512567，ave_loss：0.028008056804537773
19:11:02 : 准确率:0.8524805895512567
19:11:02 : store model
19:11:03 : train_acc:0.8042483687364061  train_epoch_loss:4480.9560546875  test_acc:0.8524805895512567  test_epoch_loss:212.83323669433594
19:11:03 : __________________test end__________________
19:11:03 : ______________________________________________
19:11:03 : ______________________________________________
19:11:03 : _______________train epoch 0 end_______________
19:11:03 : ______________________________________________
19:11:03 : ______________________________________________
19:11:03 : ______________________________________________
19:11:03 : ______________________________________________
19:11:03 : _______________train epoch1 start_______________
19:11:03 : ______________________________________________
19:11:03 : ______________________________________________
19:27:56 : __________________train end__________________
19:27:56 : 正确分类的样本数：102430，样本总数：119999，准确率：0.8535904465870549，ave_loss：0.02875163033604622
19:27:56 : 准确率:0.8535904465870549
19:27:56 : __________________test start__________________
19:28:15 : 正确分类的样本数：6578，样本总数：7599，准确率：0.8656402158178708，ave_loss：0.02612912654876709
19:28:15 : 准确率:0.8656402158178708
19:28:15 : store model
19:28:16 : train_acc:0.8535904465870549  train_epoch_loss:3450.1669921875  test_acc:0.8656402158178708  test_epoch_loss:198.55523681640625
19:28:16 : __________________test end__________________
19:28:16 : ______________________________________________
19:28:16 : ______________________________________________
19:28:16 : _______________train epoch 1 end_______________
19:28:16 : ______________________________________________
19:28:16 : ______________________________________________
19:28:16 : ______________________________________________
19:28:16 : ______________________________________________
19:28:16 : _______________train epoch2 start_______________
19:28:16 : ______________________________________________
19:28:16 : ______________________________________________
19:36:06 : ______________________________________________
19:36:06 : ______________________________________________
19:36:06 : _______________train epoch0 start_______________
19:36:06 : ______________________________________________
19:36:06 : ______________________________________________
19:52:44 : __________________train end__________________
19:52:44 : 正确分类的样本数：107896，样本总数：120000，准确率：0.8991333333333333，ave_loss：0.021693117916584015
19:52:44 : 准确率:0.8991333333333333
19:52:44 : __________________test start__________________
19:53:03 : 正确分类的样本数：6766，样本总数：7600，准确率：0.8902631578947369，ave_loss：0.022035937756299973
19:53:03 :               precision    recall  f1-score   support

           0       0.91      0.89      0.90      1900
           1       0.92      0.95      0.93      1900
           2       0.88      0.83      0.85      1900
           3       0.85      0.89      0.87      1900

    accuracy                           0.89      7600
   macro avg       0.89      0.89      0.89      7600
weighted avg       0.89      0.89      0.89      7600

19:53:03 : 准确率:0.8902631578947369
19:53:03 : store model
19:53:04 : train_acc:0.8991333333333333  train_epoch_loss:2603.174072265625  test_acc:0.8902631578947369  test_epoch_loss:167.47312927246094
19:53:04 : __________________test end__________________
19:53:04 : ______________________________________________
19:53:04 : ______________________________________________
19:53:04 : _______________train epoch 0 end_______________
19:53:04 : ______________________________________________
19:53:04 : ______________________________________________
19:53:04 : ______________________________________________
19:53:04 : ______________________________________________
19:53:04 : _______________train epoch1 start_______________
19:53:04 : ______________________________________________
19:53:04 : ______________________________________________
20:09:41 : __________________train end__________________
20:09:41 : 正确分类的样本数：108238，样本总数：120000，准确率：0.9019833333333334，ave_loss：0.021825669333338737
20:09:41 : 准确率:0.9019833333333334
20:09:41 : __________________test start__________________
20:10:00 : 正确分类的样本数：6763，样本总数：7600，准确率：0.8898684210526315，ave_loss：0.02253173291683197
20:10:00 :               precision    recall  f1-score   support

           0       0.92      0.88      0.90      1900
           1       0.93      0.94      0.94      1900
           2       0.88      0.82      0.85      1900
           3       0.83      0.92      0.87      1900

    accuracy                           0.89      7600
   macro avg       0.89      0.89      0.89      7600
weighted avg       0.89      0.89      0.89      7600

20:10:00 : 准确率:0.8898684210526315
20:10:00 : train_acc:0.9019833333333334  train_epoch_loss:2619.080322265625  test_acc:0.8898684210526315  test_epoch_loss:171.24118041992188
20:10:00 : __________________test end__________________
20:10:00 : ______________________________________________
20:10:00 : ______________________________________________
20:10:00 : _______________train epoch 1 end_______________
20:10:00 : ______________________________________________
20:10:00 : ______________________________________________
20:10:00 : ______________________________________________
20:10:00 : ______________________________________________
20:10:00 : _______________train epoch2 start_______________
20:10:00 : ______________________________________________
20:10:00 : ______________________________________________
20:19:57 : ______________________________________________
20:19:57 : ______________________________________________
20:19:57 : _______________train epoch0 start_______________
20:19:57 : ______________________________________________
20:19:57 : ______________________________________________
20:36:32 : __________________train end__________________
20:36:32 : 正确分类的样本数：103615，样本总数：120000，准确率：0.8634583333333333，ave_loss：0.026738591492176056
20:36:32 : 准确率:0.8634583333333333
20:36:32 : __________________test start__________________
20:36:50 : 正确分类的样本数：6600，样本总数：7600，准确率：0.868421052631579，ave_loss：0.024508293718099594
20:36:50 :               precision    recall  f1-score   support

           0       0.93      0.85      0.89      1900
           1       0.90      0.94      0.92      1900
           2       0.82      0.82      0.82      1900
           3       0.82      0.86      0.84      1900

    accuracy                           0.87      7600
   macro avg       0.87      0.87      0.87      7600
weighted avg       0.87      0.87      0.87      7600

20:36:50 : 准确率:0.868421052631579
20:36:50 : store model
20:36:51 : train_acc:0.8634583333333333  train_epoch_loss:3208.630859375  test_acc:0.868421052631579  test_epoch_loss:186.26304626464844
20:36:51 : __________________test end__________________
20:36:51 : ______________________________________________
20:36:51 : ______________________________________________
20:36:51 : _______________train epoch 0 end_______________
20:36:51 : ______________________________________________
20:36:51 : ______________________________________________
20:36:51 : ______________________________________________
20:36:51 : ______________________________________________
20:36:51 : _______________train epoch1 start_______________
20:36:51 : ______________________________________________
20:36:51 : ______________________________________________
20:53:26 : __________________train end__________________
20:53:26 : 正确分类的样本数：104580，样本总数：120000，准确率：0.8715，ave_loss：0.02591838873922825
20:53:26 : 准确率:0.8715
20:53:26 : __________________test start__________________
20:53:45 : 正确分类的样本数：6656，样本总数：7600，准确率：0.8757894736842106，ave_loss：0.0240956861525774
20:53:45 :               precision    recall  f1-score   support

           0       0.89      0.89      0.89      1900
           1       0.90      0.94      0.92      1900
           2       0.85      0.83      0.84      1900
           3       0.85      0.85      0.85      1900

    accuracy                           0.88      7600
   macro avg       0.88      0.88      0.88      7600
weighted avg       0.88      0.88      0.88      7600

20:53:45 : 准确率:0.8757894736842106
20:53:45 : store model
20:53:46 : train_acc:0.8715  train_epoch_loss:3110.20654296875  test_acc:0.8757894736842106  test_epoch_loss:183.12722778320312
20:53:46 : __________________test end__________________
20:53:46 : ______________________________________________
20:53:46 : ______________________________________________
20:53:46 : _______________train epoch 1 end_______________
20:53:46 : ______________________________________________
20:53:46 : ______________________________________________
20:53:46 : ______________________________________________
20:53:46 : ______________________________________________
20:53:46 : _______________train epoch2 start_______________
20:53:46 : ______________________________________________
20:53:46 : ______________________________________________
21:10:24 : __________________train end__________________
21:10:24 : 正确分类的样本数：105442，样本总数：120000，准确率：0.8786833333333334，ave_loss：0.02486196905374527
21:10:24 : 准确率:0.8786833333333334
21:10:24 : __________________test start__________________
21:10:43 : 正确分类的样本数：6698，样本总数：7600，准确率：0.8813157894736842，ave_loss：0.023335164412856102
21:10:43 :               precision    recall  f1-score   support

           0       0.91      0.88      0.90      1900
           1       0.91      0.95      0.93      1900
           2       0.85      0.83      0.84      1900
           3       0.85      0.86      0.86      1900

    accuracy                           0.88      7600
   macro avg       0.88      0.88      0.88      7600
weighted avg       0.88      0.88      0.88      7600

21:10:43 : 准确率:0.8813157894736842
21:10:43 : store model
21:10:44 : train_acc:0.8786833333333334  train_epoch_loss:2983.436279296875  test_acc:0.8813157894736842  test_epoch_loss:177.34725952148438
21:10:44 : __________________test end__________________
21:10:44 : ______________________________________________
21:10:44 : ______________________________________________
21:10:44 : _______________train epoch 2 end_______________
21:10:44 : ______________________________________________
21:10:44 : ______________________________________________
21:10:44 : ______________________________________________
21:10:44 : ______________________________________________
21:10:44 : _______________train epoch3 start_______________
21:10:44 : ______________________________________________
21:10:44 : ______________________________________________
21:27:18 : __________________train end__________________
21:27:18 : 正确分类的样本数：106064，样本总数：120000，准确率：0.8838666666666667，ave_loss：0.024279359728097916
21:27:18 : 准确率:0.8838666666666667
21:27:18 : __________________test start__________________
21:27:37 : 正确分类的样本数：6708，样本总数：7600，准确率：0.8826315789473684，ave_loss：0.023460859432816505
21:27:37 :               precision    recall  f1-score   support

           0       0.91      0.89      0.90      1900
           1       0.93      0.93      0.93      1900
           2       0.88      0.80      0.84      1900
           3       0.82      0.91      0.86      1900

    accuracy                           0.88      7600
   macro avg       0.88      0.88      0.88      7600
weighted avg       0.88      0.88      0.88      7600

21:27:37 : 准确率:0.8826315789473684
21:27:37 : train_acc:0.8838666666666667  train_epoch_loss:2913.523193359375  test_acc:0.8826315789473684  test_epoch_loss:178.3025360107422
21:27:37 : __________________test end__________________
21:27:37 : ______________________________________________
21:27:37 : ______________________________________________
21:27:37 : _______________train epoch 3 end_______________
21:27:37 : ______________________________________________
21:27:37 : ______________________________________________
21:27:37 : ______________________________________________
21:27:37 : ______________________________________________
21:27:37 : _______________train epoch4 start_______________
21:27:37 : ______________________________________________
21:27:37 : ______________________________________________
21:32:18 : ______________________________________________
21:32:18 : ______________________________________________
21:32:18 : _______________train epoch0 start_______________
21:32:18 : ______________________________________________
21:32:18 : ______________________________________________
21:52:23 : ______________________________________________
21:52:23 : ______________________________________________
21:52:23 : _______________train epoch0 start_______________
21:52:23 : ______________________________________________
21:52:23 : ______________________________________________
22:05:49 : __________________train end__________________
22:05:49 : 正确分类的样本数：103155，样本总数：120000，准确率：0.859625，ave_loss：0.012778671458363533
22:05:49 : 准确率:0.859625
22:05:49 : __________________test start__________________
22:06:05 : 正确分类的样本数：6767，样本总数：7600，准确率：0.8903947368421052，ave_loss：0.010136183351278305
22:06:05 :               precision    recall  f1-score   support

           0       0.93      0.88      0.90      1900
           1       0.91      0.95      0.93      1900
           2       0.86      0.85      0.86      1900
           3       0.86      0.88      0.87      1900

    accuracy                           0.89      7600
   macro avg       0.89      0.89      0.89      7600
weighted avg       0.89      0.89      0.89      7600

22:06:05 : 准确率:0.8903947368421052
22:06:05 : store model
22:06:06 : train_acc:0.859625  train_epoch_loss:1533.4405517578125  test_acc:0.8903947368421052  test_epoch_loss:77.03499603271484
22:06:06 : __________________test end__________________
22:06:06 : ______________________________________________
22:06:06 : ______________________________________________
22:06:06 : _______________train epoch 0 end_______________
22:06:06 : ______________________________________________
22:06:06 : ______________________________________________
22:06:06 : ______________________________________________
22:06:06 : ______________________________________________
22:06:06 : _______________train epoch1 start_______________
22:06:06 : ______________________________________________
22:06:06 : ______________________________________________
22:19:32 : __________________train end__________________
22:19:32 : 正确分类的样本数：108208，样本总数：120000，准确率：0.9017333333333334，ave_loss：0.009351206943392754
22:19:32 : 准确率:0.9017333333333334
22:19:32 : __________________test start__________________
22:19:48 : 正确分类的样本数：6802，样本总数：7600，准确率：0.895，ave_loss：0.009489151649177074
22:19:48 :               precision    recall  f1-score   support

           0       0.92      0.90      0.91      1900
           1       0.92      0.96      0.94      1900
           2       0.91      0.80      0.85      1900
           3       0.83      0.92      0.87      1900

    accuracy                           0.90      7600
   macro avg       0.90      0.90      0.89      7600
weighted avg       0.90      0.90      0.89      7600

22:19:48 : 准确率:0.895
22:19:48 : store model
22:19:49 : train_acc:0.9017333333333334  train_epoch_loss:1122.144775390625  test_acc:0.895  test_epoch_loss:72.1175537109375
22:19:49 : __________________test end__________________
22:19:49 : ______________________________________________
22:19:49 : ______________________________________________
22:19:49 : _______________train epoch 1 end_______________
22:19:49 : ______________________________________________
22:19:49 : ______________________________________________
22:19:49 : ______________________________________________
22:19:49 : ______________________________________________
22:19:49 : _______________train epoch2 start_______________
22:19:49 : ______________________________________________
22:19:49 : ______________________________________________
22:33:13 : __________________train end__________________
22:33:13 : 正确分类的样本数：110243，样本总数：120000，准确率：0.9186916666666667，ave_loss：0.00778390234336257
22:33:13 : 准确率:0.9186916666666667
22:33:13 : __________________test start__________________
22:33:29 : 正确分类的样本数：6862，样本总数：7600，准确率：0.9028947368421053，ave_loss：0.009419980458915234
22:33:29 :               precision    recall  f1-score   support

           0       0.94      0.89      0.91      1900
           1       0.92      0.97      0.95      1900
           2       0.89      0.84      0.87      1900
           3       0.86      0.91      0.88      1900

    accuracy                           0.90      7600
   macro avg       0.90      0.90      0.90      7600
weighted avg       0.90      0.90      0.90      7600

22:33:29 : 准确率:0.9028947368421053
22:33:29 : store model
22:33:30 : train_acc:0.9186916666666667  train_epoch_loss:934.0682983398438  test_acc:0.9028947368421053  test_epoch_loss:71.59185791015625
22:33:30 : __________________test end__________________
22:33:30 : ______________________________________________
22:33:30 : ______________________________________________
22:33:30 : _______________train epoch 2 end_______________
22:33:30 : ______________________________________________
22:33:30 : ______________________________________________
22:33:30 : ______________________________________________
22:33:30 : ______________________________________________
22:33:30 : _______________train epoch3 start_______________
22:33:30 : ______________________________________________
22:33:30 : ______________________________________________
22:46:50 : __________________train end__________________
22:46:50 : 正确分类的样本数：111793，样本总数：120000，准确率：0.9316083333333334，ave_loss：0.0065146987326443195
22:46:50 : 准确率:0.9316083333333334
22:46:50 : __________________test start__________________
22:47:06 : 正确分类的样本数：6835，样本总数：7600，准确率：0.8993421052631579，ave_loss：0.00937745999544859
22:47:06 :               precision    recall  f1-score   support

           0       0.91      0.92      0.91      1900
           1       0.95      0.95      0.95      1900
           2       0.85      0.88      0.86      1900
           3       0.89      0.85      0.87      1900

    accuracy                           0.90      7600
   macro avg       0.90      0.90      0.90      7600
weighted avg       0.90      0.90      0.90      7600

22:47:06 : 准确率:0.8993421052631579
22:47:06 : store model
22:47:07 : train_acc:0.9316083333333334  train_epoch_loss:781.7638549804688  test_acc:0.8993421052631579  test_epoch_loss:71.2686996459961
22:47:07 : __________________test end__________________
22:47:07 : ______________________________________________
22:47:07 : ______________________________________________
22:47:07 : _______________train epoch 3 end_______________
22:47:07 : ______________________________________________
22:47:07 : ______________________________________________
22:47:07 : ______________________________________________
22:47:07 : ______________________________________________
22:47:07 : _______________train epoch4 start_______________
22:47:07 : ______________________________________________
22:47:07 : ______________________________________________
23:00:30 : __________________train end__________________
23:00:30 : 正确分类的样本数：113246，样本总数：120000，准确率：0.9437166666666666，ave_loss：0.0054217614233493805
23:00:30 : 准确率:0.9437166666666666
23:00:30 : __________________test start__________________
23:00:46 : 正确分类的样本数：6854，样本总数：7600，准确率：0.9018421052631579，ave_loss：0.009564562700688839
23:00:46 :               precision    recall  f1-score   support

           0       0.91      0.92      0.91      1900
           1       0.94      0.96      0.95      1900
           2       0.87      0.87      0.87      1900
           3       0.89      0.86      0.87      1900

    accuracy                           0.90      7600
   macro avg       0.90      0.90      0.90      7600
weighted avg       0.90      0.90      0.90      7600

23:00:46 : 准确率:0.9018421052631579
23:00:46 : train_acc:0.9437166666666666  train_epoch_loss:650.6113891601562  test_acc:0.9018421052631579  test_epoch_loss:72.69068145751953
23:00:46 : __________________test end__________________
23:00:46 : ______________________________________________
23:00:46 : ______________________________________________
23:00:46 : _______________train epoch 4 end_______________
23:00:46 : ______________________________________________
23:00:46 : ______________________________________________
23:00:46 : ______________________________________________
23:00:46 : ______________________________________________
23:00:46 : _______________train epoch5 start_______________
23:00:46 : ______________________________________________
23:00:46 : ______________________________________________
23:14:13 : __________________train end__________________
23:14:13 : 正确分类的样本数：114310，样本总数：120000，准确率：0.9525833333333333，ave_loss：0.004480442963540554
23:14:13 : 准确率:0.9525833333333333
23:14:13 : __________________test start__________________
23:14:29 : 正确分类的样本数：6793，样本总数：7600，准确率：0.8938157894736842，ave_loss：0.010453511960804462
23:14:29 :               precision    recall  f1-score   support

           0       0.89      0.92      0.91      1900
           1       0.93      0.96      0.95      1900
           2       0.85      0.86      0.86      1900
           3       0.90      0.84      0.87      1900

    accuracy                           0.89      7600
   macro avg       0.89      0.89      0.89      7600
weighted avg       0.89      0.89      0.89      7600

23:14:29 : 准确率:0.8938157894736842
23:14:29 : train_acc:0.9525833333333333  train_epoch_loss:537.6531372070312  test_acc:0.8938157894736842  test_epoch_loss:79.44669342041016
23:14:29 : __________________test end__________________
23:14:29 : ______________________________________________
23:14:29 : ______________________________________________
23:14:29 : _______________train epoch 5 end_______________
23:14:29 : ______________________________________________
23:14:29 : ______________________________________________
23:14:29 : ______________________________________________
23:14:29 : ______________________________________________
23:14:29 : _______________train epoch6 start_______________
23:14:29 : ______________________________________________
23:14:29 : ______________________________________________
23:27:57 : __________________train end__________________
23:27:57 : 正确分类的样本数：115070，样本总数：120000，准确率：0.9589166666666666，ave_loss：0.003882740857079625
23:27:57 : 准确率:0.9589166666666666
23:27:57 : __________________test start__________________
23:28:13 : 正确分类的样本数：6805，样本总数：7600，准确率：0.8953947368421052，ave_loss：0.010761352255940437
23:28:13 :               precision    recall  f1-score   support

           0       0.88      0.93      0.90      1900
           1       0.95      0.93      0.94      1900
           2       0.88      0.84      0.86      1900
           3       0.88      0.88      0.88      1900

    accuracy                           0.90      7600
   macro avg       0.90      0.90      0.90      7600
weighted avg       0.90      0.90      0.90      7600

23:28:13 : 准确率:0.8953947368421052
23:28:13 : train_acc:0.9589166666666666  train_epoch_loss:465.92889404296875  test_acc:0.8953947368421052  test_epoch_loss:81.7862777709961
23:28:13 : __________________test end__________________
23:28:13 : ______________________________________________
23:28:13 : ______________________________________________
23:28:13 : _______________train epoch 6 end_______________
23:28:13 : ______________________________________________
23:28:13 : ______________________________________________
23:28:13 : ______________________________________________
23:28:13 : ______________________________________________
23:28:13 : _______________train epoch7 start_______________
23:28:13 : ______________________________________________
23:28:13 : ______________________________________________
23:51:14 : ______________________________________________
23:51:14 : ______________________________________________
23:51:14 : _______________train epoch0 start_______________
23:51:14 : ______________________________________________
23:51:14 : ______________________________________________
00:04:37 : __________________train end__________________
00:04:37 : 正确分类的样本数：35327，样本总数：120000，准确率：0.29439166666666666，ave_loss：0.04298394173383713
00:04:37 : 准确率:0.29439166666666666
00:04:37 : __________________test start__________________
00:04:53 : 正确分类的样本数：2344，样本总数：7600，准确率：0.30842105263157893，ave_loss：0.04301750659942627
00:04:53 :               precision    recall  f1-score   support

           0       0.35      0.01      0.01      1900
           1       0.37      0.34      0.35      1900
           2       0.35      0.09      0.14      1900
           3       0.28      0.80      0.42      1900

    accuracy                           0.31      7600
   macro avg       0.34      0.31      0.23      7600
weighted avg       0.34      0.31      0.23      7600

00:04:53 : 准确率:0.30842105263157893
00:04:53 : store model
00:04:54 : train_acc:0.29439166666666666  train_epoch_loss:5158.07275390625  test_acc:0.30842105263157893  test_epoch_loss:326.9330749511719
00:04:54 : __________________test end__________________
00:04:54 : ______________________________________________
00:04:54 : ______________________________________________
00:04:54 : _______________train epoch 0 end_______________
00:04:54 : ______________________________________________
00:04:54 : ______________________________________________
00:04:54 : ______________________________________________
00:04:54 : ______________________________________________
00:04:54 : _______________train epoch1 start_______________
00:04:54 : ______________________________________________
00:04:54 : ______________________________________________
00:14:00 : ______________________________________________
00:14:00 : ______________________________________________
00:14:00 : _______________train epoch0 start_______________
00:14:00 : ______________________________________________
00:14:00 : ______________________________________________
00:15:01 : ______________________________________________
00:15:01 : ______________________________________________
00:15:01 : _______________train epoch0 start_______________
00:15:01 : ______________________________________________
00:15:01 : ______________________________________________
00:28:16 : __________________train end__________________
00:28:16 : 正确分类的样本数：103148，样本总数：120000，准确率：0.8595666666666667，ave_loss：0.012832747772336006
00:28:16 : 准确率:0.8595666666666667
00:28:16 : __________________test start__________________
00:28:32 : 正确分类的样本数：6754，样本总数：7600，准确率：0.8886842105263157，ave_loss：0.01029693428426981
00:28:32 :               precision    recall  f1-score   support

           0       0.93      0.87      0.90      1900
           1       0.90      0.97      0.93      1900
           2       0.84      0.86      0.85      1900
           3       0.88      0.86      0.87      1900

    accuracy                           0.89      7600
   macro avg       0.89      0.89      0.89      7600
weighted avg       0.89      0.89      0.89      7600

00:28:32 : 准确率:0.8886842105263157
00:28:32 : store model
00:28:33 : train_acc:0.8595666666666667  train_epoch_loss:1539.9296875  test_acc:0.8886842105263157  test_epoch_loss:78.25670623779297
00:28:33 : __________________test end__________________
00:28:33 : ______________________________________________
00:28:33 : ______________________________________________
00:28:33 : _______________train epoch 0 end_______________
00:28:33 : ______________________________________________
00:28:33 : ______________________________________________
00:28:33 : ______________________________________________
00:28:33 : ______________________________________________
00:28:33 : _______________train epoch1 start_______________
00:28:33 : ______________________________________________
00:28:33 : ______________________________________________
00:41:52 : __________________train end__________________
00:41:52 : 正确分类的样本数：108215，样本总数：120000，准确率：0.9017916666666667，ave_loss：0.009248591028153896
00:41:52 : 准确率:0.9017916666666667
00:41:52 : __________________test start__________________
00:42:08 : 正确分类的样本数：6821，样本总数：7600，准确率：0.8975，ave_loss：0.00954706221818924
00:42:08 :               precision    recall  f1-score   support

           0       0.92      0.90      0.91      1900
           1       0.95      0.94      0.94      1900
           2       0.85      0.87      0.86      1900
           3       0.88      0.88      0.88      1900

    accuracy                           0.90      7600
   macro avg       0.90      0.90      0.90      7600
weighted avg       0.90      0.90      0.90      7600

00:42:08 : 准确率:0.8975
00:42:08 : store model
00:42:09 : train_acc:0.9017916666666667  train_epoch_loss:1109.8309326171875  test_acc:0.8975  test_epoch_loss:72.55767822265625
00:42:09 : __________________test end__________________
00:42:09 : ______________________________________________
00:42:09 : ______________________________________________
00:42:09 : _______________train epoch 1 end_______________
00:42:09 : ______________________________________________
00:42:09 : ______________________________________________
00:42:09 : ______________________________________________
00:42:09 : ______________________________________________
00:42:09 : _______________train epoch2 start_______________
00:42:09 : ______________________________________________
00:42:09 : ______________________________________________
00:55:28 : __________________train end__________________
00:55:28 : 正确分类的样本数：110613，样本总数：120000，准确率：0.921775，ave_loss：0.007706190459430218
00:55:28 : 准确率:0.921775
00:55:28 : __________________test start__________________
00:55:44 : 正确分类的样本数：6881，样本总数：7600，准确率：0.9053947368421053，ave_loss：0.009340304881334305
00:55:44 :               precision    recall  f1-score   support

           0       0.92      0.91      0.92      1900
           1       0.94      0.96      0.95      1900
           2       0.87      0.87      0.87      1900
           3       0.89      0.88      0.88      1900

    accuracy                           0.91      7600
   macro avg       0.91      0.91      0.91      7600
weighted avg       0.91      0.91      0.91      7600

00:55:44 : 准确率:0.9053947368421053
00:55:44 : store model
00:55:45 : train_acc:0.921775  train_epoch_loss:924.7428588867188  test_acc:0.9053947368421053  test_epoch_loss:70.98632049560547
00:55:45 : __________________test end__________________
00:55:45 : ______________________________________________
00:55:45 : ______________________________________________
00:55:45 : _______________train epoch 2 end_______________
00:55:45 : ______________________________________________
00:55:45 : ______________________________________________
00:55:45 : ______________________________________________
00:55:45 : ______________________________________________
00:55:45 : _______________train epoch3 start_______________
00:55:45 : ______________________________________________
00:55:45 : ______________________________________________
01:09:04 : __________________train end__________________
01:09:04 : 正确分类的样本数：111866，样本总数：120000，准确率：0.9322166666666667，ave_loss：0.006582103669643402
01:09:04 : 准确率:0.9322166666666667
01:09:04 : __________________test start__________________
01:09:20 : 正确分类的样本数：6859，样本总数：7600，准确率：0.9025，ave_loss：0.009272939525544643
01:09:20 :               precision    recall  f1-score   support

           0       0.92      0.91      0.91      1900
           1       0.95      0.94      0.95      1900
           2       0.86      0.87      0.87      1900
           3       0.88      0.88      0.88      1900

    accuracy                           0.90      7600
   macro avg       0.90      0.90      0.90      7600
weighted avg       0.90      0.90      0.90      7600

01:09:20 : 准确率:0.9025
01:09:20 : store model
01:09:21 : train_acc:0.9322166666666667  train_epoch_loss:789.8524169921875  test_acc:0.9025  test_epoch_loss:70.4743423461914
01:09:21 : __________________test end__________________
01:09:21 : ______________________________________________
01:09:21 : ______________________________________________
01:09:21 : _______________train epoch 3 end_______________
01:09:21 : ______________________________________________
01:09:21 : ______________________________________________
01:09:21 : ______________________________________________
01:09:21 : ______________________________________________
01:09:21 : _______________train epoch4 start_______________
01:09:21 : ______________________________________________
01:09:21 : ______________________________________________
01:22:41 : __________________train end__________________
01:22:41 : 正确分类的样本数：113033，样本总数：120000，准确率：0.9419416666666667，ave_loss：0.005691264756023884
01:22:41 : 准确率:0.9419416666666667
01:22:41 : __________________test start__________________
01:22:57 : 正确分类的样本数：6869，样本总数：7600，准确率：0.9038157894736842，ave_loss：0.009315804578363895
01:22:57 :               precision    recall  f1-score   support

           0       0.92      0.91      0.92      1900
           1       0.95      0.95      0.95      1900
           2       0.88      0.85      0.87      1900
           3       0.87      0.90      0.88      1900

    accuracy                           0.90      7600
   macro avg       0.90      0.90      0.90      7600
weighted avg       0.90      0.90      0.90      7600

01:22:57 : 准确率:0.9038157894736842
01:22:57 : train_acc:0.9419416666666667  train_epoch_loss:682.9517822265625  test_acc:0.9038157894736842  test_epoch_loss:70.80011749267578
01:22:57 : __________________test end__________________
01:22:57 : ______________________________________________
01:22:57 : ______________________________________________
01:22:57 : _______________train epoch 4 end_______________
01:22:57 : ______________________________________________
01:22:57 : ______________________________________________
01:22:57 : ______________________________________________
01:22:57 : ______________________________________________
01:22:57 : _______________train epoch5 start_______________
01:22:57 : ______________________________________________
01:22:57 : ______________________________________________
01:41:16 : _________ data process _________
01:41:55 : _________ data process _________
01:42:12 : _________ train _________
01:42:21 : Current lr : 1e-05
01:42:21 : ______________________________________________
01:42:21 : ______________________________________________
01:42:21 : _______________train epoch0 start_______________
01:42:21 : _______________lmd=5_______________
01:42:21 : ______________________________________________
01:42:21 : ______________________________________________
01:55:18 : __________________train end__________________
01:55:18 : 正确分类的样本数：102753，样本总数：120000，准确率：0.856275，ave_loss：0.01360800676047802
01:55:18 : 准确率:0.856275
01:55:18 : __________________test start__________________
01:55:34 : 正确分类的样本数：6743，样本总数：7600，准确率：0.8872368421052632，ave_loss：0.011082171462476254
01:55:34 :               precision    recall  f1-score   support

           0       0.92      0.88      0.90      1900
           1       0.92      0.95      0.93      1900
           2       0.88      0.83      0.85      1900
           3       0.84      0.90      0.87      1900

    accuracy                           0.89      7600
   macro avg       0.89      0.89      0.89      7600
weighted avg       0.89      0.89      0.89      7600

01:55:34 : 准确率:0.8872368421052632
01:55:34 : store model
01:55:35 : train_acc:0.856275  train_epoch_loss:1632.9608154296875  test_acc:0.8872368421052632  test_epoch_loss:84.2245101928711
01:55:35 : __________________test end__________________
01:55:35 : ______________________________________________
01:55:35 : ______________________________________________
01:55:35 : _______________train epoch 0 end_______________
01:55:35 : ______________________________________________
01:55:35 : ______________________________________________
01:55:35 : Current lr : 8.000000000000001e-06
01:55:35 : ______________________________________________
01:55:35 : ______________________________________________
01:55:35 : _______________train epoch1 start_______________
01:55:35 : _______________lmd=5_______________
01:55:35 : ______________________________________________
01:55:35 : ______________________________________________
02:08:33 : __________________train end__________________
02:08:33 : 正确分类的样本数：107435，样本总数：120000，准确率：0.8952916666666667，ave_loss：0.01063301507383585
02:08:33 : 准确率:0.8952916666666667
02:08:33 : __________________test start__________________
02:08:48 : 正确分类的样本数：6812，样本总数：7600，准确率：0.8963157894736842，ave_loss：0.010912461206316948
02:08:48 :               precision    recall  f1-score   support

           0       0.94      0.88      0.91      1900
           1       0.91      0.96      0.94      1900
           2       0.87      0.86      0.86      1900
           3       0.87      0.89      0.88      1900

    accuracy                           0.90      7600
   macro avg       0.90      0.90      0.90      7600
weighted avg       0.90      0.90      0.90      7600

02:08:48 : 准确率:0.8963157894736842
02:08:48 : store model
02:08:49 : train_acc:0.8952916666666667  train_epoch_loss:1275.9617919921875  test_acc:0.8963157894736842  test_epoch_loss:82.93470764160156
02:08:49 : __________________test end__________________
02:08:49 : ______________________________________________
02:08:49 : ______________________________________________
02:08:49 : _______________train epoch 1 end_______________
02:08:49 : ______________________________________________
02:08:49 : ______________________________________________
02:08:49 : Current lr : 6.400000000000001e-06
02:08:49 : ______________________________________________
02:08:49 : ______________________________________________
02:08:49 : _______________train epoch2 start_______________
02:08:49 : _______________lmd=5_______________
02:08:49 : ______________________________________________
02:08:49 : ______________________________________________
02:21:37 : __________________train end__________________
02:21:37 : 正确分类的样本数：109319，样本总数：120000，准确率：0.9109916666666666，ave_loss：0.009399836882948875
02:21:37 : 准确率:0.9109916666666666
02:21:37 : __________________test start__________________
02:21:52 : 正确分类的样本数：6811，样本总数：7600，准确率：0.8961842105263158，ave_loss：0.01000829879194498
02:21:52 :               precision    recall  f1-score   support

           0       0.90      0.91      0.91      1900
           1       0.93      0.97      0.95      1900
           2       0.89      0.82      0.85      1900
           3       0.87      0.88      0.88      1900

    accuracy                           0.90      7600
   macro avg       0.90      0.90      0.90      7600
weighted avg       0.90      0.90      0.90      7600

02:21:52 : 准确率:0.8961842105263158
02:21:52 : store model
02:21:53 : train_acc:0.9109916666666666  train_epoch_loss:1127.98046875  test_acc:0.8961842105263158  test_epoch_loss:76.06307220458984
02:21:53 : __________________test end__________________
02:21:53 : ______________________________________________
02:21:53 : ______________________________________________
02:21:53 : _______________train epoch 2 end_______________
02:21:53 : ______________________________________________
02:21:53 : ______________________________________________
02:21:53 : Current lr : 5.120000000000002e-06
02:21:53 : ______________________________________________
02:21:53 : ______________________________________________
02:21:53 : _______________train epoch3 start_______________
02:21:53 : _______________lmd=5_______________
02:21:53 : ______________________________________________
02:21:53 : ______________________________________________
02:34:49 : __________________train end__________________
02:34:49 : 正确分类的样本数：110628，样本总数：120000，准确率：0.9219，ave_loss：0.0083168288692832
02:34:49 : 准确率:0.9219
02:34:49 : __________________test start__________________
02:35:05 : 正确分类的样本数：6824，样本总数：7600，准确率：0.8978947368421053，ave_loss：0.010171743109822273
02:35:05 :               precision    recall  f1-score   support

           0       0.92      0.90      0.91      1900
           1       0.94      0.95      0.95      1900
           2       0.89      0.82      0.86      1900
           3       0.84      0.92      0.88      1900

    accuracy                           0.90      7600
   macro avg       0.90      0.90      0.90      7600
weighted avg       0.90      0.90      0.90      7600

02:35:05 : 准确率:0.8978947368421053
02:35:05 : train_acc:0.9219  train_epoch_loss:998.0194702148438  test_acc:0.8978947368421053  test_epoch_loss:77.30525207519531
02:35:05 : __________________test end__________________
02:35:05 : ______________________________________________
02:35:05 : ______________________________________________
02:35:05 : _______________train epoch 3 end_______________
02:35:05 : ______________________________________________
02:35:05 : ______________________________________________
02:35:05 : Current lr : 4.096000000000002e-06
02:35:05 : ______________________________________________
02:35:05 : ______________________________________________
02:35:05 : _______________train epoch4 start_______________
02:35:05 : _______________lmd=5_______________
02:35:05 : ______________________________________________
02:35:05 : ______________________________________________
02:48:00 : __________________train end__________________
02:48:00 : 正确分类的样本数：111474，样本总数：120000，准确率：0.92895，ave_loss：0.007551857735961676
02:48:00 : 准确率:0.92895
02:48:00 : __________________test start__________________
02:48:16 : 正确分类的样本数：6801，样本总数：7600，准确率：0.8948684210526315，ave_loss：0.010084612295031548
02:48:16 :               precision    recall  f1-score   support

           0       0.92      0.91      0.91      1900
           1       0.94      0.95      0.95      1900
           2       0.91      0.79      0.85      1900
           3       0.82      0.93      0.87      1900

    accuracy                           0.89      7600
   macro avg       0.90      0.89      0.89      7600
weighted avg       0.90      0.89      0.89      7600

02:48:16 : 准确率:0.8948684210526315
02:48:16 : train_acc:0.92895  train_epoch_loss:906.222900390625  test_acc:0.8948684210526315  test_epoch_loss:76.64305877685547
02:48:16 : __________________test end__________________
02:48:16 : ______________________________________________
02:48:16 : ______________________________________________
02:48:16 : _______________train epoch 4 end_______________
02:48:16 : ______________________________________________
02:48:16 : ______________________________________________
02:48:16 : Current lr : 3.276800000000002e-06
02:48:16 : ______________________________________________
02:48:16 : ______________________________________________
02:48:16 : _______________train epoch5 start_______________
02:48:16 : _______________lmd=5_______________
02:48:16 : ______________________________________________
02:48:16 : ______________________________________________
03:01:10 : __________________train end__________________
03:01:10 : 正确分类的样本数：112230，样本总数：120000，准确率：0.93525，ave_loss：0.006825434044003487
03:01:10 : 准确率:0.93525
03:01:10 : __________________test start__________________
03:01:26 : 正确分类的样本数：6811，样本总数：7600，准确率：0.8961842105263158，ave_loss：0.010402633808553219
03:01:26 :               precision    recall  f1-score   support

           0       0.88      0.93      0.91      1900
           1       0.95      0.94      0.94      1900
           2       0.86      0.86      0.86      1900
           3       0.90      0.85      0.87      1900

    accuracy                           0.90      7600
   macro avg       0.90      0.90      0.90      7600
weighted avg       0.90      0.90      0.90      7600

03:01:26 : 准确率:0.8961842105263158
03:01:26 : train_acc:0.93525  train_epoch_loss:819.0520629882812  test_acc:0.8961842105263158  test_epoch_loss:79.06002044677734
03:01:26 : __________________test end__________________
03:01:26 : ______________________________________________
03:01:26 : ______________________________________________
03:01:26 : _______________train epoch 5 end_______________
03:01:26 : ______________________________________________
03:01:26 : ______________________________________________
03:01:26 : Current lr : 2.6214400000000015e-06
03:01:26 : ______________________________________________
03:01:26 : ______________________________________________
03:01:26 : _______________train epoch6 start_______________
03:01:26 : _______________lmd=5_______________
03:01:26 : ______________________________________________
03:01:26 : ______________________________________________
03:05:43 : _________ data process _________
03:06:00 : _________ train _________
03:06:09 : Current lr : 1e-05
03:06:09 : ______________________________________________
03:06:09 : ______________________________________________
03:06:09 : _______________train epoch0 start_______________
03:06:09 : _______________lmd=10_______________
03:06:09 : ______________________________________________
03:06:09 : ______________________________________________
03:19:08 : __________________train end__________________
03:19:08 : 正确分类的样本数：103414，样本总数：120000，准确率：0.8617833333333333，ave_loss：0.013601590879261494
03:19:08 : 准确率:0.8617833333333333
03:19:08 : __________________test start__________________
03:19:24 : 正确分类的样本数：6770，样本总数：7600，准确率：0.8907894736842106，ave_loss：0.012163521721959114
03:19:24 :               precision    recall  f1-score   support

           0       0.92      0.89      0.90      1900
           1       0.92      0.95      0.94      1900
           2       0.88      0.82      0.85      1900
           3       0.85      0.90      0.87      1900

    accuracy                           0.89      7600
   macro avg       0.89      0.89      0.89      7600
weighted avg       0.89      0.89      0.89      7600

03:19:24 : 准确率:0.8907894736842106
03:19:24 : store model
03:19:25 : train_acc:0.8617833333333333  train_epoch_loss:1632.19091796875  test_acc:0.8907894736842106  test_epoch_loss:92.4427719116211
03:19:25 : __________________test end__________________
03:19:25 : ______________________________________________
03:19:25 : ______________________________________________
03:19:25 : _______________train epoch 0 end_______________
03:19:25 : ______________________________________________
03:19:25 : ______________________________________________
03:19:25 : Current lr : 8.000000000000001e-06
03:19:25 : ______________________________________________
03:19:25 : ______________________________________________
03:19:25 : _______________train epoch1 start_______________
03:19:25 : _______________lmd=10_______________
03:19:25 : ______________________________________________
03:19:25 : ______________________________________________
03:32:28 : __________________train end__________________
03:32:28 : 正确分类的样本数：108463，样本总数：120000，准确率：0.9038583333333333，ave_loss：0.010540521703660488
03:32:28 : 准确率:0.9038583333333333
03:32:28 : __________________test start__________________
03:32:44 : 正确分类的样本数：6844，样本总数：7600，准确率：0.9005263157894737，ave_loss：0.010789581574499607
03:32:44 :               precision    recall  f1-score   support

           0       0.92      0.91      0.91      1900
           1       0.95      0.95      0.95      1900
           2       0.87      0.85      0.86      1900
           3       0.86      0.89      0.88      1900

    accuracy                           0.90      7600
   macro avg       0.90      0.90      0.90      7600
weighted avg       0.90      0.90      0.90      7600

03:32:44 : 准确率:0.9005263157894737
03:32:44 : store model
03:32:45 : train_acc:0.9038583333333333  train_epoch_loss:1264.862548828125  test_acc:0.9005263157894737  test_epoch_loss:82.00082397460938
03:32:45 : __________________test end__________________
03:32:45 : ______________________________________________
03:32:45 : ______________________________________________
03:32:45 : _______________train epoch 1 end_______________
03:32:45 : ______________________________________________
03:32:45 : ______________________________________________
03:32:45 : Current lr : 6.400000000000001e-06
03:32:45 : ______________________________________________
03:32:45 : ______________________________________________
03:32:45 : _______________train epoch2 start_______________
03:32:45 : _______________lmd=10_______________
03:32:45 : ______________________________________________
03:32:45 : ______________________________________________
03:45:46 : __________________train end__________________
03:45:46 : 正确分类的样本数：110184，样本总数：120000，准确率：0.9182，ave_loss：0.008467569015920162
03:45:46 : 准确率:0.9182
03:45:46 : __________________test start__________________
03:46:02 : 正确分类的样本数：6799，样本总数：7600，准确率：0.8946052631578948，ave_loss：0.010194656439125538
03:46:02 :               precision    recall  f1-score   support

           0       0.92      0.89      0.91      1900
           1       0.95      0.94      0.95      1900
           2       0.85      0.86      0.85      1900
           3       0.86      0.88      0.87      1900

    accuracy                           0.89      7600
   macro avg       0.90      0.89      0.89      7600
weighted avg       0.90      0.89      0.89      7600

03:46:02 : 准确率:0.8946052631578948
03:46:02 : store model
03:46:03 : train_acc:0.9182  train_epoch_loss:1016.1082763671875  test_acc:0.8946052631578948  test_epoch_loss:77.4793930053711
03:46:03 : __________________test end__________________
03:46:03 : ______________________________________________
03:46:03 : ______________________________________________
03:46:03 : _______________train epoch 2 end_______________
03:46:03 : ______________________________________________
03:46:03 : ______________________________________________
03:46:03 : Current lr : 5.120000000000002e-06
03:46:03 : ______________________________________________
03:46:03 : ______________________________________________
03:46:03 : _______________train epoch3 start_______________
03:46:03 : _______________lmd=10_______________
03:46:03 : ______________________________________________
03:46:03 : ______________________________________________
03:59:06 : __________________train end__________________
03:59:06 : 正确分类的样本数：111435，样本总数：120000，准确率：0.928625，ave_loss：0.00706754345446825
03:59:06 : 准确率:0.928625
03:59:06 : __________________test start__________________
03:59:22 : 正确分类的样本数：6820，样本总数：7600，准确率：0.8973684210526316，ave_loss：0.010094271041452885
03:59:22 :               precision    recall  f1-score   support

           0       0.91      0.91      0.91      1900
           1       0.94      0.94      0.94      1900
           2       0.85      0.88      0.86      1900
           3       0.89      0.86      0.88      1900

    accuracy                           0.90      7600
   macro avg       0.90      0.90      0.90      7600
weighted avg       0.90      0.90      0.90      7600

03:59:22 : 准确率:0.8973684210526316
03:59:22 : store model
03:59:23 : train_acc:0.928625  train_epoch_loss:848.105224609375  test_acc:0.8973684210526316  test_epoch_loss:76.71646118164062
03:59:23 : __________________test end__________________
03:59:23 : ______________________________________________
03:59:23 : ______________________________________________
03:59:23 : _______________train epoch 3 end_______________
03:59:23 : ______________________________________________
03:59:23 : ______________________________________________
03:59:23 : Current lr : 4.096000000000002e-06
03:59:23 : ______________________________________________
03:59:23 : ______________________________________________
03:59:23 : _______________train epoch4 start_______________
03:59:23 : _______________lmd=10_______________
03:59:23 : ______________________________________________
03:59:23 : ______________________________________________
04:12:24 : __________________train end__________________
04:12:24 : 正确分类的样本数：112307，样本总数：120000，准确率：0.9358916666666667，ave_loss：0.006029576063156128
04:12:24 : 准确率:0.9358916666666667
04:12:24 : __________________test start__________________
04:12:40 : 正确分类的样本数：6814，样本总数：7600，准确率：0.896578947368421，ave_loss：0.010180567391216755
04:12:40 :               precision    recall  f1-score   support

           0       0.92      0.91      0.91      1900
           1       0.95      0.95      0.95      1900
           2       0.85      0.87      0.86      1900
           3       0.88      0.86      0.87      1900

    accuracy                           0.90      7600
   macro avg       0.90      0.90      0.90      7600
weighted avg       0.90      0.90      0.90      7600

04:12:40 : 准确率:0.896578947368421
04:12:40 : train_acc:0.9358916666666667  train_epoch_loss:723.5491333007812  test_acc:0.896578947368421  test_epoch_loss:77.372314453125
04:12:40 : __________________test end__________________
04:12:40 : ______________________________________________
04:12:40 : ______________________________________________
04:12:40 : _______________train epoch 4 end_______________
04:12:40 : ______________________________________________
04:12:40 : ______________________________________________
04:12:40 : Current lr : 3.276800000000002e-06
04:12:40 : ______________________________________________
04:12:40 : ______________________________________________
04:12:40 : _______________train epoch5 start_______________
04:12:40 : _______________lmd=10_______________
04:12:40 : ______________________________________________
04:12:40 : ______________________________________________
04:25:41 : __________________train end__________________
04:25:41 : 正确分类的样本数：113080，样本总数：120000，准确率：0.9423333333333334，ave_loss：0.005314247217029333
04:25:41 : 准确率:0.9423333333333334
04:25:41 : __________________test start__________________
04:25:57 : 正确分类的样本数：6814，样本总数：7600，准确率：0.896578947368421，ave_loss：0.010378548875451088
04:25:57 :               precision    recall  f1-score   support

           0       0.91      0.91      0.91      1900
           1       0.94      0.96      0.95      1900
           2       0.88      0.83      0.85      1900
           3       0.86      0.89      0.87      1900

    accuracy                           0.90      7600
   macro avg       0.90      0.90      0.90      7600
weighted avg       0.90      0.90      0.90      7600

04:25:57 : 准确率:0.896578947368421
04:25:57 : train_acc:0.9423333333333334  train_epoch_loss:637.7096557617188  test_acc:0.896578947368421  test_epoch_loss:78.8769760131836
04:25:57 : __________________test end__________________
04:25:57 : ______________________________________________
04:25:57 : ______________________________________________
04:25:57 : _______________train epoch 5 end_______________
04:25:57 : ______________________________________________
04:25:57 : ______________________________________________
04:25:57 : Current lr : 2.6214400000000015e-06
04:25:57 : ______________________________________________
04:25:57 : ______________________________________________
04:25:57 : _______________train epoch6 start_______________
04:25:57 : _______________lmd=10_______________
04:25:57 : ______________________________________________
04:25:57 : ______________________________________________
04:38:52 : __________________train end__________________
04:38:52 : 正确分类的样本数：113698，样本总数：120000，准确率：0.9474833333333333，ave_loss：0.004771695472300053
04:38:52 : 准确率:0.9474833333333333
04:38:52 : __________________test start__________________
04:39:08 : 正确分类的样本数：6843，样本总数：7600，准确率：0.9003947368421052，ave_loss：0.010466855950653553
04:39:08 :               precision    recall  f1-score   support

           0       0.91      0.92      0.91      1900
           1       0.94      0.96      0.95      1900
           2       0.88      0.84      0.86      1900
           3       0.87      0.89      0.88      1900

    accuracy                           0.90      7600
   macro avg       0.90      0.90      0.90      7600
weighted avg       0.90      0.90      0.90      7600

04:39:08 : 准确率:0.9003947368421052
04:39:08 : train_acc:0.9474833333333333  train_epoch_loss:572.6034545898438  test_acc:0.9003947368421052  test_epoch_loss:79.54811096191406
04:39:08 : __________________test end__________________
04:39:08 : ______________________________________________
04:39:08 : ______________________________________________
04:39:08 : _______________train epoch 6 end_______________
04:39:08 : ______________________________________________
04:39:08 : ______________________________________________
04:39:08 : Current lr : 2.0971520000000012e-06
04:39:08 : ______________________________________________
04:39:08 : ______________________________________________
04:39:08 : _______________train epoch7 start_______________
04:39:08 : _______________lmd=10_______________
04:39:08 : ______________________________________________
04:39:08 : ______________________________________________
04:52:02 : __________________train end__________________
04:52:02 : 正确分类的样本数：114051，样本总数：120000，准确率：0.950425，ave_loss：0.004414199851453304
04:52:02 : 准确率:0.950425
04:52:02 : __________________test start__________________
04:52:17 : 正确分类的样本数：6844，样本总数：7600，准确率：0.9005263157894737，ave_loss：0.010726463980972767
04:52:17 :               precision    recall  f1-score   support

           0       0.91      0.92      0.91      1900
           1       0.95      0.95      0.95      1900
           2       0.88      0.85      0.86      1900
           3       0.87      0.88      0.87      1900

    accuracy                           0.90      7600
   macro avg       0.90      0.90      0.90      7600
weighted avg       0.90      0.90      0.90      7600

04:52:17 : 准确率:0.9005263157894737
04:52:17 : train_acc:0.950425  train_epoch_loss:529.7039794921875  test_acc:0.9005263157894737  test_epoch_loss:81.52113342285156
04:52:17 : __________________test end__________________
04:52:17 : ______________________________________________
04:52:17 : ______________________________________________
04:52:17 : _______________train epoch 7 end_______________
04:52:17 : ______________________________________________
04:52:17 : ______________________________________________
04:52:17 : Current lr : 1.6777216000000011e-06
04:52:17 : ______________________________________________
04:52:17 : ______________________________________________
04:52:17 : _______________train epoch8 start_______________
04:52:17 : _______________lmd=10_______________
04:52:17 : ______________________________________________
04:52:17 : ______________________________________________
05:05:11 : __________________train end__________________
05:05:11 : 正确分类的样本数：114535，样本总数：120000，准确率：0.9544583333333333，ave_loss：0.004107198677957058
05:05:11 : 准确率:0.9544583333333333
05:05:11 : __________________test start__________________
05:05:27 : 正确分类的样本数：6817，样本总数：7600，准确率：0.8969736842105264，ave_loss：0.011044337414205074
05:05:27 :               precision    recall  f1-score   support

           0       0.91      0.92      0.91      1900
           1       0.95      0.95      0.95      1900
           2       0.85      0.86      0.86      1900
           3       0.88      0.86      0.87      1900

    accuracy                           0.90      7600
   macro avg       0.90      0.90      0.90      7600
weighted avg       0.90      0.90      0.90      7600

05:05:27 : 准确率:0.8969736842105264
05:05:27 : train_acc:0.9544583333333333  train_epoch_loss:492.8638610839844  test_acc:0.8969736842105264  test_epoch_loss:83.93696594238281
05:05:27 : __________________test end__________________
05:05:27 : ______________________________________________
05:05:27 : ______________________________________________
05:05:27 : _______________train epoch 8 end_______________
05:05:27 : ______________________________________________
05:05:27 : ______________________________________________
05:05:27 : Current lr : 1.342177280000001e-06
05:05:27 : ______________________________________________
05:05:27 : ______________________________________________
05:05:27 : _______________train epoch9 start_______________
05:05:27 : _______________lmd=10_______________
05:05:27 : ______________________________________________
05:05:27 : ______________________________________________
05:18:17 : __________________train end__________________
05:18:17 : 正确分类的样本数：114749，样本总数：120000，准确率：0.9562416666666667，ave_loss：0.003892634529620409
05:18:17 : 准确率:0.9562416666666667
05:18:17 : __________________test start__________________
05:18:32 : 正确分类的样本数：6837，样本总数：7600，准确率：0.8996052631578947，ave_loss：0.011161046102643013
05:18:32 :               precision    recall  f1-score   support

           0       0.91      0.92      0.91      1900
           1       0.94      0.96      0.95      1900
           2       0.86      0.86      0.86      1900
           3       0.88      0.87      0.87      1900

    accuracy                           0.90      7600
   macro avg       0.90      0.90      0.90      7600
weighted avg       0.90      0.90      0.90      7600

05:18:32 : 准确率:0.8996052631578947
05:18:32 : train_acc:0.9562416666666667  train_epoch_loss:467.11614990234375  test_acc:0.8996052631578947  test_epoch_loss:84.8239517211914
05:18:32 : __________________test end__________________
05:18:32 : ______________________________________________
05:18:32 : ______________________________________________
05:18:32 : _______________train epoch 9 end_______________
05:18:32 : ______________________________________________
05:18:32 : ______________________________________________
05:18:32 : _________ plt _________
