11:13:46 : _________ data process _________
11:14:04 : _________ train _________
11:14:12 : Current lr : 1e-05
11:14:12 : ______________________________________________
11:14:12 : ______________________________________________
11:14:12 : _______________train epoch0 start_______________
11:14:12 : _______________lmd=50_______________
11:14:12 : ______________________________________________
11:14:12 : ______________________________________________
11:27:08 : __________________train end__________________
11:27:08 : 正确分类的样本数：101714，样本总数：120000，准确率：0.8476166666666667，ave_loss：0.015761762857437134
11:27:08 : 准确率:0.8476166666666667
11:27:08 : __________________test start__________________
11:27:24 : 正确分类的样本数：6738，样本总数：7600，准确率：0.886578947368421，ave_loss：0.010969464667141438
11:27:24 :               precision    recall  f1-score   support

           0       0.93      0.87      0.90      1900
           1       0.90      0.96      0.93      1900
           2       0.86      0.83      0.85      1900
           3       0.85      0.89      0.87      1900

    accuracy                           0.89      7600
   macro avg       0.89      0.89      0.89      7600
weighted avg       0.89      0.89      0.89      7600

11:27:24 : 准确率:0.886578947368421
11:27:24 : store model
11:27:24 : train_acc:0.8476166666666667  train_epoch_loss:1891.4114990234375  test_acc:0.886578947368421  test_epoch_loss:83.36793518066406
11:27:24 : __________________test end__________________
11:27:24 : ______________________________________________
11:27:24 : ______________________________________________
11:27:24 : _______________train epoch 0 end_______________
11:27:24 : ______________________________________________
11:27:24 : ______________________________________________
11:27:24 : Current lr : 8.000000000000001e-06
11:27:24 : ______________________________________________
11:27:24 : ______________________________________________
11:27:24 : _______________train epoch1 start_______________
11:27:24 : _______________lmd=50_______________
11:27:24 : ______________________________________________
11:27:24 : ______________________________________________
11:40:21 : __________________train end__________________
11:40:21 : 正确分类的样本数：107868，样本总数：120000，准确率：0.8989，ave_loss：0.009367076680064201
11:40:21 : 准确率:0.8989
11:40:21 : __________________test start__________________
11:40:37 : 正确分类的样本数：6815，样本总数：7600，准确率：0.8967105263157895，ave_loss：0.009778251871466637
11:40:37 :               precision    recall  f1-score   support

           0       0.94      0.88      0.91      1900
           1       0.90      0.97      0.93      1900
           2       0.87      0.86      0.86      1900
           3       0.88      0.87      0.88      1900

    accuracy                           0.90      7600
   macro avg       0.90      0.90      0.90      7600
weighted avg       0.90      0.90      0.90      7600

11:40:37 : 准确率:0.8967105263157895
11:40:37 : store model
11:40:38 : train_acc:0.8989  train_epoch_loss:1124.0491943359375  test_acc:0.8967105263157895  test_epoch_loss:74.3147201538086
11:40:38 : __________________test end__________________
11:40:38 : ______________________________________________
11:40:38 : ______________________________________________
11:40:38 : _______________train epoch 1 end_______________
11:40:38 : ______________________________________________
11:40:38 : ______________________________________________
11:40:38 : Current lr : 6.400000000000001e-06
11:40:38 : ______________________________________________
11:40:38 : ______________________________________________
11:40:38 : _______________train epoch2 start_______________
11:40:38 : _______________lmd=50_______________
11:40:38 : ______________________________________________
11:40:38 : ______________________________________________
11:53:35 : __________________train end__________________
11:53:35 : 正确分类的样本数：110453，样本总数：120000，准确率：0.9204416666666667，ave_loss：0.0073248399421572685
11:53:35 : 准确率:0.9204416666666667
11:53:35 : __________________test start__________________
11:53:51 : 正确分类的样本数：6867，样本总数：7600，准确率：0.9035526315789474，ave_loss：0.009111489169299603
11:53:51 :               precision    recall  f1-score   support

           0       0.93      0.90      0.92      1900
           1       0.93      0.96      0.94      1900
           2       0.87      0.87      0.87      1900
           3       0.89      0.88      0.88      1900

    accuracy                           0.90      7600
   macro avg       0.90      0.90      0.90      7600
weighted avg       0.90      0.90      0.90      7600

11:53:51 : 准确率:0.9035526315789474
11:53:51 : store model
11:53:52 : train_acc:0.9204416666666667  train_epoch_loss:878.9807739257812  test_acc:0.9035526315789474  test_epoch_loss:69.24732208251953
11:53:52 : __________________test end__________________
11:53:52 : ______________________________________________
11:53:52 : ______________________________________________
11:53:52 : _______________train epoch 2 end_______________
11:53:52 : ______________________________________________
11:53:52 : ______________________________________________
11:53:52 : Current lr : 5.120000000000002e-06
11:53:52 : ______________________________________________
11:53:52 : ______________________________________________
11:53:52 : _______________train epoch3 start_______________
11:53:52 : _______________lmd=50_______________
11:53:52 : ______________________________________________
11:53:52 : ______________________________________________
12:06:50 : __________________train end__________________
12:06:50 : 正确分类的样本数：112323，样本总数：120000，准确率：0.936025，ave_loss：0.005872189067304134
12:06:50 : 准确率:0.936025
12:06:50 : __________________test start__________________
12:07:06 : 正确分类的样本数：6865，样本总数：7600，准确率：0.9032894736842105，ave_loss：0.00969811249524355
12:07:06 :               precision    recall  f1-score   support

           0       0.91      0.91      0.91      1900
           1       0.93      0.96      0.95      1900
           2       0.91      0.83      0.87      1900
           3       0.86      0.91      0.89      1900

    accuracy                           0.90      7600
   macro avg       0.90      0.90      0.90      7600
weighted avg       0.90      0.90      0.90      7600

12:07:06 : 准确率:0.9032894736842105
12:07:06 : train_acc:0.936025  train_epoch_loss:704.6626586914062  test_acc:0.9032894736842105  test_epoch_loss:73.70565795898438
12:07:06 : __________________test end__________________
12:07:06 : ______________________________________________
12:07:06 : ______________________________________________
12:07:06 : _______________train epoch 3 end_______________
12:07:06 : ______________________________________________
12:07:06 : ______________________________________________
12:07:06 : Current lr : 4.096000000000002e-06
12:07:06 : ______________________________________________
12:07:06 : ______________________________________________
12:07:06 : _______________train epoch4 start_______________
12:07:06 : _______________lmd=50_______________
12:07:06 : ______________________________________________
12:07:06 : ______________________________________________
12:20:02 : __________________train end__________________
12:20:02 : 正确分类的样本数：113645，样本总数：120000，准确率：0.9470416666666667，ave_loss：0.004835259635001421
12:20:02 : 准确率:0.9470416666666667
12:20:02 : __________________test start__________________
12:20:18 : 正确分类的样本数：6880，样本总数：7600，准确率：0.9052631578947369，ave_loss：0.010030551813542843
12:20:18 :               precision    recall  f1-score   support

           0       0.91      0.92      0.91      1900
           1       0.94      0.95      0.95      1900
           2       0.90      0.84      0.87      1900
           3       0.87      0.90      0.89      1900

    accuracy                           0.91      7600
   macro avg       0.91      0.91      0.90      7600
weighted avg       0.91      0.91      0.90      7600

12:20:18 : 准确率:0.9052631578947369
12:20:18 : train_acc:0.9470416666666667  train_epoch_loss:580.2311401367188  test_acc:0.9052631578947369  test_epoch_loss:76.2322006225586
12:20:18 : __________________test end__________________
12:20:18 : ______________________________________________
12:20:18 : ______________________________________________
12:20:18 : _______________train epoch 4 end_______________
12:20:18 : ______________________________________________
12:20:18 : ______________________________________________
12:20:18 : Current lr : 3.276800000000002e-06
12:20:18 : ______________________________________________
12:20:18 : ______________________________________________
12:20:18 : _______________train epoch5 start_______________
12:20:18 : _______________lmd=50_______________
12:20:18 : ______________________________________________
12:20:18 : ______________________________________________
13:03:10 : _________ data process _________
13:03:28 : _________ train _________
13:03:37 : Current lr : 1e-05
13:03:37 : ______________________________________________
13:03:37 : ______________________________________________
13:03:37 : _______________train epoch0 start_______________
13:03:37 : _______________lmd=20_______________
13:03:37 : ______________________________________________
13:03:37 : ______________________________________________
13:05:46 : _________ data process _________
13:06:03 : _________ train _________
13:06:11 : Current lr : 1e-05
13:06:11 : ______________________________________________
13:06:11 : ______________________________________________
13:06:11 : _______________train epoch0 start_______________
13:06:11 : _______________lmd=20_______________
13:06:11 : ______________________________________________
13:06:11 : ______________________________________________
13:19:03 : __________________train end__________________
13:19:03 : 正确分类的样本数：100789，样本总数：120000，准确率：0.8399083333333334，ave_loss：0.017501182854175568
13:19:03 : 准确率:0.8399083333333334
13:19:03 : __________________test start__________________
13:19:19 : 正确分类的样本数：6663，样本总数：7600，准确率：0.8767105263157895，ave_loss：0.01193366851657629
13:19:19 :               precision    recall  f1-score   support

           0       0.94      0.84      0.89      1900
           1       0.91      0.94      0.93      1900
           2       0.80      0.87      0.84      1900
           3       0.86      0.86      0.86      1900

    accuracy                           0.88      7600
   macro avg       0.88      0.88      0.88      7600
weighted avg       0.88      0.88      0.88      7600

13:19:19 : 准确率:0.8767105263157895
13:19:19 : store model
13:19:20 : train_acc:0.8399083333333334  train_epoch_loss:2100.141845703125  test_acc:0.8767105263157895  test_epoch_loss:90.69588470458984
13:19:20 : 0.8399083333333334	2100.141845703125	0.8767105263157895	90.69588470458984
13:19:20 : __________________test end__________________
13:19:20 : ______________________________________________
13:19:20 : ______________________________________________
13:19:20 : _______________train epoch 0 end_______________
13:19:20 : ______________________________________________
13:19:20 : ______________________________________________
13:19:20 : Current lr : 8.000000000000001e-06
13:19:20 : ______________________________________________
13:19:20 : ______________________________________________
13:19:20 : _______________train epoch1 start_______________
13:19:20 : _______________lmd=20_______________
13:19:20 : ______________________________________________
13:19:20 : ______________________________________________
13:32:12 : __________________train end__________________
13:32:12 : 正确分类的样本数：106046，样本总数：120000，准确率：0.8837166666666667，ave_loss：0.01186556275933981
13:32:12 : 准确率:0.8837166666666667
13:32:12 : __________________test start__________________
13:32:28 : 正确分类的样本数：6658，样本总数：7600，准确率：0.8760526315789474，ave_loss：0.01409691758453846
13:32:28 :               precision    recall  f1-score   support

           0       0.95      0.82      0.88      1900
           1       0.93      0.93      0.93      1900
           2       0.81      0.87      0.84      1900
           3       0.83      0.89      0.86      1900

    accuracy                           0.88      7600
   macro avg       0.88      0.88      0.88      7600
weighted avg       0.88      0.88      0.88      7600

13:32:28 : 准确率:0.8760526315789474
13:32:28 : train_acc:0.8837166666666667  train_epoch_loss:1423.8675537109375  test_acc:0.8760526315789474  test_epoch_loss:107.13658142089844
13:32:28 : 0.8837166666666667	1423.8675537109375	0.8760526315789474	107.13658142089844
13:32:28 : __________________test end__________________
13:32:28 : ______________________________________________
13:32:28 : ______________________________________________
13:32:28 : _______________train epoch 1 end_______________
13:32:28 : ______________________________________________
13:32:28 : ______________________________________________
13:32:28 : Current lr : 6.400000000000001e-06
13:32:28 : ______________________________________________
13:32:28 : ______________________________________________
13:32:28 : _______________train epoch2 start_______________
13:32:28 : _______________lmd=20_______________
13:32:28 : ______________________________________________
13:32:28 : ______________________________________________
13:34:21 : _________ data process _________
13:34:39 : _________ train _________
13:34:47 : Current lr : 1e-05
13:34:47 : ______________________________________________
13:34:47 : ______________________________________________
13:34:47 : _______________train epoch0 start_______________
13:34:47 : _______________lmd=150_______________
13:34:47 : ______________________________________________
13:34:47 : ______________________________________________
13:47:38 : __________________train end__________________
13:47:38 : 正确分类的样本数：103150，样本总数：120000，准确率：0.8595833333333334，ave_loss：0.013713167048990726
13:47:38 : 准确率:0.8595833333333334
13:47:38 : __________________test start__________________
13:47:54 : 正确分类的样本数：6768，样本总数：7600，准确率：0.8905263157894737，ave_loss：0.010526235215365887
13:47:54 :               precision    recall  f1-score   support

           0       0.90      0.90      0.90      1900
           1       0.95      0.92      0.93      1900
           2       0.86      0.85      0.86      1900
           3       0.86      0.89      0.87      1900

    accuracy                           0.89      7600
   macro avg       0.89      0.89      0.89      7600
weighted avg       0.89      0.89      0.89      7600

13:47:54 : 准确率:0.8905263157894737
13:47:54 : store model
13:47:55 : train_acc:0.8595833333333334  train_epoch_loss:1645.580078125  test_acc:0.8905263157894737  test_epoch_loss:79.9993896484375
13:47:55 : 0.8595833333333334	1645.580078125	0.8905263157894737	79.9993896484375
13:47:55 : __________________test end__________________
13:47:55 : ______________________________________________
13:47:55 : ______________________________________________
13:47:55 : _______________train epoch 0 end_______________
13:47:55 : ______________________________________________
13:47:55 : ______________________________________________
13:47:55 : Current lr : 8.000000000000001e-06
13:47:55 : ______________________________________________
13:47:55 : ______________________________________________
13:47:55 : _______________train epoch1 start_______________
13:47:55 : _______________lmd=150_______________
13:47:55 : ______________________________________________
13:47:55 : ______________________________________________
14:00:56 : __________________train end__________________
14:00:56 : 正确分类的样本数：108812，样本总数：120000，准确率：0.9067666666666667，ave_loss：0.008539212867617607
14:00:56 : 准确率:0.9067666666666667
14:00:56 : __________________test start__________________
14:01:11 : 正确分类的样本数：6854，样本总数：7600，准确率：0.9018421052631579，ave_loss：0.00913082342594862
14:01:11 :               precision    recall  f1-score   support

           0       0.93      0.90      0.92      1900
           1       0.92      0.97      0.94      1900
           2       0.88      0.85      0.87      1900
           3       0.87      0.89      0.88      1900

    accuracy                           0.90      7600
   macro avg       0.90      0.90      0.90      7600
weighted avg       0.90      0.90      0.90      7600

14:01:11 : 准确率:0.9018421052631579
14:01:11 : store model
14:01:12 : train_acc:0.9067666666666667  train_epoch_loss:1024.70556640625  test_acc:0.9018421052631579  test_epoch_loss:69.3942642211914
14:01:12 : 0.9067666666666667	1024.70556640625	0.9018421052631579	69.3942642211914
14:01:12 : __________________test end__________________
14:01:12 : ______________________________________________
14:01:12 : ______________________________________________
14:01:12 : _______________train epoch 1 end_______________
14:01:12 : ______________________________________________
14:01:12 : ______________________________________________
14:01:12 : Current lr : 6.400000000000001e-06
14:01:12 : ______________________________________________
14:01:12 : ______________________________________________
14:01:12 : _______________train epoch2 start_______________
14:01:12 : _______________lmd=150_______________
14:01:12 : ______________________________________________
14:01:12 : ______________________________________________
14:14:03 : __________________train end__________________
14:14:03 : 正确分类的样本数：111318，样本总数：120000，准确率：0.92765，ave_loss：0.00659378245472908
14:14:03 : 准确率:0.92765
14:14:03 : __________________test start__________________
14:14:19 : 正确分类的样本数：6865，样本总数：7600，准确率：0.9032894736842105，ave_loss：0.009281429462134838
14:14:19 :               precision    recall  f1-score   support

           0       0.92      0.91      0.91      1900
           1       0.95      0.95      0.95      1900
           2       0.88      0.85      0.87      1900
           3       0.86      0.90      0.88      1900

    accuracy                           0.90      7600
   macro avg       0.90      0.90      0.90      7600
weighted avg       0.90      0.90      0.90      7600

14:14:19 : 准确率:0.9032894736842105
14:14:19 : train_acc:0.92765  train_epoch_loss:791.25390625  test_acc:0.9032894736842105  test_epoch_loss:70.53886413574219
14:14:19 : 0.92765	791.25390625	0.9032894736842105	70.53886413574219
14:14:19 : __________________test end__________________
14:14:19 : ______________________________________________
14:14:19 : ______________________________________________
14:14:19 : _______________train epoch 2 end_______________
14:14:19 : ______________________________________________
14:14:19 : ______________________________________________
14:14:19 : Current lr : 5.120000000000002e-06
14:14:19 : ______________________________________________
14:14:19 : ______________________________________________
14:14:19 : _______________train epoch3 start_______________
14:14:19 : _______________lmd=150_______________
14:14:19 : ______________________________________________
14:14:19 : ______________________________________________
14:27:23 : __________________train end__________________
14:27:23 : 正确分类的样本数：113140，样本总数：120000，准确率：0.9428333333333333，ave_loss：0.005268607288599014
14:27:23 : 准确率:0.9428333333333333
14:27:23 : __________________test start__________________
14:27:39 : 正确分类的样本数：6873，样本总数：7600，准确率：0.904342105263158，ave_loss：0.009613567031919956
14:27:39 :               precision    recall  f1-score   support

           0       0.92      0.91      0.92      1900
           1       0.95      0.95      0.95      1900
           2       0.87      0.86      0.87      1900
           3       0.88      0.88      0.88      1900

    accuracy                           0.90      7600
   macro avg       0.90      0.90      0.90      7600
weighted avg       0.90      0.90      0.90      7600

14:27:39 : 准确率:0.904342105263158
14:27:39 : train_acc:0.9428333333333333  train_epoch_loss:632.2328491210938  test_acc:0.904342105263158  test_epoch_loss:73.0631103515625
14:27:39 : 0.9428333333333333	632.2328491210938	0.904342105263158	73.0631103515625
14:27:39 : __________________test end__________________
14:27:39 : ______________________________________________
14:27:39 : ______________________________________________
14:27:39 : _______________train epoch 3 end_______________
14:27:39 : ______________________________________________
14:27:39 : ______________________________________________
14:27:39 : Current lr : 4.096000000000002e-06
14:27:39 : ______________________________________________
14:27:39 : ______________________________________________
14:27:39 : _______________train epoch4 start_______________
14:27:39 : _______________lmd=150_______________
14:27:39 : ______________________________________________
14:27:39 : ______________________________________________
14:40:35 : __________________train end__________________
14:40:35 : 正确分类的样本数：114359，样本总数：120000，准确率：0.9529916666666667，ave_loss：0.0043166764080524445
14:40:35 : 准确率:0.9529916666666667
14:40:35 : __________________test start__________________
14:40:51 : 正确分类的样本数：6860，样本总数：7600，准确率：0.9026315789473685，ave_loss：0.01033070683479309
14:40:51 :               precision    recall  f1-score   support

           0       0.92      0.91      0.92      1900
           1       0.94      0.95      0.95      1900
           2       0.87      0.86      0.87      1900
           3       0.87      0.89      0.88      1900

    accuracy                           0.90      7600
   macro avg       0.90      0.90      0.90      7600
weighted avg       0.90      0.90      0.90      7600

14:40:51 : 准确率:0.9026315789473685
14:40:51 : train_acc:0.9529916666666667  train_epoch_loss:518.0011596679688  test_acc:0.9026315789473685  test_epoch_loss:78.51337432861328
14:40:51 : 0.9529916666666667	518.0011596679688	0.9026315789473685	78.51337432861328
14:40:51 : __________________test end__________________
14:40:51 : ______________________________________________
14:40:51 : ______________________________________________
14:40:51 : _______________train epoch 4 end_______________
14:40:51 : ______________________________________________
14:40:51 : ______________________________________________
14:40:51 : Current lr : 3.276800000000002e-06
14:40:51 : ______________________________________________
14:40:51 : ______________________________________________
14:40:51 : _______________train epoch5 start_______________
14:40:51 : _______________lmd=150_______________
14:40:51 : ______________________________________________
14:40:51 : ______________________________________________
14:53:48 : __________________train end__________________
14:53:48 : 正确分类的样本数：115344，样本总数：120000，准确率：0.9612，ave_loss：0.003566739847883582
14:53:48 : 准确率:0.9612
14:53:48 : __________________test start__________________
14:54:04 : 正确分类的样本数：6851，样本总数：7600，准确率：0.9014473684210527，ave_loss：0.011041820049285889
14:54:04 :               precision    recall  f1-score   support

           0       0.92      0.91      0.91      1900
           1       0.94      0.96      0.95      1900
           2       0.89      0.84      0.86      1900
           3       0.86      0.90      0.88      1900

    accuracy                           0.90      7600
   macro avg       0.90      0.90      0.90      7600
weighted avg       0.90      0.90      0.90      7600

14:54:04 : 准确率:0.9014473684210527
14:54:04 : train_acc:0.9612  train_epoch_loss:428.0087890625  test_acc:0.9014473684210527  test_epoch_loss:83.91783905029297
14:54:04 : 0.9612	428.0087890625	0.9014473684210527	83.91783905029297
14:54:04 : __________________test end__________________
14:54:04 : ______________________________________________
14:54:04 : ______________________________________________
14:54:04 : _______________train epoch 5 end_______________
14:54:04 : ______________________________________________
14:54:04 : ______________________________________________
14:54:04 : Current lr : 2.6214400000000015e-06
14:54:04 : ______________________________________________
14:54:04 : ______________________________________________
14:54:04 : _______________train epoch6 start_______________
14:54:04 : _______________lmd=150_______________
14:54:04 : ______________________________________________
14:54:04 : ______________________________________________
