11:11:39 : _________ data process _________
11:11:56 : _________ train _________
11:12:05 : Current lr : 1e-05
11:12:05 : ______________________________________________
11:12:05 : ______________________________________________
11:12:05 : _______________train epoch0 start_______________
11:12:05 : _______________lmd=20_______________
11:12:05 : ______________________________________________
11:12:05 : ______________________________________________
11:25:10 : __________________train end__________________
11:25:10 : 正确分类的样本数：103536，样本总数：120000，准确率：0.8628，ave_loss：0.012618648819625378
11:25:10 : 准确率:0.8628
11:25:10 : __________________test start__________________
11:25:26 : 正确分类的样本数：6762，样本总数：7600，准确率：0.8897368421052632，ave_loss：0.010067756287753582
11:25:26 :               precision    recall  f1-score   support

           0       0.92      0.89      0.90      1900
           1       0.93      0.95      0.94      1900
           2       0.89      0.80      0.84      1900
           3       0.83      0.92      0.87      1900

    accuracy                           0.89      7600
   macro avg       0.89      0.89      0.89      7600
weighted avg       0.89      0.89      0.89      7600

11:25:26 : 准确率:0.8897368421052632
11:25:26 : store model
11:25:27 : train_acc:0.8628  train_epoch_loss:1514.23779296875  test_acc:0.8897368421052632  test_epoch_loss:76.51495361328125
11:25:27 : __________________test end__________________
11:25:27 : ______________________________________________
11:25:27 : ______________________________________________
11:25:27 : _______________train epoch 0 end_______________
11:25:27 : ______________________________________________
11:25:27 : ______________________________________________
11:25:27 : Current lr : 8.000000000000001e-06
11:25:27 : ______________________________________________
11:25:27 : ______________________________________________
11:25:27 : _______________train epoch1 start_______________
11:25:27 : _______________lmd=20_______________
11:25:27 : ______________________________________________
11:25:27 : ______________________________________________
11:38:27 : __________________train end__________________
11:38:27 : 正确分类的样本数：108689，样本总数：120000，准确率：0.9057416666666667，ave_loss：0.00878929253667593
11:38:27 : 准确率:0.9057416666666667
11:38:27 : __________________test start__________________
11:38:42 : 正确分类的样本数：6823，样本总数：7600，准确率：0.8977631578947368，ave_loss：0.009199126623570919
11:38:42 :               precision    recall  f1-score   support

           0       0.93      0.90      0.91      1900
           1       0.92      0.96      0.94      1900
           2       0.89      0.83      0.86      1900
           3       0.85      0.90      0.88      1900

    accuracy                           0.90      7600
   macro avg       0.90      0.90      0.90      7600
weighted avg       0.90      0.90      0.90      7600

11:38:42 : 准确率:0.8977631578947368
11:38:42 : store model
11:38:43 : train_acc:0.9057416666666667  train_epoch_loss:1054.715087890625  test_acc:0.8977631578947368  test_epoch_loss:69.91336822509766
11:38:43 : __________________test end__________________
11:38:43 : ______________________________________________
11:38:43 : ______________________________________________
11:38:43 : _______________train epoch 1 end_______________
11:38:43 : ______________________________________________
11:38:43 : ______________________________________________
11:38:43 : Current lr : 6.400000000000001e-06
11:38:43 : ______________________________________________
11:38:43 : ______________________________________________
11:38:43 : _______________train epoch2 start_______________
11:38:43 : _______________lmd=20_______________
11:38:43 : ______________________________________________
11:38:43 : ______________________________________________
11:51:49 : __________________train end__________________
11:51:49 : 正确分类的样本数：110973，样本总数：120000，准确率：0.924775，ave_loss：0.007039837539196014
11:51:49 : 准确率:0.924775
11:51:49 : __________________test start__________________
11:52:05 : 正确分类的样本数：6887，样本总数：7600，准确率：0.9061842105263158，ave_loss：0.009028013795614243
11:52:05 :               precision    recall  f1-score   support

           0       0.92      0.91      0.92      1900
           1       0.94      0.96      0.95      1900
           2       0.88      0.87      0.87      1900
           3       0.89      0.88      0.88      1900

    accuracy                           0.91      7600
   macro avg       0.91      0.91      0.91      7600
weighted avg       0.91      0.91      0.91      7600

11:52:05 : 准确率:0.9061842105263158
11:52:05 : store model
11:52:06 : train_acc:0.924775  train_epoch_loss:844.780517578125  test_acc:0.9061842105263158  test_epoch_loss:68.61290740966797
11:52:06 : __________________test end__________________
11:52:06 : ______________________________________________
11:52:06 : ______________________________________________
11:52:06 : _______________train epoch 2 end_______________
11:52:06 : ______________________________________________
11:52:06 : ______________________________________________
11:52:06 : Current lr : 5.120000000000002e-06
11:52:06 : ______________________________________________
11:52:06 : ______________________________________________
11:52:06 : _______________train epoch3 start_______________
11:52:06 : _______________lmd=20_______________
11:52:06 : ______________________________________________
11:52:06 : ______________________________________________
12:05:11 : __________________train end__________________
12:05:11 : 正确分类的样本数：112522，样本总数：120000，准确率：0.9376833333333333，ave_loss：0.005755356512963772
12:05:11 : 准确率:0.9376833333333333
12:05:11 : __________________test start__________________
12:05:27 : 正确分类的样本数：6838，样本总数：7600，准确率：0.8997368421052632，ave_loss：0.009362442418932915
12:05:27 :               precision    recall  f1-score   support

           0       0.90      0.92      0.91      1900
           1       0.95      0.95      0.95      1900
           2       0.91      0.81      0.86      1900
           3       0.84      0.91      0.88      1900

    accuracy                           0.90      7600
   macro avg       0.90      0.90      0.90      7600
weighted avg       0.90      0.90      0.90      7600

12:05:27 : 准确率:0.8997368421052632
12:05:27 : train_acc:0.9376833333333333  train_epoch_loss:690.6427612304688  test_acc:0.8997368421052632  test_epoch_loss:71.1545639038086
12:05:27 : __________________test end__________________
12:05:27 : ______________________________________________
12:05:27 : ______________________________________________
12:05:27 : _______________train epoch 3 end_______________
12:05:27 : ______________________________________________
12:05:27 : ______________________________________________
12:05:27 : Current lr : 4.096000000000002e-06
12:05:27 : ______________________________________________
12:05:27 : ______________________________________________
12:05:27 : _______________train epoch4 start_______________
12:05:27 : _______________lmd=20_______________
12:05:27 : ______________________________________________
12:05:27 : ______________________________________________
12:18:29 : __________________train end__________________
12:18:29 : 正确分类的样本数：113721，样本总数：120000，准确率：0.947675，ave_loss：0.004817114677280188
12:18:29 : 准确率:0.947675
12:18:29 : __________________test start__________________
12:18:45 : 正确分类的样本数：6858，样本总数：7600，准确率：0.9023684210526316，ave_loss：0.009442411363124847
12:18:45 :               precision    recall  f1-score   support

           0       0.91      0.92      0.91      1900
           1       0.95      0.96      0.95      1900
           2       0.88      0.85      0.86      1900
           3       0.87      0.88      0.88      1900

    accuracy                           0.90      7600
   macro avg       0.90      0.90      0.90      7600
weighted avg       0.90      0.90      0.90      7600

12:18:45 : 准确率:0.9023684210526316
12:18:45 : train_acc:0.947675  train_epoch_loss:578.0537719726562  test_acc:0.9023684210526316  test_epoch_loss:71.7623291015625
12:18:45 : __________________test end__________________
12:18:45 : ______________________________________________
12:18:45 : ______________________________________________
12:18:45 : _______________train epoch 4 end_______________
12:18:45 : ______________________________________________
12:18:45 : ______________________________________________
12:18:45 : Current lr : 3.276800000000002e-06
12:18:45 : ______________________________________________
12:18:45 : ______________________________________________
12:18:45 : _______________train epoch5 start_______________
12:18:45 : _______________lmd=20_______________
12:18:45 : ______________________________________________
12:18:45 : ______________________________________________
12:57:11 : _________ data process _________
12:57:28 : _________ train _________
12:57:36 : Current lr : 1e-05
12:57:36 : ______________________________________________
12:57:36 : ______________________________________________
12:57:36 : _______________train epoch0 start_______________
12:57:36 : _______________lmd=30_______________
12:57:36 : ______________________________________________
12:57:36 : ______________________________________________
13:01:26 : _________ data process _________
13:01:43 : _________ train _________
13:01:51 : Current lr : 1e-05
13:01:51 : ______________________________________________
13:01:51 : ______________________________________________
13:01:51 : _______________train epoch0 start_______________
13:01:51 : _______________lmd=30_______________
13:01:51 : ______________________________________________
13:01:51 : ______________________________________________
13:05:46 : _________ data process _________
13:06:04 : _________ train _________
13:06:12 : Current lr : 1e-05
13:06:12 : ______________________________________________
13:06:12 : ______________________________________________
13:06:12 : _______________train epoch0 start_______________
13:06:12 : _______________lmd=30_______________
13:06:12 : ______________________________________________
13:06:12 : ______________________________________________
13:19:03 : __________________train end__________________
13:19:03 : 正确分类的样本数：103515，样本总数：120000，准确率：0.862625，ave_loss：0.012427259236574173
13:19:03 : 准确率:0.862625
13:19:03 : __________________test start__________________
13:19:19 : 正确分类的样本数：6790，样本总数：7600，准确率：0.8934210526315789，ave_loss：0.009861341677606106
13:19:19 :               precision    recall  f1-score   support

           0       0.91      0.90      0.90      1900
           1       0.94      0.94      0.94      1900
           2       0.90      0.81      0.85      1900
           3       0.83      0.92      0.87      1900

    accuracy                           0.89      7600
   macro avg       0.90      0.89      0.89      7600
weighted avg       0.90      0.89      0.89      7600

13:19:19 : 准确率:0.8934210526315789
13:19:19 : store model
13:19:20 : train_acc:0.862625  train_epoch_loss:1491.2711181640625  test_acc:0.8934210526315789  test_epoch_loss:74.94619750976562
13:19:20 : 0.862625	1491.2711181640625	0.8934210526315789	74.94619750976562
13:19:20 : __________________test end__________________
13:19:20 : ______________________________________________
13:19:20 : ______________________________________________
13:19:20 : _______________train epoch 0 end_______________
13:19:20 : ______________________________________________
13:19:20 : ______________________________________________
13:19:20 : Current lr : 8.000000000000001e-06
13:19:20 : ______________________________________________
13:19:20 : ______________________________________________
13:19:20 : _______________train epoch1 start_______________
13:19:20 : _______________lmd=30_______________
13:19:20 : ______________________________________________
13:19:20 : ______________________________________________
13:32:16 : __________________train end__________________
13:32:16 : 正确分类的样本数：108948，样本总数：120000，准确率：0.9079，ave_loss：0.008440139703452587
13:32:16 : 准确率:0.9079
13:32:16 : __________________test start__________________
13:32:31 : 正确分类的样本数：6865，样本总数：7600，准确率：0.9032894736842105，ave_loss：0.009071024134755135
13:32:31 :               precision    recall  f1-score   support

           0       0.92      0.91      0.91      1900
           1       0.93      0.96      0.95      1900
           2       0.89      0.85      0.87      1900
           3       0.87      0.90      0.88      1900

    accuracy                           0.90      7600
   macro avg       0.90      0.90      0.90      7600
weighted avg       0.90      0.90      0.90      7600

13:32:31 : 准确率:0.9032894736842105
13:32:31 : store model
13:32:32 : train_acc:0.9079  train_epoch_loss:1012.8167724609375  test_acc:0.9032894736842105  test_epoch_loss:68.93978881835938
13:32:32 : 0.9079	1012.8167724609375	0.9032894736842105	68.93978881835938
13:32:32 : __________________test end__________________
13:32:32 : ______________________________________________
13:32:32 : ______________________________________________
13:32:32 : _______________train epoch 1 end_______________
13:32:32 : ______________________________________________
13:32:32 : ______________________________________________
13:32:32 : Current lr : 6.400000000000001e-06
13:32:32 : ______________________________________________
13:32:32 : ______________________________________________
13:32:32 : _______________train epoch2 start_______________
13:32:32 : _______________lmd=30_______________
13:32:32 : ______________________________________________
13:32:32 : ______________________________________________
13:45:28 : __________________train end__________________
13:45:28 : 正确分类的样本数：111280，样本总数：120000，准确率：0.9273333333333333，ave_loss：0.006653063464909792
13:45:28 : 准确率:0.9273333333333333
13:45:28 : __________________test start__________________
13:45:44 : 正确分类的样本数：6841，样本总数：7600，准确率：0.9001315789473684，ave_loss：0.00914756115525961
13:45:44 :               precision    recall  f1-score   support

           0       0.91      0.91      0.91      1900
           1       0.94      0.95      0.94      1900
           2       0.89      0.84      0.86      1900
           3       0.86      0.90      0.88      1900

    accuracy                           0.90      7600
   macro avg       0.90      0.90      0.90      7600
weighted avg       0.90      0.90      0.90      7600

13:45:44 : 准确率:0.9001315789473684
13:45:44 : train_acc:0.9273333333333333  train_epoch_loss:798.3676147460938  test_acc:0.9001315789473684  test_epoch_loss:69.52146911621094
13:45:44 : 0.9273333333333333	798.3676147460938	0.9001315789473684	69.52146911621094
13:45:44 : __________________test end__________________
13:45:44 : ______________________________________________
13:45:44 : ______________________________________________
13:45:44 : _______________train epoch 2 end_______________
13:45:44 : ______________________________________________
13:45:44 : ______________________________________________
13:45:44 : Current lr : 5.120000000000002e-06
13:45:44 : ______________________________________________
13:45:44 : ______________________________________________
13:45:44 : _______________train epoch3 start_______________
13:45:44 : _______________lmd=30_______________
13:45:44 : ______________________________________________
13:45:44 : ______________________________________________
13:58:31 : __________________train end__________________
13:58:31 : 正确分类的样本数：113018，样本总数：120000，准确率：0.9418166666666666，ave_loss：0.005307385232299566
13:58:31 : 准确率:0.9418166666666666
13:58:31 : __________________test start__________________
13:58:47 : 正确分类的样本数：6882，样本总数：7600，准确率：0.9055263157894737，ave_loss：0.009246043860912323
13:58:47 :               precision    recall  f1-score   support

           0       0.91      0.93      0.92      1900
           1       0.95      0.95      0.95      1900
           2       0.89      0.85      0.87      1900
           3       0.88      0.89      0.88      1900

    accuracy                           0.91      7600
   macro avg       0.91      0.91      0.91      7600
weighted avg       0.91      0.91      0.91      7600

13:58:47 : 准确率:0.9055263157894737
13:58:47 : train_acc:0.9418166666666666  train_epoch_loss:636.88623046875  test_acc:0.9055263157894737  test_epoch_loss:70.26993560791016
13:58:47 : 0.9418166666666666	636.88623046875	0.9055263157894737	70.26993560791016
13:58:47 : __________________test end__________________
13:58:47 : ______________________________________________
13:58:47 : ______________________________________________
13:58:47 : _______________train epoch 3 end_______________
13:58:47 : ______________________________________________
13:58:47 : ______________________________________________
13:58:47 : Current lr : 4.096000000000002e-06
13:58:47 : ______________________________________________
13:58:47 : ______________________________________________
13:58:47 : _______________train epoch4 start_______________
13:58:47 : _______________lmd=30_______________
13:58:47 : ______________________________________________
13:58:47 : ______________________________________________
14:11:35 : __________________train end__________________
14:11:35 : 正确分类的样本数：114114，样本总数：120000，准确率：0.95095，ave_loss：0.004381204955279827
14:11:35 : 准确率:0.95095
14:11:35 : __________________test start__________________
14:11:50 : 正确分类的样本数：6843，样本总数：7600，准确率：0.9003947368421052，ave_loss：0.009610222652554512
14:11:50 :               precision    recall  f1-score   support

           0       0.92      0.90      0.91      1900
           1       0.94      0.95      0.94      1900
           2       0.88      0.85      0.87      1900
           3       0.86      0.90      0.88      1900

    accuracy                           0.90      7600
   macro avg       0.90      0.90      0.90      7600
weighted avg       0.90      0.90      0.90      7600

14:11:50 : 准确率:0.9003947368421052
14:11:50 : train_acc:0.95095  train_epoch_loss:525.7445678710938  test_acc:0.9003947368421052  test_epoch_loss:73.0376968383789
14:11:50 : 0.95095	525.7445678710938	0.9003947368421052	73.0376968383789
14:11:50 : __________________test end__________________
14:11:50 : ______________________________________________
14:11:50 : ______________________________________________
14:11:50 : _______________train epoch 4 end_______________
14:11:50 : ______________________________________________
14:11:50 : ______________________________________________
14:11:50 : Current lr : 3.276800000000002e-06
14:11:50 : ______________________________________________
14:11:50 : ______________________________________________
14:11:50 : _______________train epoch5 start_______________
14:11:50 : _______________lmd=30_______________
14:11:50 : ______________________________________________
14:11:50 : ______________________________________________
14:19:02 : _________ data process _________
14:19:20 : _________ train _________
14:19:28 : Current lr : 1e-05
14:19:28 : ______________________________________________
14:19:28 : ______________________________________________
14:19:28 : _______________train epoch0 start_______________
14:19:28 : _______________lmd=25_______________
14:19:28 : ______________________________________________
14:19:28 : ______________________________________________
14:32:22 : __________________train end__________________
14:32:22 : 正确分类的样本数：103387，样本总数：120000，准确率：0.8615583333333333，ave_loss：0.012530037201941013
14:32:22 : 准确率:0.8615583333333333
14:32:22 : __________________test start__________________
14:32:38 : 正确分类的样本数：6759，样本总数：7600，准确率：0.8893421052631579，ave_loss：0.009924232959747314
14:32:38 :               precision    recall  f1-score   support

           0       0.91      0.90      0.90      1900
           1       0.92      0.96      0.94      1900
           2       0.83      0.88      0.86      1900
           3       0.91      0.81      0.86      1900

    accuracy                           0.89      7600
   macro avg       0.89      0.89      0.89      7600
weighted avg       0.89      0.89      0.89      7600

14:32:38 : 准确率:0.8893421052631579
14:32:38 : store model
14:32:39 : train_acc:0.8615583333333333  train_epoch_loss:1503.6044921875  test_acc:0.8893421052631579  test_epoch_loss:75.4241714477539
14:32:39 : 0.8615583333333333	1503.6044921875	0.8893421052631579	75.4241714477539
14:32:39 : __________________test end__________________
14:32:39 : ______________________________________________
14:32:39 : ______________________________________________
14:32:39 : _______________train epoch 0 end_______________
14:32:39 : ______________________________________________
14:32:39 : ______________________________________________
14:32:39 : Current lr : 8.000000000000001e-06
14:32:39 : ______________________________________________
14:32:39 : ______________________________________________
14:32:39 : _______________train epoch1 start_______________
14:32:39 : _______________lmd=25_______________
14:32:39 : ______________________________________________
14:32:39 : ______________________________________________
14:45:35 : __________________train end__________________
14:45:35 : 正确分类的样本数：108818，样本总数：120000，准确率：0.9068166666666667，ave_loss：0.008573414757847786
14:45:35 : 准确率:0.9068166666666667
14:45:35 : __________________test start__________________
14:45:51 : 正确分类的样本数：6832，样本总数：7600，准确率：0.8989473684210526，ave_loss：0.009434901177883148
14:45:51 :               precision    recall  f1-score   support

           0       0.89      0.92      0.90      1900
           1       0.93      0.96      0.94      1900
           2       0.89      0.84      0.86      1900
           3       0.88      0.89      0.88      1900

    accuracy                           0.90      7600
   macro avg       0.90      0.90      0.90      7600
weighted avg       0.90      0.90      0.90      7600

14:45:51 : 准确率:0.8989473684210526
14:45:51 : store model
14:45:52 : train_acc:0.9068166666666667  train_epoch_loss:1028.809814453125  test_acc:0.8989473684210526  test_epoch_loss:71.70525360107422
14:45:52 : 0.9068166666666667	1028.809814453125	0.8989473684210526	71.70525360107422
14:45:52 : __________________test end__________________
14:45:52 : ______________________________________________
14:45:52 : ______________________________________________
14:45:52 : _______________train epoch 1 end_______________
14:45:52 : ______________________________________________
14:45:52 : ______________________________________________
14:45:52 : Current lr : 6.400000000000001e-06
14:45:52 : ______________________________________________
14:45:52 : ______________________________________________
14:45:52 : _______________train epoch2 start_______________
14:45:52 : _______________lmd=25_______________
14:45:52 : ______________________________________________
14:45:52 : ______________________________________________
14:58:36 : _________ data process _________
14:58:53 : _________ train _________
14:59:02 : Current lr : 1e-05
14:59:02 : ______________________________________________
14:59:02 : ______________________________________________
14:59:02 : _______________train epoch0 start_______________
14:59:02 : _______________lmd=25_______________
14:59:02 : ______________________________________________
14:59:02 : ______________________________________________
15:11:58 : __________________train end__________________
15:11:58 : 正确分类的样本数：103361，样本总数：120000，准确率：0.8613416666666667，ave_loss：0.012580438517034054
15:11:58 : 准确率:0.8613416666666667
15:11:58 : __________________test start__________________
15:12:14 : 正确分类的样本数：6744，样本总数：7600，准确率：0.8873684210526316，ave_loss：0.00996654573827982
15:12:14 :               precision    recall  f1-score   support

           0       0.93      0.88      0.90      1900
           1       0.91      0.96      0.93      1900
           2       0.88      0.80      0.84      1900
           3       0.83      0.91      0.87      1900

    accuracy                           0.89      7600
   macro avg       0.89      0.89      0.89      7600
weighted avg       0.89      0.89      0.89      7600

15:12:14 : 准确率:0.8873684210526316
15:12:14 : store model
15:12:14 : train_acc:0.8613416666666667  train_epoch_loss:1509.652587890625  test_acc:0.8873684210526316  test_epoch_loss:75.7457504272461
15:12:14 : 0.8613416666666667	1509.652587890625	0.8873684210526316	75.7457504272461
15:12:14 : __________________test end__________________
15:12:14 : ______________________________________________
15:12:14 : ______________________________________________
15:12:14 : _______________train epoch 0 end_______________
15:12:14 : ______________________________________________
15:12:14 : ______________________________________________
15:12:14 : Current lr : 8.000000000000001e-06
15:12:14 : ______________________________________________
15:12:14 : ______________________________________________
15:12:14 : _______________train epoch1 start_______________
15:12:14 : _______________lmd=25_______________
15:12:14 : ______________________________________________
15:12:14 : ______________________________________________
15:25:10 : __________________train end__________________
15:25:10 : 正确分类的样本数：108786，样本总数：120000，准确率：0.90655，ave_loss：0.008636283688247204
15:25:10 : 准确率:0.90655
15:25:10 : __________________test start__________________
15:25:26 : 正确分类的样本数：6822，样本总数：7600，准确率：0.8976315789473684，ave_loss：0.00921643991023302
15:25:26 :               precision    recall  f1-score   support

           0       0.92      0.90      0.91      1900
           1       0.94      0.95      0.94      1900
           2       0.89      0.82      0.86      1900
           3       0.84      0.91      0.88      1900

    accuracy                           0.90      7600
   macro avg       0.90      0.90      0.90      7600
weighted avg       0.90      0.90      0.90      7600

15:25:26 : 准确率:0.8976315789473684
15:25:26 : store model
15:25:27 : train_acc:0.90655  train_epoch_loss:1036.35400390625  test_acc:0.8976315789473684  test_epoch_loss:70.0449447631836
15:25:27 : 0.90655	1036.35400390625	0.8976315789473684	70.0449447631836
15:25:27 : __________________test end__________________
15:25:27 : ______________________________________________
15:25:27 : ______________________________________________
15:25:27 : _______________train epoch 1 end_______________
15:25:27 : ______________________________________________
15:25:27 : ______________________________________________
15:25:27 : Current lr : 6.400000000000001e-06
15:25:27 : ______________________________________________
15:25:27 : ______________________________________________
15:25:27 : _______________train epoch2 start_______________
15:25:27 : _______________lmd=25_______________
15:25:27 : ______________________________________________
15:25:27 : ______________________________________________
15:38:24 : __________________train end__________________
15:38:24 : 正确分类的样本数：111126，样本总数：120000，准确率：0.92605，ave_loss：0.006843732204288244
15:38:24 : 准确率:0.92605
15:38:24 : __________________test start__________________
15:38:40 : 正确分类的样本数：6840，样本总数：7600，准确率：0.9，ave_loss：0.0090570580214262
15:38:40 :               precision    recall  f1-score   support

           0       0.91      0.92      0.91      1900
           1       0.94      0.94      0.94      1900
           2       0.90      0.82      0.86      1900
           3       0.85      0.91      0.88      1900

    accuracy                           0.90      7600
   macro avg       0.90      0.90      0.90      7600
weighted avg       0.90      0.90      0.90      7600

15:38:40 : 准确率:0.9
15:38:40 : store model
15:38:41 : train_acc:0.92605  train_epoch_loss:821.2478637695312  test_acc:0.9  test_epoch_loss:68.8336410522461
15:38:41 : 0.92605	821.2478637695312	0.9	68.8336410522461
15:38:41 : __________________test end__________________
15:38:41 : ______________________________________________
15:38:41 : ______________________________________________
15:38:41 : _______________train epoch 2 end_______________
15:38:41 : ______________________________________________
15:38:41 : ______________________________________________
15:38:41 : Current lr : 5.120000000000002e-06
15:38:41 : ______________________________________________
15:38:41 : ______________________________________________
15:38:41 : _______________train epoch3 start_______________
15:38:41 : _______________lmd=25_______________
15:38:41 : ______________________________________________
15:38:41 : ______________________________________________
15:51:37 : __________________train end__________________
15:51:37 : 正确分类的样本数：112817，样本总数：120000，准确率：0.9401416666666667，ave_loss：0.00555538572371006
15:51:37 : 准确率:0.9401416666666667
15:51:37 : __________________test start__________________
15:51:53 : 正确分类的样本数：6862，样本总数：7600，准确率：0.9028947368421053，ave_loss：0.00908926036208868
15:51:53 :               precision    recall  f1-score   support

           0       0.93      0.91      0.92      1900
           1       0.94      0.95      0.95      1900
           2       0.87      0.85      0.86      1900
           3       0.87      0.90      0.88      1900

    accuracy                           0.90      7600
   macro avg       0.90      0.90      0.90      7600
weighted avg       0.90      0.90      0.90      7600

15:51:53 : 准确率:0.9028947368421053
15:51:53 : train_acc:0.9401416666666667  train_epoch_loss:666.6463012695312  test_acc:0.9028947368421053  test_epoch_loss:69.07838439941406
15:51:53 : 0.9401416666666667	666.6463012695312	0.9028947368421053	69.07838439941406
15:51:53 : __________________test end__________________
15:51:53 : ______________________________________________
15:51:53 : ______________________________________________
15:51:53 : _______________train epoch 3 end_______________
15:51:53 : ______________________________________________
15:51:53 : ______________________________________________
15:51:53 : Current lr : 4.096000000000002e-06
15:51:53 : ______________________________________________
15:51:53 : ______________________________________________
15:51:53 : _______________train epoch4 start_______________
15:51:53 : _______________lmd=25_______________
15:51:53 : ______________________________________________
15:51:53 : ______________________________________________
16:04:50 : __________________train end__________________
16:04:50 : 正确分类的样本数：113997，样本总数：120000，准确率：0.949975，ave_loss：0.0045479051768779755
16:04:50 : 准确率:0.949975
16:04:50 : __________________test start__________________
16:05:06 : 正确分类的样本数：6854，样本总数：7600，准确率：0.9018421052631579，ave_loss：0.009800990112125874
16:05:06 :               precision    recall  f1-score   support

           0       0.90      0.92      0.91      1900
           1       0.94      0.95      0.95      1900
           2       0.89      0.85      0.87      1900
           3       0.88      0.89      0.88      1900

    accuracy                           0.90      7600
   macro avg       0.90      0.90      0.90      7600
weighted avg       0.90      0.90      0.90      7600

16:05:06 : 准确率:0.9018421052631579
16:05:06 : train_acc:0.949975  train_epoch_loss:545.7485961914062  test_acc:0.9018421052631579  test_epoch_loss:74.4875259399414
16:05:06 : 0.949975	545.7485961914062	0.9018421052631579	74.4875259399414
16:05:06 : __________________test end__________________
16:05:06 : ______________________________________________
16:05:06 : ______________________________________________
16:05:06 : _______________train epoch 4 end_______________
16:05:06 : ______________________________________________
16:05:06 : ______________________________________________
16:05:06 : Current lr : 3.276800000000002e-06
16:05:06 : ______________________________________________
16:05:06 : ______________________________________________
16:05:06 : _______________train epoch5 start_______________
16:05:06 : _______________lmd=25_______________
16:05:06 : ______________________________________________
16:05:06 : ______________________________________________
