11:05:44 : _________ data process _________
11:06:01 : _________ train _________
11:06:09 : Current lr : 1e-05
11:06:09 : ______________________________________________
11:06:09 : ______________________________________________
11:06:09 : _______________train epoch0 start_______________
11:06:09 : ______________________________________________
11:06:09 : ______________________________________________
11:08:47 : _________ data process _________
11:09:04 : _________ train _________
11:09:15 : Current lr : 1e-05
11:09:15 : ______________________________________________
11:09:15 : ______________________________________________
11:09:15 : _______________train epoch0 start_______________
11:09:15 : ______________________________________________
11:09:15 : ______________________________________________
11:11:00 : _________ data process _________
11:11:17 : _________ train _________
11:11:25 : Current lr : 1e-05
11:11:25 : ______________________________________________
11:11:25 : ______________________________________________
11:11:25 : _______________train epoch0 start_______________
11:11:25 : ______________________________________________
11:11:25 : ______________________________________________
11:24:41 : __________________train end__________________
11:24:41 : 正确分类的样本数：103741，样本总数：120000，准确率：0.8645083333333333，ave_loss：0.012229961343109608
11:24:41 : 准确率:0.8645083333333333
11:24:41 : __________________test start__________________
11:24:57 : 正确分类的样本数：6798，样本总数：7600，准确率：0.8944736842105263，ave_loss：0.009780164808034897
11:24:57 :               precision    recall  f1-score   support

           0       0.90      0.91      0.91      1900
           1       0.93      0.95      0.94      1900
           2       0.87      0.84      0.85      1900
           3       0.87      0.88      0.88      1900

    accuracy                           0.89      7600
   macro avg       0.89      0.89      0.89      7600
weighted avg       0.89      0.89      0.89      7600

11:24:57 : 准确率:0.8944736842105263
11:24:57 : store model
11:24:58 : train_acc:0.8645083333333333  train_epoch_loss:1467.5953369140625  test_acc:0.8944736842105263  test_epoch_loss:74.32925415039062
11:24:58 : __________________test end__________________
11:24:58 : ______________________________________________
11:24:58 : ______________________________________________
11:24:58 : _______________train epoch 0 end_______________
11:24:58 : ______________________________________________
11:24:58 : ______________________________________________
11:24:58 : Current lr : 8.000000000000001e-06
11:24:58 : ______________________________________________
11:24:58 : ______________________________________________
11:24:58 : _______________train epoch1 start_______________
11:24:58 : ______________________________________________
11:24:58 : ______________________________________________
11:38:11 : __________________train end__________________
11:38:11 : 正确分类的样本数：109273，样本总数：120000，准确率：0.9106083333333334，ave_loss：0.0080580348148942
11:38:11 : 准确率:0.9106083333333334
11:38:11 : __________________test start__________________
11:38:27 : 正确分类的样本数：6882，样本总数：7600，准确率：0.9055263157894737，ave_loss：0.008995112963020802
11:38:27 :               precision    recall  f1-score   support

           0       0.92      0.91      0.92      1900
           1       0.94      0.96      0.95      1900
           2       0.88      0.86      0.87      1900
           3       0.88      0.89      0.89      1900

    accuracy                           0.91      7600
   macro avg       0.91      0.91      0.91      7600
weighted avg       0.91      0.91      0.91      7600

11:38:27 : 准确率:0.9055263157894737
11:38:27 : store model
11:38:28 : train_acc:0.9106083333333334  train_epoch_loss:966.9641723632812  test_acc:0.9055263157894737  test_epoch_loss:68.36286163330078
11:38:28 : __________________test end__________________
11:38:28 : ______________________________________________
11:38:28 : ______________________________________________
11:38:28 : _______________train epoch 1 end_______________
11:38:28 : ______________________________________________
11:38:28 : ______________________________________________
11:38:28 : Current lr : 6.400000000000001e-06
11:38:28 : ______________________________________________
11:38:28 : ______________________________________________
11:38:28 : _______________train epoch2 start_______________
11:38:28 : ______________________________________________
11:38:28 : ______________________________________________
11:51:43 : __________________train end__________________
11:51:43 : 正确分类的样本数：111826，样本总数：120000，准确率：0.9318833333333333，ave_loss：0.006201272830367088
11:51:43 : 准确率:0.9318833333333333
11:51:43 : __________________test start__________________
11:51:59 : 正确分类的样本数：6874，样本总数：7600，准确率：0.9044736842105263，ave_loss：0.009395205415785313
11:51:59 :               precision    recall  f1-score   support

           0       0.92      0.91      0.92      1900
           1       0.94      0.96      0.95      1900
           2       0.88      0.86      0.87      1900
           3       0.88      0.89      0.88      1900

    accuracy                           0.90      7600
   macro avg       0.90      0.90      0.90      7600
weighted avg       0.90      0.90      0.90      7600

11:51:59 : 准确率:0.9044736842105263
11:51:59 : train_acc:0.9318833333333333  train_epoch_loss:744.1527099609375  test_acc:0.9044736842105263  test_epoch_loss:71.403564453125
11:51:59 : __________________test end__________________
11:51:59 : ______________________________________________
11:51:59 : ______________________________________________
11:51:59 : _______________train epoch 2 end_______________
11:51:59 : ______________________________________________
11:51:59 : ______________________________________________
11:51:59 : Current lr : 5.120000000000002e-06
11:51:59 : ______________________________________________
11:51:59 : ______________________________________________
11:51:59 : _______________train epoch3 start_______________
11:51:59 : ______________________________________________
11:51:59 : ______________________________________________
12:05:11 : __________________train end__________________
12:05:11 : 正确分类的样本数：113552，样本总数：120000，准确率：0.9462666666666667，ave_loss：0.004899316001683474
12:05:11 : 准确率:0.9462666666666667
12:05:11 : __________________test start__________________
12:05:27 : 正确分类的样本数：6885，样本总数：7600，准确率：0.905921052631579，ave_loss：0.009838082827627659
12:05:27 :               precision    recall  f1-score   support

           0       0.92      0.91      0.91      1900
           1       0.95      0.95      0.95      1900
           2       0.88      0.87      0.87      1900
           3       0.88      0.89      0.89      1900

    accuracy                           0.91      7600
   macro avg       0.91      0.91      0.91      7600
weighted avg       0.91      0.91      0.91      7600

12:05:27 : 准确率:0.905921052631579
12:05:27 : train_acc:0.9462666666666667  train_epoch_loss:587.9179077148438  test_acc:0.905921052631579  test_epoch_loss:74.7694320678711
12:05:27 : __________________test end__________________
12:05:27 : ______________________________________________
12:05:27 : ______________________________________________
12:05:27 : _______________train epoch 3 end_______________
12:05:27 : ______________________________________________
12:05:27 : ______________________________________________
12:05:27 : Current lr : 4.096000000000002e-06
12:05:27 : ______________________________________________
12:05:27 : ______________________________________________
12:05:27 : _______________train epoch4 start_______________
12:05:27 : ______________________________________________
12:05:27 : ______________________________________________
12:18:39 : __________________train end__________________
12:18:39 : 正确分类的样本数：114765，样本总数：120000，准确率：0.956375，ave_loss：0.00395769439637661
12:18:39 : 准确率:0.956375
12:18:39 : __________________test start__________________
12:18:55 : 正确分类的样本数：6870，样本总数：7600，准确率：0.9039473684210526，ave_loss：0.010353803634643555
12:18:55 :               precision    recall  f1-score   support

           0       0.93      0.90      0.92      1900
           1       0.94      0.96      0.95      1900
           2       0.87      0.87      0.87      1900
           3       0.88      0.89      0.88      1900

    accuracy                           0.90      7600
   macro avg       0.90      0.90      0.90      7600
weighted avg       0.90      0.90      0.90      7600

12:18:55 : 准确率:0.9039473684210526
12:18:55 : train_acc:0.956375  train_epoch_loss:474.9233093261719  test_acc:0.9039473684210526  test_epoch_loss:78.68891143798828
12:18:55 : __________________test end__________________
12:18:55 : ______________________________________________
12:18:55 : ______________________________________________
12:18:55 : _______________train epoch 4 end_______________
12:18:55 : ______________________________________________
12:18:55 : ______________________________________________
12:18:55 : Current lr : 3.276800000000002e-06
12:18:55 : ______________________________________________
12:18:55 : ______________________________________________
12:18:55 : _______________train epoch5 start_______________
12:18:55 : ______________________________________________
12:18:55 : ______________________________________________
16:22:22 : _________ data process _________
16:22:39 : _________ train _________
16:22:47 : Current lr : 1e-05
16:22:47 : ______________________________________________
16:22:47 : ______________________________________________
16:22:47 : _______________train epoch0 start_______________
16:22:47 : ______________________________________________
16:22:47 : ______________________________________________
16:35:53 : __________________train end__________________
16:35:53 : 正确分类的样本数：102884，样本总数：120000，准确率：0.8573666666666667，ave_loss：0.012739310041069984
16:35:53 : 准确率:0.8573666666666667
16:35:53 : __________________test start__________________
16:36:09 : 正确分类的样本数：6785，样本总数：7600，准确率：0.8927631578947368，ave_loss：0.009889841079711914
16:36:09 :               precision    recall  f1-score   support

           0       0.91      0.90      0.90      1900
           1       0.92      0.95      0.94      1900
           2       0.86      0.85      0.86      1900
           3       0.88      0.86      0.87      1900

    accuracy                           0.89      7600
   macro avg       0.89      0.89      0.89      7600
weighted avg       0.89      0.89      0.89      7600

16:36:09 : 准确率:0.8927631578947368
16:36:09 : store model
16:36:09 : train_acc:0.8573666666666667  train_epoch_loss:1528.7171630859375  test_acc:0.8927631578947368  test_epoch_loss:75.16279602050781
16:36:09 : 0.8573666666666667	1528.7171630859375	0.8927631578947368	75.16279602050781
16:36:09 : __________________test end__________________
16:36:09 : ______________________________________________
16:36:09 : ______________________________________________
16:36:09 : _______________train epoch 0 end_______________
16:36:09 : ______________________________________________
16:36:09 : ______________________________________________
16:36:09 : Current lr : 8.000000000000001e-06
16:36:09 : ______________________________________________
16:36:09 : ______________________________________________
16:36:09 : _______________train epoch1 start_______________
16:36:09 : ______________________________________________
16:36:09 : ______________________________________________
16:49:16 : __________________train end__________________
16:49:16 : 正确分类的样本数：108963，样本总数：120000，准确率：0.908025，ave_loss：0.008386733010411263
16:49:16 : 准确率:0.908025
16:49:16 : __________________test start__________________
16:49:32 : 正确分类的样本数：6837，样本总数：7600，准确率：0.8996052631578947，ave_loss：0.009168896824121475
16:49:32 :               precision    recall  f1-score   support

           0       0.93      0.89      0.91      1900
           1       0.93      0.96      0.95      1900
           2       0.88      0.85      0.86      1900
           3       0.87      0.89      0.88      1900

    accuracy                           0.90      7600
   macro avg       0.90      0.90      0.90      7600
weighted avg       0.90      0.90      0.90      7600

16:49:32 : 准确率:0.8996052631578947
16:49:32 : store model
16:49:32 : train_acc:0.908025  train_epoch_loss:1006.4078979492188  test_acc:0.8996052631578947  test_epoch_loss:69.6836166381836
16:49:32 : 0.908025	1006.4078979492188	0.8996052631578947	69.6836166381836
16:49:32 : __________________test end__________________
16:49:32 : ______________________________________________
16:49:32 : ______________________________________________
16:49:32 : _______________train epoch 1 end_______________
16:49:32 : ______________________________________________
16:49:32 : ______________________________________________
16:49:32 : Current lr : 6.400000000000001e-06
16:49:32 : ______________________________________________
16:49:32 : ______________________________________________
16:49:32 : _______________train epoch2 start_______________
16:49:32 : ______________________________________________
16:49:32 : ______________________________________________
17:02:37 : __________________train end__________________
17:02:37 : 正确分类的样本数：111400，样本总数：120000，准确率：0.9283333333333333，ave_loss：0.006510731298476458
17:02:37 : 准确率:0.9283333333333333
17:02:37 : __________________test start__________________
17:02:53 : 正确分类的样本数：6881，样本总数：7600，准确率：0.9053947368421053，ave_loss：0.009324751794338226
17:02:53 :               precision    recall  f1-score   support

           0       0.92      0.91      0.92      1900
           1       0.94      0.95      0.95      1900
           2       0.87      0.87      0.87      1900
           3       0.89      0.88      0.89      1900

    accuracy                           0.91      7600
   macro avg       0.91      0.91      0.91      7600
weighted avg       0.91      0.91      0.91      7600

17:02:53 : 准确率:0.9053947368421053
17:02:53 : train_acc:0.9283333333333333  train_epoch_loss:781.2877197265625  test_acc:0.9053947368421053  test_epoch_loss:70.86811828613281
17:02:53 : 0.9283333333333333	781.2877197265625	0.9053947368421053	70.86811828613281
17:02:53 : __________________test end__________________
17:02:53 : ______________________________________________
17:02:53 : ______________________________________________
17:02:53 : _______________train epoch 2 end_______________
17:02:53 : ______________________________________________
17:02:53 : ______________________________________________
17:02:53 : Current lr : 5.120000000000002e-06
17:02:53 : ______________________________________________
17:02:53 : ______________________________________________
17:02:53 : _______________train epoch3 start_______________
17:02:53 : ______________________________________________
17:02:53 : ______________________________________________
17:15:57 : __________________train end__________________
17:15:57 : 正确分类的样本数：113279，样本总数：120000，准确率：0.9439916666666667，ave_loss：0.0051536294631659985
17:15:57 : 准确率:0.9439916666666667
17:15:57 : __________________test start__________________
17:16:13 : 正确分类的样本数：6871，样本总数：7600，准确率：0.9040789473684211，ave_loss：0.009835460223257542
17:16:13 :               precision    recall  f1-score   support

           0       0.93      0.90      0.91      1900
           1       0.95      0.95      0.95      1900
           2       0.88      0.86      0.87      1900
           3       0.87      0.90      0.88      1900

    accuracy                           0.90      7600
   macro avg       0.90      0.90      0.90      7600
weighted avg       0.90      0.90      0.90      7600

17:16:13 : 准确率:0.9040789473684211
17:16:13 : train_acc:0.9439916666666667  train_epoch_loss:618.435546875  test_acc:0.9040789473684211  test_epoch_loss:74.74950408935547
17:16:13 : 0.9439916666666667	618.435546875	0.9040789473684211	74.74950408935547
17:16:13 : __________________test end__________________
17:16:13 : ______________________________________________
17:16:13 : ______________________________________________
17:16:13 : _______________train epoch 3 end_______________
17:16:13 : ______________________________________________
17:16:13 : ______________________________________________
17:16:13 : Current lr : 4.096000000000002e-06
17:16:13 : ______________________________________________
17:16:13 : ______________________________________________
17:16:13 : _______________train epoch4 start_______________
17:16:13 : ______________________________________________
17:16:13 : ______________________________________________
17:29:19 : __________________train end__________________
17:29:19 : 正确分类的样本数：114462，样本总数：120000，准确率：0.95385，ave_loss：0.00422966293990612
17:29:19 : 准确率:0.95385
17:29:19 : __________________test start__________________
17:29:35 : 正确分类的样本数：6846，样本总数：7600，准确率：0.9007894736842105，ave_loss：0.010523086413741112
17:29:35 :               precision    recall  f1-score   support

           0       0.91      0.92      0.91      1900
           1       0.95      0.94      0.95      1900
           2       0.87      0.86      0.86      1900
           3       0.87      0.88      0.88      1900

    accuracy                           0.90      7600
   macro avg       0.90      0.90      0.90      7600
weighted avg       0.90      0.90      0.90      7600

17:29:35 : 准确率:0.9007894736842105
17:29:35 : train_acc:0.95385  train_epoch_loss:507.5595397949219  test_acc:0.9007894736842105  test_epoch_loss:79.9754638671875
17:29:35 : 0.95385	507.5595397949219	0.9007894736842105	79.9754638671875
17:29:35 : __________________test end__________________
17:29:35 : ______________________________________________
17:29:35 : ______________________________________________
17:29:35 : _______________train epoch 4 end_______________
17:29:35 : ______________________________________________
17:29:35 : ______________________________________________
17:29:35 : Current lr : 3.276800000000002e-06
17:29:35 : ______________________________________________
17:29:35 : ______________________________________________
17:29:35 : _______________train epoch5 start_______________
17:29:35 : ______________________________________________
17:29:35 : ______________________________________________
