14:46:56 : _________ data process _________
14:47:15 : _________ train _________
14:47:24 : Current lr : 1e-05
14:47:24 : ______________________________________________
14:47:24 : ______________________________________________
14:47:24 : _______________train epoch0 start_______________
14:47:24 : ______________________________________________
14:47:24 : ______________________________________________
15:00:45 : __________________train end__________________
15:00:45 : 正确分类的样本数：103425，样本总数：120000，准确率：0.861875，ave_loss：0.012378084473311901
15:00:45 : 准确率:0.861875
15:00:45 : __________________test start__________________
15:01:01 : 正确分类的样本数：6785，样本总数：7600，准确率：0.8927631578947368，ave_loss：0.009828397072851658
15:01:01 :               precision    recall  f1-score   support

           0       0.92      0.89      0.90      1900
           1       0.92      0.96      0.94      1900
           2       0.88      0.83      0.86      1900
           3       0.86      0.89      0.87      1900

    accuracy                           0.89      7600
   macro avg       0.89      0.89      0.89      7600
weighted avg       0.89      0.89      0.89      7600

15:01:01 : 准确率:0.8927631578947368
15:01:01 : store model
15:01:01 : train_acc:0.861875  train_epoch_loss:1485.3701171875  test_acc:0.8927631578947368  test_epoch_loss:74.6958236694336
15:01:01 : 0.861875	1485.3701171875	0.8927631578947368	74.6958236694336
15:01:01 : __________________test end__________________
15:01:01 : ______________________________________________
15:01:01 : ______________________________________________
15:01:01 : _______________train epoch 0 end_______________
15:01:01 : ______________________________________________
15:01:01 : ______________________________________________
15:01:01 : Current lr : 6e-06
15:01:01 : ______________________________________________
15:01:01 : ______________________________________________
15:01:01 : _______________train epoch1 start_______________
15:01:01 : ______________________________________________
15:01:01 : ______________________________________________
15:14:22 : __________________train end__________________
15:14:22 : 正确分类的样本数：109421，样本总数：120000，准确率：0.9118416666666667，ave_loss：0.008057613857090473
15:14:22 : 准确率:0.9118416666666667
15:14:22 : __________________test start__________________
15:14:38 : 正确分类的样本数：6891，样本总数：7600，准确率：0.9067105263157895，ave_loss：0.009183954447507858
15:14:38 :               precision    recall  f1-score   support

           0       0.93      0.90      0.92      1900
           1       0.93      0.97      0.95      1900
           2       0.88      0.87      0.87      1900
           3       0.89      0.88      0.89      1900

    accuracy                           0.91      7600
   macro avg       0.91      0.91      0.91      7600
weighted avg       0.91      0.91      0.91      7600

15:14:38 : 准确率:0.9067105263157895
15:14:38 : store model
15:14:38 : train_acc:0.9118416666666667  train_epoch_loss:966.9136352539062  test_acc:0.9067105263157895  test_epoch_loss:69.79805755615234
15:14:38 : 0.9118416666666667	966.9136352539062	0.9067105263157895	69.79805755615234
15:14:38 : __________________test end__________________
15:14:38 : ______________________________________________
15:14:38 : ______________________________________________
15:14:38 : _______________train epoch 1 end_______________
15:14:38 : ______________________________________________
15:14:38 : ______________________________________________
15:14:38 : Current lr : 3.6e-06
15:14:38 : ______________________________________________
15:14:38 : ______________________________________________
15:14:38 : _______________train epoch2 start_______________
15:14:38 : ______________________________________________
15:14:38 : ______________________________________________
15:27:49 : __________________train end__________________
15:27:49 : 正确分类的样本数：111588，样本总数：120000，准确率：0.9299，ave_loss：0.006412179674953222
15:27:49 : 准确率:0.9299
15:27:49 : __________________test start__________________
15:28:05 : 正确分类的样本数：6871，样本总数：7600，准确率：0.9040789473684211，ave_loss：0.009299005381762981
15:28:05 :               precision    recall  f1-score   support

           0       0.94      0.90      0.92      1900
           1       0.93      0.97      0.95      1900
           2       0.89      0.85      0.87      1900
           3       0.86      0.91      0.88      1900

    accuracy                           0.90      7600
   macro avg       0.90      0.90      0.90      7600
weighted avg       0.90      0.90      0.90      7600

15:28:05 : 准确率:0.9040789473684211
15:28:05 : train_acc:0.9299  train_epoch_loss:769.4615478515625  test_acc:0.9040789473684211  test_epoch_loss:70.67244720458984
15:28:05 : 0.9299	769.4615478515625	0.9040789473684211	70.67244720458984
15:28:05 : __________________test end__________________
15:28:05 : ______________________________________________
15:28:05 : ______________________________________________
15:28:05 : _______________train epoch 2 end_______________
15:28:05 : ______________________________________________
15:28:05 : ______________________________________________
15:28:05 : Current lr : 2.1599999999999996e-06
15:28:05 : ______________________________________________
15:28:05 : ______________________________________________
15:28:05 : _______________train epoch3 start_______________
15:28:05 : ______________________________________________
15:28:05 : ______________________________________________
15:41:15 : __________________train end__________________
15:41:15 : 正确分类的样本数：112831，样本总数：120000，准确率：0.9402583333333333，ave_loss：0.005451220087707043
15:41:15 : 准确率:0.9402583333333333
15:41:15 : __________________test start__________________
15:41:31 : 正确分类的样本数：6864，样本总数：7600，准确率：0.9031578947368422，ave_loss：0.009534824639558792
15:41:31 :               precision    recall  f1-score   support

           0       0.92      0.91      0.91      1900
           1       0.95      0.95      0.95      1900
           2       0.88      0.86      0.87      1900
           3       0.87      0.89      0.88      1900

    accuracy                           0.90      7600
   macro avg       0.90      0.90      0.90      7600
weighted avg       0.90      0.90      0.90      7600

15:41:31 : 准确率:0.9031578947368422
15:41:31 : train_acc:0.9402583333333333  train_epoch_loss:654.1464233398438  test_acc:0.9031578947368422  test_epoch_loss:72.46466827392578
15:41:31 : 0.9402583333333333	654.1464233398438	0.9031578947368422	72.46466827392578
15:41:31 : __________________test end__________________
15:41:31 : ______________________________________________
15:41:31 : ______________________________________________
15:41:31 : _______________train epoch 3 end_______________
15:41:31 : ______________________________________________
15:41:31 : ______________________________________________
15:41:31 : Current lr : 1.2959999999999997e-06
15:41:31 : ______________________________________________
15:41:31 : ______________________________________________
15:41:31 : _______________train epoch4 start_______________
15:41:31 : ______________________________________________
15:41:31 : ______________________________________________
15:54:41 : __________________train end__________________
15:54:41 : 正确分类的样本数：113612，样本总数：120000，准确率：0.9467666666666666，ave_loss：0.004876584745943546
15:54:41 : 准确率:0.9467666666666666
15:54:41 : __________________test start__________________
15:54:57 : 正确分类的样本数：6882，样本总数：7600，准确率：0.9055263157894737，ave_loss：0.009884148836135864
15:54:57 :               precision    recall  f1-score   support

           0       0.92      0.91      0.92      1900
           1       0.95      0.95      0.95      1900
           2       0.88      0.86      0.87      1900
           3       0.87      0.89      0.88      1900

    accuracy                           0.91      7600
   macro avg       0.91      0.91      0.91      7600
weighted avg       0.91      0.91      0.91      7600

15:54:57 : 准确率:0.9055263157894737
15:54:57 : train_acc:0.9467666666666666  train_epoch_loss:585.190185546875  test_acc:0.9055263157894737  test_epoch_loss:75.11953735351562
15:54:57 : 0.9467666666666666	585.190185546875	0.9055263157894737	75.11953735351562
15:54:57 : __________________test end__________________
15:54:57 : ______________________________________________
15:54:57 : ______________________________________________
15:54:57 : _______________train epoch 4 end_______________
15:54:57 : ______________________________________________
15:54:57 : ______________________________________________
15:54:57 : Current lr : 7.775999999999999e-07
15:54:57 : ______________________________________________
15:54:57 : ______________________________________________
15:54:57 : _______________train epoch5 start_______________
15:54:57 : ______________________________________________
15:54:57 : ______________________________________________
16:08:07 : __________________train end__________________
16:08:07 : 正确分类的样本数：114057，样本总数：120000，准确率：0.950475，ave_loss：0.004514132626354694
16:08:07 : 准确率:0.950475
16:08:07 : __________________test start__________________
16:08:23 : 正确分类的样本数：6853，样本总数：7600，准确率：0.9017105263157895，ave_loss：0.010106364265084267
16:08:23 :               precision    recall  f1-score   support

           0       0.92      0.91      0.91      1900
           1       0.95      0.95      0.95      1900
           2       0.88      0.85      0.87      1900
           3       0.86      0.90      0.88      1900

    accuracy                           0.90      7600
   macro avg       0.90      0.90      0.90      7600
weighted avg       0.90      0.90      0.90      7600

16:08:23 : 准确率:0.9017105263157895
16:08:23 : train_acc:0.950475  train_epoch_loss:541.6959228515625  test_acc:0.9017105263157895  test_epoch_loss:76.8083724975586
16:08:23 : 0.950475	541.6959228515625	0.9017105263157895	76.8083724975586
16:08:23 : __________________test end__________________
16:08:23 : ______________________________________________
16:08:23 : ______________________________________________
16:08:23 : _______________train epoch 5 end_______________
16:08:23 : ______________________________________________
16:08:23 : ______________________________________________
16:08:23 : Current lr : 4.665599999999999e-07
16:08:23 : ______________________________________________
16:08:23 : ______________________________________________
16:08:23 : _______________train epoch6 start_______________
16:08:23 : ______________________________________________
16:08:23 : ______________________________________________
