14:47:54 : _________ data process _________
14:48:13 : _________ train _________
14:48:22 : Current lr : 1e-05
14:48:22 : ______________________________________________
14:48:22 : ______________________________________________
14:48:22 : _______________train epoch0 start_______________
14:48:22 : _______________lmd=20_______________
14:48:22 : ______________________________________________
14:48:22 : ______________________________________________
15:01:37 : __________________train end__________________
15:01:37 : 正确分类的样本数：103377，样本总数：120000，准确率：0.861475，ave_loss：0.012676946818828583
15:01:37 : 准确率:0.861475
15:01:37 : __________________test start__________________
15:01:53 : 正确分类的样本数：6755，样本总数：7600，准确率：0.8888157894736842，ave_loss：0.010112212039530277
15:01:53 :               precision    recall  f1-score   support

           0       0.92      0.88      0.90      1900
           1       0.93      0.94      0.94      1900
           2       0.89      0.82      0.85      1900
           3       0.83      0.91      0.87      1900

    accuracy                           0.89      7600
   macro avg       0.89      0.89      0.89      7600
weighted avg       0.89      0.89      0.89      7600

15:01:53 : 准确率:0.8888157894736842
15:01:53 : store model
15:01:53 : train_acc:0.861475  train_epoch_loss:1521.233642578125  test_acc:0.8888157894736842  test_epoch_loss:76.85281372070312
15:01:53 : 0.861475	1521.233642578125	0.8888157894736842	76.85281372070312
15:01:53 : __________________test end__________________
15:01:53 : ______________________________________________
15:01:53 : ______________________________________________
15:01:53 : _______________train epoch 0 end_______________
15:01:53 : ______________________________________________
15:01:53 : ______________________________________________
15:01:53 : Current lr : 6e-06
15:01:53 : ______________________________________________
15:01:53 : ______________________________________________
15:01:53 : _______________train epoch1 start_______________
15:01:53 : _______________lmd=20_______________
15:01:53 : ______________________________________________
15:01:53 : ______________________________________________
15:15:07 : __________________train end__________________
15:15:07 : 正确分类的样本数：108818，样本总数：120000，准确率：0.9068166666666667，ave_loss：0.008730586618185043
15:15:07 : 准确率:0.9068166666666667
15:15:07 : __________________test start__________________
15:15:23 : 正确分类的样本数：6835，样本总数：7600，准确率：0.8993421052631579，ave_loss：0.009287090972065926
15:15:23 :               precision    recall  f1-score   support

           0       0.93      0.90      0.91      1900
           1       0.94      0.96      0.95      1900
           2       0.88      0.84      0.86      1900
           3       0.86      0.90      0.88      1900

    accuracy                           0.90      7600
   macro avg       0.90      0.90      0.90      7600
weighted avg       0.90      0.90      0.90      7600

15:15:23 : 准确率:0.8993421052631579
15:15:23 : store model
15:15:23 : train_acc:0.9068166666666667  train_epoch_loss:1047.67041015625  test_acc:0.8993421052631579  test_epoch_loss:70.58189392089844
15:15:23 : 0.9068166666666667	1047.67041015625	0.8993421052631579	70.58189392089844
15:15:23 : __________________test end__________________
15:15:23 : ______________________________________________
15:15:23 : ______________________________________________
15:15:23 : _______________train epoch 1 end_______________
15:15:23 : ______________________________________________
15:15:23 : ______________________________________________
15:15:23 : Current lr : 3.6e-06
15:15:23 : ______________________________________________
15:15:23 : ______________________________________________
15:15:23 : _______________train epoch2 start_______________
15:15:23 : _______________lmd=20_______________
15:15:23 : ______________________________________________
15:15:23 : ______________________________________________
15:28:23 : __________________train end__________________
15:28:23 : 正确分类的样本数：110815，样本总数：120000，准确率：0.9234583333333334，ave_loss：0.00720434682443738
15:28:23 : 准确率:0.9234583333333334
15:28:23 : __________________test start__________________
15:28:39 : 正确分类的样本数：6844，样本总数：7600，准确率：0.9005263157894737，ave_loss：0.009235127829015255
15:28:39 :               precision    recall  f1-score   support

           0       0.91      0.91      0.91      1900
           1       0.94      0.95      0.95      1900
           2       0.87      0.86      0.87      1900
           3       0.88      0.88      0.88      1900

    accuracy                           0.90      7600
   macro avg       0.90      0.90      0.90      7600
weighted avg       0.90      0.90      0.90      7600

15:28:39 : 准确率:0.9005263157894737
15:28:39 : store model
15:28:39 : train_acc:0.9234583333333334  train_epoch_loss:864.5216064453125  test_acc:0.9005263157894737  test_epoch_loss:70.18697357177734
15:28:39 : 0.9234583333333334	864.5216064453125	0.9005263157894737	70.18697357177734
15:28:39 : __________________test end__________________
15:28:39 : ______________________________________________
15:28:39 : ______________________________________________
15:28:39 : _______________train epoch 2 end_______________
15:28:39 : ______________________________________________
15:28:39 : ______________________________________________
15:28:39 : Current lr : 2.1599999999999996e-06
15:28:39 : ______________________________________________
15:28:39 : ______________________________________________
15:28:39 : _______________train epoch3 start_______________
15:28:39 : _______________lmd=20_______________
15:28:39 : ______________________________________________
15:28:39 : ______________________________________________
15:41:33 : __________________train end__________________
15:41:33 : 正确分类的样本数：112002，样本总数：120000，准确率：0.93335，ave_loss：0.0062026712112128735
15:41:33 : 准确率:0.93335
15:41:33 : __________________test start__________________
15:41:49 : 正确分类的样本数：6852，样本总数：7600，准确率：0.901578947368421，ave_loss：0.009160540997982025
15:41:49 :               precision    recall  f1-score   support

           0       0.92      0.90      0.91      1900
           1       0.94      0.96      0.95      1900
           2       0.86      0.87      0.86      1900
           3       0.89      0.88      0.88      1900

    accuracy                           0.90      7600
   macro avg       0.90      0.90      0.90      7600
weighted avg       0.90      0.90      0.90      7600

15:41:49 : 准确率:0.901578947368421
15:41:49 : store model
15:41:49 : train_acc:0.93335  train_epoch_loss:744.320556640625  test_acc:0.901578947368421  test_epoch_loss:69.6201171875
15:41:49 : 0.93335	744.320556640625	0.901578947368421	69.6201171875
15:41:49 : __________________test end__________________
15:41:49 : ______________________________________________
15:41:49 : ______________________________________________
15:41:49 : _______________train epoch 3 end_______________
15:41:49 : ______________________________________________
15:41:49 : ______________________________________________
15:41:49 : Current lr : 1.2959999999999997e-06
15:41:49 : ______________________________________________
15:41:49 : ______________________________________________
15:41:49 : _______________train epoch4 start_______________
15:41:49 : _______________lmd=20_______________
15:41:49 : ______________________________________________
15:41:49 : ______________________________________________
15:54:46 : __________________train end__________________
15:54:46 : 正确分类的样本数：112710，样本总数：120000，准确率：0.93925，ave_loss：0.0056275310926139355
15:54:46 : 准确率:0.93925
15:54:46 : __________________test start__________________
15:55:02 : 正确分类的样本数：6847，样本总数：7600，准确率：0.900921052631579，ave_loss：0.009379311464726925
15:55:02 :               precision    recall  f1-score   support

           0       0.91      0.91      0.91      1900
           1       0.95      0.95      0.95      1900
           2       0.86      0.87      0.86      1900
           3       0.88      0.88      0.88      1900

    accuracy                           0.90      7600
   macro avg       0.90      0.90      0.90      7600
weighted avg       0.90      0.90      0.90      7600

15:55:02 : 准确率:0.900921052631579
15:55:02 : train_acc:0.93925  train_epoch_loss:675.3037109375  test_acc:0.900921052631579  test_epoch_loss:71.28276824951172
15:55:02 : 0.93925	675.3037109375	0.900921052631579	71.28276824951172
15:55:02 : __________________test end__________________
15:55:02 : ______________________________________________
15:55:02 : ______________________________________________
15:55:02 : _______________train epoch 4 end_______________
15:55:02 : ______________________________________________
15:55:02 : ______________________________________________
15:55:02 : Current lr : 7.775999999999999e-07
15:55:02 : ______________________________________________
15:55:02 : ______________________________________________
15:55:02 : _______________train epoch5 start_______________
15:55:02 : _______________lmd=20_______________
15:55:02 : ______________________________________________
15:55:02 : ______________________________________________
16:08:00 : __________________train end__________________
16:08:00 : 正确分类的样本数：113086，样本总数：120000，准确率：0.9423833333333334，ave_loss：0.005282856523990631
16:08:00 : 准确率:0.9423833333333334
16:08:00 : __________________test start__________________
16:08:16 : 正确分类的样本数：6839，样本总数：7600，准确率：0.8998684210526315，ave_loss：0.009447532705962658
16:08:16 :               precision    recall  f1-score   support

           0       0.91      0.91      0.91      1900
           1       0.95      0.94      0.95      1900
           2       0.86      0.87      0.86      1900
           3       0.88      0.89      0.88      1900

    accuracy                           0.90      7600
   macro avg       0.90      0.90      0.90      7600
weighted avg       0.90      0.90      0.90      7600

16:08:16 : 准确率:0.8998684210526315
16:08:16 : train_acc:0.9423833333333334  train_epoch_loss:633.9427490234375  test_acc:0.8998684210526315  test_epoch_loss:71.80125427246094
16:08:16 : 0.9423833333333334	633.9427490234375	0.8998684210526315	71.80125427246094
16:08:16 : __________________test end__________________
16:08:16 : ______________________________________________
16:08:16 : ______________________________________________
16:08:16 : _______________train epoch 5 end_______________
16:08:16 : ______________________________________________
16:08:16 : ______________________________________________
16:08:16 : Current lr : 4.665599999999999e-07
16:08:16 : ______________________________________________
16:08:16 : ______________________________________________
16:08:16 : _______________train epoch6 start_______________
16:08:16 : _______________lmd=20_______________
16:08:16 : ______________________________________________
16:08:16 : ______________________________________________
16:55:56 : _________ data process _________
16:56:37 : _________ data process _________
16:56:54 : _________ train _________
16:57:02 : Current lr : 1e-05
16:57:02 : ______________________________________________
16:57:02 : ______________________________________________
16:57:02 : _______________train epoch0 start_______________
16:57:02 : _______________lmd=20_______________
16:57:02 : ______________________________________________
16:57:02 : ______________________________________________
16:57:50 : _________ data process _________
16:58:06 : _________ train _________
16:58:14 : Current lr : 1e-05
16:58:14 : ______________________________________________
16:58:14 : ______________________________________________
16:58:14 : _______________train epoch0 start_______________
16:58:14 : _______________lmd=20_______________
16:58:14 : ______________________________________________
16:58:14 : ______________________________________________
16:59:37 : _________ data process _________
16:59:53 : _________ train _________
17:00:01 : Current lr : 1e-05
17:00:01 : ______________________________________________
17:00:01 : ______________________________________________
17:00:01 : _______________train epoch0 start_______________
17:00:01 : _______________lmd=20_______________
17:00:01 : ______________________________________________
17:00:01 : ______________________________________________
17:00:37 : _________ data process _________
17:00:55 : _________ train _________
17:01:03 : Current lr : 1e-05
17:01:03 : ______________________________________________
17:01:03 : ______________________________________________
17:01:03 : _______________train epoch0 start_______________
17:01:03 : _______________lmd=20_______________
17:01:03 : ______________________________________________
17:01:03 : ______________________________________________
17:01:51 : _________ data process _________
17:02:09 : _________ train _________
17:02:17 : Current lr : 1e-05
17:02:17 : ______________________________________________
17:02:17 : ______________________________________________
17:02:17 : _______________train epoch0 start_______________
17:02:17 : _______________lmd=20_______________
17:02:17 : ______________________________________________
17:02:17 : ______________________________________________
17:14:58 : __________________train end__________________
17:14:58 : 正确分类的样本数：103405，样本总数：120000，准确率：0.8617083333333333，ave_loss：0.012691258452832699
17:14:58 : 准确率:0.8617083333333333
17:14:58 : __________________test start__________________
17:15:13 : 正确分类的样本数：6808，样本总数：7600，准确率：0.8957894736842106，ave_loss：0.010134125128388405
17:15:13 :               precision    recall  f1-score   support

           0       0.92      0.89      0.91      1900
           1       0.91      0.97      0.94      1900
           2       0.89      0.83      0.86      1900
           3       0.86      0.90      0.88      1900

    accuracy                           0.90      7600
   macro avg       0.90      0.90      0.90      7600
weighted avg       0.90      0.90      0.90      7600

17:15:13 : 准确率:0.8957894736842106
17:15:13 : store model
17:15:13 : train_acc:0.8617083333333333  train_epoch_loss:1522.9510498046875  test_acc:0.8957894736842106  test_epoch_loss:77.01935577392578
17:15:13 : 0.8617083333333333	1522.9510498046875	0.8957894736842106	77.01935577392578
17:15:13 : __________________test end__________________
17:15:13 : ______________________________________________
17:15:13 : ______________________________________________
17:15:13 : _______________train epoch 0 end_______________
17:15:13 : ______________________________________________
17:15:13 : ______________________________________________
17:15:13 : Current lr : 8.000000000000001e-06
17:15:13 : ______________________________________________
17:15:13 : ______________________________________________
17:15:13 : _______________train epoch1 start_______________
17:15:13 : _______________lmd=20_______________
17:15:13 : ______________________________________________
17:15:13 : ______________________________________________
17:27:46 : __________________train end__________________
17:27:46 : 正确分类的样本数：108676，样本总数：120000，准确率：0.9056333333333333，ave_loss：0.008787870407104492
17:27:46 : 准确率:0.9056333333333333
17:27:46 : __________________test start__________________
17:28:02 : 正确分类的样本数：6800，样本总数：7600，准确率：0.8947368421052632，ave_loss：0.009545473381876945
17:28:02 :               precision    recall  f1-score   support

           0       0.88      0.92      0.90      1900
           1       0.94      0.94      0.94      1900
           2       0.90      0.82      0.86      1900
           3       0.87      0.89      0.88      1900

    accuracy                           0.89      7600
   macro avg       0.90      0.89      0.89      7600
weighted avg       0.90      0.89      0.89      7600

17:28:02 : 准确率:0.8947368421052632
17:28:02 : store model
17:28:02 : train_acc:0.9056333333333333  train_epoch_loss:1054.54443359375  test_acc:0.8947368421052632  test_epoch_loss:72.54560089111328
17:28:02 : 0.9056333333333333	1054.54443359375	0.8947368421052632	72.54560089111328
17:28:02 : __________________test end__________________
17:28:02 : ______________________________________________
17:28:02 : ______________________________________________
17:28:02 : _______________train epoch 1 end_______________
17:28:02 : ______________________________________________
17:28:02 : ______________________________________________
17:28:02 : Current lr : 6.400000000000001e-06
17:28:02 : ______________________________________________
17:28:02 : ______________________________________________
17:28:02 : _______________train epoch2 start_______________
17:28:02 : _______________lmd=20_______________
17:28:02 : ______________________________________________
17:28:02 : ______________________________________________
17:40:46 : __________________train end__________________
17:40:46 : 正确分类的样本数：110967，样本总数：120000，准确率：0.924725，ave_loss：0.007030431181192398
17:40:46 : 准确率:0.924725
17:40:46 : __________________test start__________________
17:41:02 : 正确分类的样本数：6850，样本总数：7600，准确率：0.9013157894736842，ave_loss：0.009166929870843887
17:41:02 :               precision    recall  f1-score   support

           0       0.92      0.91      0.91      1900
           1       0.94      0.95      0.95      1900
           2       0.91      0.82      0.86      1900
           3       0.85      0.92      0.88      1900

    accuracy                           0.90      7600
   macro avg       0.90      0.90      0.90      7600
weighted avg       0.90      0.90      0.90      7600

17:41:02 : 准确率:0.9013157894736842
17:41:02 : store model
17:41:02 : train_acc:0.924725  train_epoch_loss:843.6517333984375  test_acc:0.9013157894736842  test_epoch_loss:69.66867065429688
17:41:02 : 0.924725	843.6517333984375	0.9013157894736842	69.66867065429688
17:41:02 : __________________test end__________________
17:41:02 : ______________________________________________
17:41:02 : ______________________________________________
17:41:02 : _______________train epoch 2 end_______________
17:41:02 : ______________________________________________
17:41:02 : ______________________________________________
17:41:02 : Current lr : 5.120000000000002e-06
17:41:02 : ______________________________________________
17:41:02 : ______________________________________________
17:41:02 : _______________train epoch3 start_______________
17:41:02 : _______________lmd=20_______________
17:41:02 : ______________________________________________
17:41:02 : ______________________________________________
17:54:08 : __________________train end__________________
17:54:08 : 正确分类的样本数：112743，样本总数：120000，准确率：0.939525，ave_loss：0.005672680679708719
17:54:08 : 准确率:0.939525
17:54:08 : __________________test start__________________
17:54:24 : 正确分类的样本数：6865，样本总数：7600，准确率：0.9032894736842105，ave_loss：0.009182460606098175
17:54:24 :               precision    recall  f1-score   support

           0       0.93      0.90      0.92      1900
           1       0.93      0.97      0.95      1900
           2       0.88      0.86      0.87      1900
           3       0.88      0.89      0.88      1900

    accuracy                           0.90      7600
   macro avg       0.90      0.90      0.90      7600
weighted avg       0.90      0.90      0.90      7600

17:54:24 : 准确率:0.9032894736842105
17:54:24 : train_acc:0.939525  train_epoch_loss:680.7216796875  test_acc:0.9032894736842105  test_epoch_loss:69.78670501708984
17:54:24 : 0.939525	680.7216796875	0.9032894736842105	69.78670501708984
17:54:24 : __________________test end__________________
17:54:24 : ______________________________________________
17:54:24 : ______________________________________________
17:54:24 : _______________train epoch 3 end_______________
17:54:24 : ______________________________________________
17:54:24 : ______________________________________________
17:54:24 : Current lr : 4.096000000000002e-06
17:54:24 : ______________________________________________
17:54:24 : ______________________________________________
17:54:24 : _______________train epoch4 start_______________
17:54:24 : _______________lmd=20_______________
17:54:24 : ______________________________________________
17:54:24 : ______________________________________________
18:07:01 : __________________train end__________________
18:07:01 : 正确分类的样本数：113865，样本总数：120000，准确率：0.948875，ave_loss：0.0047493744641542435
18:07:01 : 准确率:0.948875
18:07:01 : __________________test start__________________
18:07:17 : 正确分类的样本数：6874，样本总数：7600，准确率：0.9044736842105263，ave_loss：0.009364438243210316
18:07:17 :               precision    recall  f1-score   support

           0       0.92      0.91      0.92      1900
           1       0.94      0.96      0.95      1900
           2       0.89      0.85      0.87      1900
           3       0.87      0.90      0.88      1900

    accuracy                           0.90      7600
   macro avg       0.90      0.90      0.90      7600
weighted avg       0.90      0.90      0.90      7600

18:07:17 : 准确率:0.9044736842105263
18:07:17 : train_acc:0.948875  train_epoch_loss:569.9249267578125  test_acc:0.9044736842105263  test_epoch_loss:71.16973114013672
18:07:17 : 0.948875	569.9249267578125	0.9044736842105263	71.16973114013672
18:07:17 : __________________test end__________________
18:07:17 : ______________________________________________
18:07:17 : ______________________________________________
18:07:17 : _______________train epoch 4 end_______________
18:07:17 : ______________________________________________
18:07:17 : ______________________________________________
18:07:17 : Current lr : 3.276800000000002e-06
18:07:17 : ______________________________________________
18:07:17 : ______________________________________________
18:07:17 : _______________train epoch5 start_______________
18:07:17 : _______________lmd=20_______________
18:07:17 : ______________________________________________
18:07:17 : ______________________________________________
18:19:51 : __________________train end__________________
18:19:51 : 正确分类的样本数：114772，样本总数：120000，准确率：0.9564333333333334，ave_loss：0.0039773965254426
18:19:51 : 准确率:0.9564333333333334
18:19:51 : __________________test start__________________
18:20:06 : 正确分类的样本数：6869，样本总数：7600，准确率：0.9038157894736842，ave_loss：0.009734869934618473
18:20:06 :               precision    recall  f1-score   support

           0       0.92      0.91      0.91      1900
           1       0.94      0.96      0.95      1900
           2       0.88      0.85      0.87      1900
           3       0.88      0.89      0.88      1900

    accuracy                           0.90      7600
   macro avg       0.90      0.90      0.90      7600
weighted avg       0.90      0.90      0.90      7600

18:20:06 : 准确率:0.9038157894736842
18:20:06 : train_acc:0.9564333333333334  train_epoch_loss:477.2875671386719  test_acc:0.9038157894736842  test_epoch_loss:73.98501586914062
18:20:06 : 0.9564333333333334	477.2875671386719	0.9038157894736842	73.98501586914062
18:20:06 : __________________test end__________________
18:20:06 : ______________________________________________
18:20:06 : ______________________________________________
18:20:06 : _______________train epoch 5 end_______________
18:20:06 : ______________________________________________
18:20:06 : ______________________________________________
18:20:06 : Current lr : 2.6214400000000015e-06
18:20:06 : ______________________________________________
18:20:06 : ______________________________________________
18:20:06 : _______________train epoch6 start_______________
18:20:06 : _______________lmd=20_______________
18:20:06 : ______________________________________________
18:20:06 : ______________________________________________
