09:59:27 : _________ data process _________
09:59:44 : _________ train _________
09:59:53 : Current lr : 1e-05
09:59:53 : ______________________________________________
09:59:53 : ______________________________________________
09:59:53 : _______________train epoch0 start_______________
09:59:53 : _______________lmd=20_______________
09:59:53 : ______________________________________________
09:59:53 : ______________________________________________
10:12:32 : __________________train end__________________
10:12:32 : 正确分类的样本数：103385，样本总数：120000，准确率：0.8615416666666667，ave_loss：0.012487998232245445
10:12:32 : 准确率:0.8615416666666667
10:12:32 : __________________test start__________________
10:12:47 : 正确分类的样本数：6786，样本总数：7600，准确率：0.8928947368421053，ave_loss：0.009768214076757431
10:12:47 :               precision    recall  f1-score   support

           0       0.93      0.87      0.90      1900
           1       0.92      0.96      0.94      1900
           2       0.87      0.84      0.85      1900
           3       0.84      0.90      0.87      1900

    accuracy                           0.89      7600
   macro avg       0.89      0.89      0.89      7600
weighted avg       0.89      0.89      0.89      7600

10:12:47 : 准确率:0.8928947368421053
10:12:47 : store model
10:12:47 : train_acc:0.8615416666666667  train_epoch_loss:1498.559814453125  test_acc:0.8928947368421053  test_epoch_loss:74.23843383789062
10:12:47 : 0.8615416666666667	1498.559814453125	0.8928947368421053	74.23843383789062
10:12:47 : __________________test end__________________
10:12:47 : ______________________________________________
10:12:47 : ______________________________________________
10:12:47 : _______________train epoch 0 end_______________
10:12:47 : ______________________________________________
10:12:47 : ______________________________________________
10:12:47 : Current lr : 8.000000000000001e-06
10:12:47 : ______________________________________________
10:12:47 : ______________________________________________
10:12:47 : _______________train epoch1 start_______________
10:12:47 : _______________lmd=20_______________
10:12:47 : ______________________________________________
10:12:47 : ______________________________________________
10:25:36 : __________________train end__________________
10:25:36 : 正确分类的样本数：108893，样本总数：120000，准确率：0.9074416666666667，ave_loss：0.00858459621667862
10:25:36 : 准确率:0.9074416666666667
10:25:36 : __________________test start__________________
10:25:52 : 正确分类的样本数：6843，样本总数：7600，准确率：0.9003947368421052，ave_loss：0.00897105224430561
10:25:52 :               precision    recall  f1-score   support

           0       0.92      0.90      0.91      1900
           1       0.94      0.96      0.95      1900
           2       0.88      0.84      0.86      1900
           3       0.86      0.90      0.88      1900

    accuracy                           0.90      7600
   macro avg       0.90      0.90      0.90      7600
weighted avg       0.90      0.90      0.90      7600

10:25:52 : 准确率:0.9003947368421052
10:25:52 : store model
10:25:52 : train_acc:0.9074416666666667  train_epoch_loss:1030.1514892578125  test_acc:0.9003947368421052  test_epoch_loss:68.18000030517578
10:25:52 : 0.9074416666666667	1030.1514892578125	0.9003947368421052	68.18000030517578
10:25:52 : __________________test end__________________
10:25:52 : ______________________________________________
10:25:52 : ______________________________________________
10:25:52 : _______________train epoch 1 end_______________
10:25:52 : ______________________________________________
10:25:52 : ______________________________________________
10:25:52 : Current lr : 6.400000000000001e-06
10:25:52 : ______________________________________________
10:25:52 : ______________________________________________
10:25:52 : _______________train epoch2 start_______________
10:25:52 : _______________lmd=20_______________
10:25:52 : ______________________________________________
10:25:52 : ______________________________________________
10:38:37 : __________________train end__________________
10:38:37 : 正确分类的样本数：111072，样本总数：120000，准确率：0.9256，ave_loss：0.006921776104718447
10:38:37 : 准确率:0.9256
10:38:37 : __________________test start__________________
10:38:52 : 正确分类的样本数：6866，样本总数：7600，准确率：0.9034210526315789，ave_loss：0.00903340894728899
10:38:52 :               precision    recall  f1-score   support

           0       0.93      0.90      0.91      1900
           1       0.94      0.95      0.95      1900
           2       0.87      0.86      0.87      1900
           3       0.87      0.89      0.88      1900

    accuracy                           0.90      7600
   macro avg       0.90      0.90      0.90      7600
weighted avg       0.90      0.90      0.90      7600

10:38:52 : 准确率:0.9034210526315789
10:38:52 : train_acc:0.9256  train_epoch_loss:830.6130981445312  test_acc:0.9034210526315789  test_epoch_loss:68.6539077758789
10:38:52 : 0.9256	830.6130981445312	0.9034210526315789	68.6539077758789
10:38:52 : __________________test end__________________
10:38:52 : ______________________________________________
10:38:52 : ______________________________________________
10:38:52 : _______________train epoch 2 end_______________
10:38:52 : ______________________________________________
10:38:52 : ______________________________________________
10:38:52 : Current lr : 5.120000000000002e-06
10:38:52 : ______________________________________________
10:38:52 : ______________________________________________
10:38:52 : _______________train epoch3 start_______________
10:38:52 : _______________lmd=20_______________
10:38:52 : ______________________________________________
10:38:52 : ______________________________________________
10:51:36 : __________________train end__________________
10:51:36 : 正确分类的样本数：112732，样本总数：120000，准确率：0.9394333333333333，ave_loss：0.005647290498018265
10:51:36 : 准确率:0.9394333333333333
10:51:36 : __________________test start__________________
10:51:52 : 正确分类的样本数：6860，样本总数：7600，准确率：0.9026315789473685，ave_loss：0.009129141457378864
10:51:52 :               precision    recall  f1-score   support

           0       0.92      0.91      0.91      1900
           1       0.94      0.96      0.95      1900
           2       0.87      0.87      0.87      1900
           3       0.88      0.87      0.88      1900

    accuracy                           0.90      7600
   macro avg       0.90      0.90      0.90      7600
weighted avg       0.90      0.90      0.90      7600

10:51:52 : 准确率:0.9026315789473685
10:51:52 : train_acc:0.9394333333333333  train_epoch_loss:677.6748657226562  test_acc:0.9026315789473685  test_epoch_loss:69.38147735595703
10:51:52 : 0.9394333333333333	677.6748657226562	0.9026315789473685	69.38147735595703
10:51:52 : __________________test end__________________
10:51:52 : ______________________________________________
10:51:52 : ______________________________________________
10:51:52 : _______________train epoch 3 end_______________
10:51:52 : ______________________________________________
10:51:52 : ______________________________________________
10:51:52 : Current lr : 4.096000000000002e-06
10:51:52 : ______________________________________________
10:51:52 : ______________________________________________
10:51:52 : _______________train epoch4 start_______________
10:51:52 : _______________lmd=20_______________
10:51:52 : ______________________________________________
10:51:52 : ______________________________________________
11:04:37 : __________________train end__________________
11:04:37 : 正确分类的样本数：113869，样本总数：120000，准确率：0.9489083333333334，ave_loss：0.004698070697486401
11:04:37 : 准确率:0.9489083333333334
11:04:37 : __________________test start__________________
11:04:52 : 正确分类的样本数：6857，样本总数：7600，准确率：0.9022368421052631，ave_loss：0.009555457159876823
11:04:52 :               precision    recall  f1-score   support

           0       0.91      0.91      0.91      1900
           1       0.95      0.95      0.95      1900
           2       0.87      0.87      0.87      1900
           3       0.88      0.88      0.88      1900

    accuracy                           0.90      7600
   macro avg       0.90      0.90      0.90      7600
weighted avg       0.90      0.90      0.90      7600

11:04:52 : 准确率:0.9022368421052631
11:04:52 : train_acc:0.9489083333333334  train_epoch_loss:563.7684936523438  test_acc:0.9022368421052631  test_epoch_loss:72.62147521972656
11:04:52 : 0.9489083333333334	563.7684936523438	0.9022368421052631	72.62147521972656
11:04:52 : __________________test end__________________
11:04:52 : ______________________________________________
11:04:52 : ______________________________________________
11:04:52 : _______________train epoch 4 end_______________
11:04:52 : ______________________________________________
11:04:52 : ______________________________________________
11:04:52 : Current lr : 3.276800000000002e-06
11:04:52 : ______________________________________________
11:04:52 : ______________________________________________
11:04:52 : _______________train epoch5 start_______________
11:04:52 : _______________lmd=20_______________
11:04:52 : ______________________________________________
11:04:52 : ______________________________________________
11:17:34 : __________________train end__________________
11:17:34 : 正确分类的样本数：114817，样本总数：120000，准确率：0.9568083333333334，ave_loss：0.0039844512939453125
11:17:34 : 准确率:0.9568083333333334
11:17:34 : __________________test start__________________
11:17:50 : 正确分类的样本数：6838，样本总数：7600，准确率：0.8997368421052632，ave_loss：0.009970294311642647
11:17:50 :               precision    recall  f1-score   support

           0       0.90      0.92      0.91      1900
           1       0.95      0.94      0.95      1900
           2       0.86      0.87      0.86      1900
           3       0.89      0.87      0.88      1900

    accuracy                           0.90      7600
   macro avg       0.90      0.90      0.90      7600
weighted avg       0.90      0.90      0.90      7600

11:17:50 : 准确率:0.8997368421052632
11:17:50 : train_acc:0.9568083333333334  train_epoch_loss:478.1341552734375  test_acc:0.8997368421052632  test_epoch_loss:75.77423858642578
11:17:50 : 0.9568083333333334	478.1341552734375	0.8997368421052632	75.77423858642578
11:17:50 : __________________test end__________________
11:17:50 : ______________________________________________
11:17:50 : ______________________________________________
11:17:50 : _______________train epoch 5 end_______________
11:17:50 : ______________________________________________
11:17:50 : ______________________________________________
11:17:50 : Current lr : 2.6214400000000015e-06
11:17:50 : ______________________________________________
11:17:50 : ______________________________________________
11:17:50 : _______________train epoch6 start_______________
11:17:50 : _______________lmd=20_______________
11:17:50 : ______________________________________________
11:17:50 : ______________________________________________
11:30:15 : _________ data process _________
11:30:32 : _________ train _________
11:30:41 : Current lr : 1e-05
11:30:41 : ______________________________________________
11:30:41 : ______________________________________________
11:30:41 : _______________train epoch0 start_______________
11:30:41 : _______________lmd=20_______________
11:30:41 : ______________________________________________
11:30:41 : ______________________________________________
11:31:17 : _________ data process _________
11:31:33 : _________ train _________
11:31:41 : Current lr : 1e-05
11:31:41 : ______________________________________________
11:31:41 : ______________________________________________
11:31:41 : _______________train epoch0 start_______________
11:31:41 : _______________lmd=20_______________
11:31:41 : ______________________________________________
11:31:41 : ______________________________________________
11:44:26 : __________________train end__________________
11:44:26 : 正确分类的样本数：103190，样本总数：120000，准确率：0.8599166666666667，ave_loss：0.012490189634263515
11:44:26 : 准确率:0.8599166666666667
11:44:26 : __________________test start__________________
11:44:42 : 正确分类的样本数：6779，样本总数：7600，准确率：0.8919736842105264，ave_loss：0.009790207259356976
11:44:42 :               precision    recall  f1-score   support

           0       0.92      0.89      0.91      1900
           1       0.93      0.95      0.94      1900
           2       0.89      0.82      0.85      1900
           3       0.84      0.90      0.87      1900

    accuracy                           0.89      7600
   macro avg       0.89      0.89      0.89      7600
weighted avg       0.89      0.89      0.89      7600

11:44:42 : 准确率:0.8919736842105264
11:44:42 : store model
11:44:42 : train_acc:0.8599166666666667  train_epoch_loss:1498.82275390625  test_acc:0.8919736842105264  test_epoch_loss:74.40557861328125
11:44:42 : 0.8599166666666667	1498.82275390625	0.8919736842105264	74.40557861328125
11:44:42 : __________________test end__________________
11:44:42 : ______________________________________________
11:44:42 : ______________________________________________
11:44:42 : _______________train epoch 0 end_______________
11:44:42 : ______________________________________________
11:44:42 : ______________________________________________
11:44:42 : Current lr : 6e-06
11:44:42 : ______________________________________________
11:44:42 : ______________________________________________
11:44:42 : _______________train epoch1 start_______________
11:44:42 : _______________lmd=20_______________
11:44:42 : ______________________________________________
11:44:42 : ______________________________________________
11:57:29 : __________________train end__________________
11:57:29 : 正确分类的样本数：109014，样本总数：120000，准确率：0.90845，ave_loss：0.008424986153841019
11:57:29 : 准确率:0.90845
11:57:29 : __________________test start__________________
11:57:44 : 正确分类的样本数：6822，样本总数：7600，准确率：0.8976315789473684，ave_loss：0.009430799633264542
11:57:45 :               precision    recall  f1-score   support

           0       0.89      0.92      0.90      1900
           1       0.93      0.95      0.94      1900
           2       0.88      0.85      0.87      1900
           3       0.88      0.87      0.88      1900

    accuracy                           0.90      7600
   macro avg       0.90      0.90      0.90      7600
weighted avg       0.90      0.90      0.90      7600

11:57:45 : 准确率:0.8976315789473684
11:57:45 : store model
11:57:45 : train_acc:0.90845  train_epoch_loss:1010.9983520507812  test_acc:0.8976315789473684  test_epoch_loss:71.67407989501953
11:57:45 : 0.90845	1010.9983520507812	0.8976315789473684	71.67407989501953
11:57:45 : __________________test end__________________
11:57:45 : ______________________________________________
11:57:45 : ______________________________________________
11:57:45 : _______________train epoch 1 end_______________
11:57:45 : ______________________________________________
11:57:45 : ______________________________________________
11:57:45 : Current lr : 3.6e-06
11:57:45 : ______________________________________________
11:57:45 : ______________________________________________
11:57:45 : _______________train epoch2 start_______________
11:57:45 : _______________lmd=20_______________
11:57:45 : ______________________________________________
11:57:45 : ______________________________________________
12:10:30 : __________________train end__________________
12:10:30 : 正确分类的样本数：110986，样本总数：120000，准确率：0.9248833333333333，ave_loss：0.006943225394934416
12:10:30 : 准确率:0.9248833333333333
12:10:30 : __________________test start__________________
12:10:46 : 正确分类的样本数：6872，样本总数：7600，准确率：0.9042105263157895，ave_loss：0.008977570571005344
12:10:46 :               precision    recall  f1-score   support

           0       0.92      0.91      0.91      1900
           1       0.94      0.96      0.95      1900
           2       0.89      0.85      0.87      1900
           3       0.87      0.90      0.88      1900

    accuracy                           0.90      7600
   macro avg       0.90      0.90      0.90      7600
weighted avg       0.90      0.90      0.90      7600

12:10:46 : 准确率:0.9042105263157895
12:10:46 : store model
12:10:46 : train_acc:0.9248833333333333  train_epoch_loss:833.18701171875  test_acc:0.9042105263157895  test_epoch_loss:68.22953796386719
12:10:46 : 0.9248833333333333	833.18701171875	0.9042105263157895	68.22953796386719
12:10:46 : __________________test end__________________
12:10:46 : ______________________________________________
12:10:46 : ______________________________________________
12:10:46 : _______________train epoch 2 end_______________
12:10:46 : ______________________________________________
12:10:46 : ______________________________________________
12:10:46 : Current lr : 2.1599999999999996e-06
12:10:46 : ______________________________________________
12:10:46 : ______________________________________________
12:10:46 : _______________train epoch3 start_______________
12:10:46 : _______________lmd=20_______________
12:10:46 : ______________________________________________
12:10:46 : ______________________________________________
12:23:31 : __________________train end__________________
12:23:31 : 正确分类的样本数：112149，样本总数：120000，准确率：0.934575，ave_loss：0.00609021307900548
12:23:31 : 准确率:0.934575
12:23:31 : __________________test start__________________
12:23:47 : 正确分类的样本数：6873，样本总数：7600，准确率：0.904342105263158，ave_loss：0.009003671817481518
12:23:47 :               precision    recall  f1-score   support

           0       0.93      0.90      0.92      1900
           1       0.94      0.96      0.95      1900
           2       0.88      0.86      0.87      1900
           3       0.87      0.90      0.88      1900

    accuracy                           0.90      7600
   macro avg       0.90      0.90      0.90      7600
weighted avg       0.90      0.90      0.90      7600

12:23:47 : 准确率:0.904342105263158
12:23:47 : train_acc:0.934575  train_epoch_loss:730.8255615234375  test_acc:0.904342105263158  test_epoch_loss:68.42790985107422
12:23:47 : 0.934575	730.8255615234375	0.904342105263158	68.42790985107422
12:23:47 : __________________test end__________________
12:23:47 : ______________________________________________
12:23:47 : ______________________________________________
12:23:47 : _______________train epoch 3 end_______________
12:23:47 : ______________________________________________
12:23:47 : ______________________________________________
12:23:47 : Current lr : 1.2959999999999997e-06
12:23:47 : ______________________________________________
12:23:47 : ______________________________________________
12:23:47 : _______________train epoch4 start_______________
12:23:47 : _______________lmd=20_______________
12:23:47 : ______________________________________________
12:23:47 : ______________________________________________
12:36:30 : __________________train end__________________
12:36:30 : 正确分类的样本数：112895，样本总数：120000，准确率：0.9407916666666667，ave_loss：0.005532721057534218
12:36:30 : 准确率:0.9407916666666667
12:36:30 : __________________test start__________________
12:36:46 : 正确分类的样本数：6873，样本总数：7600，准确率：0.904342105263158，ave_loss：0.009236034005880356
12:36:46 :               precision    recall  f1-score   support

           0       0.91      0.92      0.91      1900
           1       0.95      0.94      0.95      1900
           2       0.89      0.86      0.87      1900
           3       0.88      0.89      0.88      1900

    accuracy                           0.90      7600
   macro avg       0.90      0.90      0.90      7600
weighted avg       0.90      0.90      0.90      7600

12:36:46 : 准确率:0.904342105263158
12:36:46 : train_acc:0.9407916666666667  train_epoch_loss:663.926513671875  test_acc:0.904342105263158  test_epoch_loss:70.19386291503906
12:36:46 : 0.9407916666666667	663.926513671875	0.904342105263158	70.19386291503906
12:36:46 : __________________test end__________________
12:36:46 : ______________________________________________
12:36:46 : ______________________________________________
12:36:46 : _______________train epoch 4 end_______________
12:36:46 : ______________________________________________
12:36:46 : ______________________________________________
12:36:46 : Current lr : 7.775999999999999e-07
12:36:46 : ______________________________________________
12:36:46 : ______________________________________________
12:36:46 : _______________train epoch5 start_______________
12:36:46 : _______________lmd=20_______________
12:36:46 : ______________________________________________
12:36:46 : ______________________________________________
12:43:15 : _________ data process _________
12:43:32 : _________ train _________
12:43:40 : Current lr : 1e-05
12:43:40 : ______________________________________________
12:43:40 : ______________________________________________
12:43:40 : _______________train epoch0 start_______________
12:43:40 : _______________lmd=20_______________
12:43:40 : ______________________________________________
12:43:40 : ______________________________________________
12:56:24 : __________________train end__________________
12:56:24 : 正确分类的样本数：103239，样本总数：120000，准确率：0.860325，ave_loss：0.012509684078395367
12:56:24 : 准确率:0.860325
12:56:24 : __________________test start__________________
12:56:40 : 正确分类的样本数：6762，样本总数：7600，准确率：0.8897368421052632，ave_loss：0.009936543181538582
12:56:40 :               precision    recall  f1-score   support

           0       0.92      0.87      0.90      1900
           1       0.92      0.95      0.93      1900
           2       0.87      0.84      0.86      1900
           3       0.84      0.90      0.87      1900

    accuracy                           0.89      7600
   macro avg       0.89      0.89      0.89      7600
weighted avg       0.89      0.89      0.89      7600

12:56:40 : 准确率:0.8897368421052632
12:56:40 : store model
12:56:40 : train_acc:0.860325  train_epoch_loss:1501.162109375  test_acc:0.8897368421052632  test_epoch_loss:75.51773071289062
12:56:40 : 0.8603	1501.1621	0.8897	75.5177
12:56:40 : __________________test end__________________
12:56:40 : ______________________________________________
12:56:40 : ______________________________________________
12:56:40 : _______________train epoch 0 end_______________
12:56:40 : ______________________________________________
12:56:40 : ______________________________________________
12:56:40 : Current lr : 3e-06
12:56:40 : ______________________________________________
12:56:40 : ______________________________________________
12:56:40 : _______________train epoch1 start_______________
12:56:40 : _______________lmd=20_______________
12:56:40 : ______________________________________________
12:56:40 : ______________________________________________
13:09:26 : __________________train end__________________
13:09:26 : 正确分类的样本数：109224，样本总数：120000，准确率：0.9102，ave_loss：0.00833450723439455
13:09:26 : 准确率:0.9102
13:09:26 : __________________test start__________________
13:09:41 : 正确分类的样本数：6842，样本总数：7600，准确率：0.9002631578947369，ave_loss：0.009156405925750732
13:09:41 :               precision    recall  f1-score   support

           0       0.93      0.89      0.91      1900
           1       0.94      0.95      0.94      1900
           2       0.87      0.86      0.86      1900
           3       0.87      0.89      0.88      1900

    accuracy                           0.90      7600
   macro avg       0.90      0.90      0.90      7600
weighted avg       0.90      0.90      0.90      7600

13:09:41 : 准确率:0.9002631578947369
13:09:41 : store model
13:09:41 : train_acc:0.9102  train_epoch_loss:1000.140869140625  test_acc:0.9002631578947369  test_epoch_loss:69.58869171142578
13:09:41 : 0.9102	1000.1409	0.9003	69.5887
13:09:41 : __________________test end__________________
13:09:41 : ______________________________________________
13:09:41 : ______________________________________________
13:09:41 : _______________train epoch 1 end_______________
13:09:41 : ______________________________________________
13:09:41 : ______________________________________________
13:09:41 : Current lr : 9e-07
13:09:41 : ______________________________________________
13:09:41 : ______________________________________________
13:09:41 : _______________train epoch2 start_______________
13:09:41 : _______________lmd=20_______________
13:09:41 : ______________________________________________
13:09:41 : ______________________________________________
13:22:27 : __________________train end__________________
13:22:27 : 正确分类的样本数：110530，样本总数：120000，准确率：0.9210833333333334，ave_loss：0.007341509684920311
13:22:27 : 准确率:0.9210833333333334
13:22:27 : __________________test start__________________
13:22:42 : 正确分类的样本数：6869，样本总数：7600，准确率：0.9038157894736842，ave_loss：0.009071670472621918
13:22:42 :               precision    recall  f1-score   support

           0       0.94      0.90      0.92      1900
           1       0.94      0.96      0.95      1900
           2       0.87      0.86      0.87      1900
           3       0.87      0.90      0.88      1900

    accuracy                           0.90      7600
   macro avg       0.90      0.90      0.90      7600
weighted avg       0.90      0.90      0.90      7600

13:22:42 : 准确率:0.9038157894736842
13:22:42 : store model
13:22:42 : train_acc:0.9210833333333334  train_epoch_loss:880.9811401367188  test_acc:0.9038157894736842  test_epoch_loss:68.9447021484375
13:22:42 : 0.9211	880.9811	0.9038	68.9447
13:22:42 : __________________test end__________________
13:22:42 : ______________________________________________
13:22:42 : ______________________________________________
13:22:42 : _______________train epoch 2 end_______________
13:22:42 : ______________________________________________
13:22:42 : ______________________________________________
13:22:42 : Current lr : 2.6999999999999996e-07
13:22:42 : ______________________________________________
13:22:42 : ______________________________________________
13:22:42 : _______________train epoch3 start_______________
13:22:42 : _______________lmd=20_______________
13:22:42 : ______________________________________________
13:22:42 : ______________________________________________
13:35:25 : __________________train end__________________
13:35:25 : 正确分类的样本数：110954，样本总数：120000，准确率：0.9246166666666666，ave_loss：0.007055763620883226
13:35:25 : 准确率:0.9246166666666666
13:35:25 : __________________test start__________________
13:35:41 : 正确分类的样本数：6860，样本总数：7600，准确率：0.9026315789473685，ave_loss：0.009056862443685532
13:35:41 :               precision    recall  f1-score   support

           0       0.93      0.90      0.91      1900
           1       0.94      0.95      0.95      1900
           2       0.87      0.86      0.87      1900
           3       0.87      0.90      0.88      1900

    accuracy                           0.90      7600
   macro avg       0.90      0.90      0.90      7600
weighted avg       0.90      0.90      0.90      7600

13:35:41 : 准确率:0.9026315789473685
13:35:41 : store model
13:35:41 : train_acc:0.9246166666666666  train_epoch_loss:846.691650390625  test_acc:0.9026315789473685  test_epoch_loss:68.83216094970703
13:35:41 : 0.9246	846.6917	0.9026	68.8322
13:35:41 : __________________test end__________________
13:35:41 : ______________________________________________
13:35:41 : ______________________________________________
13:35:41 : _______________train epoch 3 end_______________
13:35:41 : ______________________________________________
13:35:41 : ______________________________________________
13:35:41 : Current lr : 8.099999999999998e-08
13:35:41 : ______________________________________________
13:35:41 : ______________________________________________
13:35:41 : _______________train epoch4 start_______________
13:35:41 : _______________lmd=20_______________
13:35:41 : ______________________________________________
13:35:41 : ______________________________________________
13:48:26 : __________________train end__________________
13:48:26 : 正确分类的样本数：111059，样本总数：120000，准确率：0.9254916666666667，ave_loss：0.006980315316468477
13:48:26 : 准确率:0.9254916666666667
13:48:26 : __________________test start__________________
13:48:41 : 正确分类的样本数：6864，样本总数：7600，准确率：0.9031578947368422，ave_loss：0.009061811491847038
13:48:41 :               precision    recall  f1-score   support

           0       0.92      0.90      0.91      1900
           1       0.94      0.96      0.95      1900
           2       0.88      0.86      0.87      1900
           3       0.88      0.89      0.88      1900

    accuracy                           0.90      7600
   macro avg       0.90      0.90      0.90      7600
weighted avg       0.90      0.90      0.90      7600

13:48:41 : 准确率:0.9031578947368422
13:48:41 : train_acc:0.9254916666666667  train_epoch_loss:837.6378173828125  test_acc:0.9031578947368422  test_epoch_loss:68.8697738647461
13:48:41 : 0.9255	837.6378	0.9032	68.8698
13:48:41 : __________________test end__________________
13:48:41 : ______________________________________________
13:48:41 : ______________________________________________
13:48:41 : _______________train epoch 4 end_______________
13:48:41 : ______________________________________________
13:48:41 : ______________________________________________
13:48:41 : Current lr : 2.4299999999999996e-08
13:48:41 : ______________________________________________
13:48:41 : ______________________________________________
13:48:41 : _______________train epoch5 start_______________
13:48:41 : _______________lmd=20_______________
13:48:41 : ______________________________________________
13:48:41 : ______________________________________________
14:01:25 : __________________train end__________________
14:01:25 : 正确分类的样本数：111066，样本总数：120000，准确率：0.92555，ave_loss：0.006963679101318121
14:01:25 : 准确率:0.92555
14:01:25 : __________________test start__________________
14:01:41 : 正确分类的样本数：6859，样本总数：7600，准确率：0.9025，ave_loss：0.009062246419489384
14:01:41 :               precision    recall  f1-score   support

           0       0.92      0.90      0.91      1900
           1       0.94      0.96      0.95      1900
           2       0.88      0.85      0.87      1900
           3       0.87      0.90      0.88      1900

    accuracy                           0.90      7600
   macro avg       0.90      0.90      0.90      7600
weighted avg       0.90      0.90      0.90      7600

14:01:41 : 准确率:0.9025
14:01:41 : train_acc:0.92555  train_epoch_loss:835.6414794921875  test_acc:0.9025  test_epoch_loss:68.87307739257812
14:01:41 : 0.9255	835.6415	0.9025	68.8731
14:01:41 : __________________test end__________________
14:01:41 : ______________________________________________
14:01:41 : ______________________________________________
14:01:41 : _______________train epoch 5 end_______________
14:01:41 : ______________________________________________
14:01:41 : ______________________________________________
14:01:41 : Current lr : 7.289999999999999e-09
14:01:41 : ______________________________________________
14:01:41 : ______________________________________________
14:01:41 : _______________train epoch6 start_______________
14:01:41 : _______________lmd=20_______________
14:01:41 : ______________________________________________
14:01:41 : ______________________________________________
14:14:26 : __________________train end__________________
14:14:26 : 正确分类的样本数：111124，样本总数：120000，准确率：0.9260333333333334，ave_loss：0.0069299847818911076
14:14:26 : 准确率:0.9260333333333334
14:14:26 : __________________test start__________________
14:14:42 : 正确分类的样本数：6862，样本总数：7600，准确率：0.9028947368421053，ave_loss：0.00906060729175806
14:14:42 :               precision    recall  f1-score   support

           0       0.92      0.90      0.91      1900
           1       0.94      0.96      0.95      1900
           2       0.88      0.86      0.87      1900
           3       0.87      0.89      0.88      1900

    accuracy                           0.90      7600
   macro avg       0.90      0.90      0.90      7600
weighted avg       0.90      0.90      0.90      7600

14:14:42 : 准确率:0.9028947368421053
14:14:42 : train_acc:0.9260333333333334  train_epoch_loss:831.59814453125  test_acc:0.9028947368421053  test_epoch_loss:68.8606185913086
14:14:42 : 0.926	831.5981	0.9029	68.8606
14:14:42 : __________________test end__________________
14:14:42 : ______________________________________________
14:14:42 : ______________________________________________
14:14:42 : _______________train epoch 6 end_______________
14:14:42 : ______________________________________________
14:14:42 : ______________________________________________
14:14:42 : Current lr : 2.1869999999999996e-09
14:14:42 : ______________________________________________
14:14:42 : ______________________________________________
14:14:42 : _______________train epoch7 start_______________
14:14:42 : _______________lmd=20_______________
14:14:42 : ______________________________________________
14:14:42 : ______________________________________________
14:27:27 : __________________train end__________________
14:27:27 : 正确分类的样本数：111144，样本总数：120000，准确率：0.9262，ave_loss：0.006941275671124458
14:27:27 : 准确率:0.9262
14:27:27 : __________________test start__________________
14:27:42 : 正确分类的样本数：6862，样本总数：7600，准确率：0.9028947368421053，ave_loss：0.009060591459274292
14:27:42 :               precision    recall  f1-score   support

           0       0.92      0.90      0.91      1900
           1       0.94      0.96      0.95      1900
           2       0.88      0.86      0.87      1900
           3       0.87      0.89      0.88      1900

    accuracy                           0.90      7600
   macro avg       0.90      0.90      0.90      7600
weighted avg       0.90      0.90      0.90      7600

14:27:42 : 准确率:0.9028947368421053
14:27:42 : train_acc:0.9262  train_epoch_loss:832.9530639648438  test_acc:0.9028947368421053  test_epoch_loss:68.8604965209961
14:27:42 : 0.9262	832.9531	0.9029	68.8605
14:27:42 : __________________test end__________________
14:27:42 : ______________________________________________
14:27:42 : ______________________________________________
14:27:42 : _______________train epoch 7 end_______________
14:27:42 : ______________________________________________
14:27:42 : ______________________________________________
14:27:42 : Current lr : 6.560999999999998e-10
14:27:42 : ______________________________________________
14:27:42 : ______________________________________________
14:27:42 : _______________train epoch8 start_______________
14:27:42 : _______________lmd=20_______________
14:27:42 : ______________________________________________
14:27:42 : ______________________________________________
14:40:28 : __________________train end__________________
14:40:28 : 正确分类的样本数：111113，样本总数：120000，准确率：0.9259416666666667，ave_loss：0.006939839106053114
14:40:28 : 准确率:0.9259416666666667
14:40:28 : __________________test start__________________
14:40:44 : 正确分类的样本数：6862，样本总数：7600，准确率：0.9028947368421053，ave_loss：0.009060647338628769
14:40:44 :               precision    recall  f1-score   support

           0       0.92      0.90      0.91      1900
           1       0.94      0.96      0.95      1900
           2       0.88      0.86      0.87      1900
           3       0.87      0.89      0.88      1900

    accuracy                           0.90      7600
   macro avg       0.90      0.90      0.90      7600
weighted avg       0.90      0.90      0.90      7600

14:40:44 : 准确率:0.9028947368421053
14:40:44 : train_acc:0.9259416666666667  train_epoch_loss:832.7807006835938  test_acc:0.9028947368421053  test_epoch_loss:68.86092376708984
14:40:44 : 0.9259	832.7807	0.9029	68.8609
14:40:44 : __________________test end__________________
14:40:44 : ______________________________________________
14:40:44 : ______________________________________________
14:40:44 : _______________train epoch 8 end_______________
14:40:44 : ______________________________________________
14:40:44 : ______________________________________________
14:40:44 : Current lr : 1.9682999999999996e-10
14:40:44 : ______________________________________________
14:40:44 : ______________________________________________
14:40:44 : _______________train epoch9 start_______________
14:40:44 : _______________lmd=20_______________
14:40:44 : ______________________________________________
14:40:44 : ______________________________________________
14:53:29 : __________________train end__________________
14:53:29 : 正确分类的样本数：111102，样本总数：120000，准确率：0.92585，ave_loss：0.006934469100087881
14:53:29 : 准确率:0.92585
14:53:29 : __________________test start__________________
14:53:45 : 正确分类的样本数：6862，样本总数：7600，准确率：0.9028947368421053，ave_loss：0.009060647338628769
14:53:45 :               precision    recall  f1-score   support

           0       0.92      0.90      0.91      1900
           1       0.94      0.96      0.95      1900
           2       0.88      0.86      0.87      1900
           3       0.87      0.89      0.88      1900

    accuracy                           0.90      7600
   macro avg       0.90      0.90      0.90      7600
weighted avg       0.90      0.90      0.90      7600

14:53:45 : 准确率:0.9028947368421053
14:53:45 : train_acc:0.92585  train_epoch_loss:832.1362915039062  test_acc:0.9028947368421053  test_epoch_loss:68.86092376708984
14:53:45 : 0.9258	832.1363	0.9029	68.8609
14:53:45 : __________________test end__________________
14:53:45 : ______________________________________________
14:53:45 : ______________________________________________
14:53:45 : _______________train epoch 9 end_______________
14:53:45 : ______________________________________________
14:53:45 : ______________________________________________
14:53:45 : _________ plt _________
