17:15:10 : ______________________________________________
17:15:10 : ______________________________________________
17:15:10 : _______________train epoch0 start_______________
17:15:10 : ______________________________________________
17:15:10 : ______________________________________________
17:23:19 : __________________train end__________________
17:23:19 : 正确分类的样本数：49012，样本总数：66179，准确率：0.7405974704966832，ave_loss：0.04456552490592003
17:23:19 : 准确率:0.7405974704966832
17:23:19 : __________________test start__________________
17:23:52 : 正确分类的样本数：10917，样本总数：13238，准确率：0.8246714005136727，ave_loss：0.030980965122580528
17:23:52 : 准确率:0.8246714005136727
17:23:52 : store model
17:23:53 : train_acc:0.7405974704966832  train_epoch_loss:2949.302001953125  test_acc:0.8246714005136727  test_epoch_loss:410.1260070800781
17:23:53 : __________________test end__________________
17:23:53 : ______________________________________________
17:23:53 : ______________________________________________
17:23:53 : _______________train epoch 0 end_______________
17:23:53 : ______________________________________________
17:23:53 : ______________________________________________
17:23:53 : ______________________________________________
17:23:53 : ______________________________________________
17:23:53 : _______________train epoch1 start_______________
17:23:53 : ______________________________________________
17:23:53 : ______________________________________________
17:32:04 : __________________train end__________________
17:32:04 : 正确分类的样本数：54767，样本总数：66179，准确率：0.8275585910938515，ave_loss：0.030057968571782112
17:32:04 : 准确率:0.8275585910938515
17:32:04 : __________________test start__________________
17:32:37 : 正确分类的样本数：11125，样本总数：13238，准确率：0.8403837437679408，ave_loss：0.02819746732711792
17:32:37 : 准确率:0.8403837437679408
17:32:37 : store model
17:32:37 : train_acc:0.8275585910938515  train_epoch_loss:1989.206298828125  test_acc:0.8403837437679408  test_epoch_loss:373.278076171875
17:32:37 : __________________test end__________________
17:32:37 : ______________________________________________
17:32:37 : ______________________________________________
17:32:37 : _______________train epoch 1 end_______________
17:32:37 : ______________________________________________
17:32:37 : ______________________________________________
17:32:37 : ______________________________________________
17:32:37 : ______________________________________________
17:32:37 : _______________train epoch2 start_______________
17:32:37 : ______________________________________________
17:32:37 : ______________________________________________
17:40:48 : __________________train end__________________
17:40:48 : 正确分类的样本数：55862，样本总数：66179，准确率：0.8441046253343205，ave_loss：0.02707422897219658
17:40:48 : 准确率:0.8441046253343205
17:40:48 : __________________test start__________________
17:41:21 : 正确分类的样本数：11199，样本总数：13238，准确率：0.8459737120410938，ave_loss：0.026806235313415527
17:41:21 : 准确率:0.8459737120410938
17:41:21 : store model
17:41:22 : train_acc:0.8441046253343205  train_epoch_loss:1791.7454833984375  test_acc:0.8459737120410938  test_epoch_loss:354.8609313964844
17:41:22 : __________________test end__________________
17:41:22 : ______________________________________________
17:41:22 : ______________________________________________
17:41:22 : _______________train epoch 2 end_______________
17:41:22 : ______________________________________________
17:41:22 : ______________________________________________
17:41:22 : ______________________________________________
17:41:22 : ______________________________________________
17:41:22 : _______________train epoch3 start_______________
17:41:22 : ______________________________________________
17:41:22 : ______________________________________________
17:49:34 : __________________train end__________________
17:49:34 : 正确分类的样本数：56697，样本总数：66179，准确率：0.8567219208510253，ave_loss：0.02495584823191166
17:49:34 : 准确率:0.8567219208510253
17:49:34 : __________________test start__________________
17:50:07 : 正确分类的样本数：11247，样本总数：13238，准确率：0.8495996374074634，ave_loss：0.026012782007455826
17:50:07 : 准确率:0.8495996374074634
17:50:07 : store model
17:50:07 : train_acc:0.8567219208510253  train_epoch_loss:1651.5531005859375  test_acc:0.8495996374074634  test_epoch_loss:344.3572082519531
17:50:07 : __________________test end__________________
17:50:07 : ______________________________________________
17:50:07 : ______________________________________________
17:50:07 : _______________train epoch 3 end_______________
17:50:07 : ______________________________________________
17:50:07 : ______________________________________________
17:50:07 : ______________________________________________
17:50:07 : ______________________________________________
17:50:07 : _______________train epoch4 start_______________
17:50:07 : ______________________________________________
17:50:07 : ______________________________________________
17:58:19 : __________________train end__________________
17:58:19 : 正确分类的样本数：57264，样本总数：66179，准确率：0.8652895933755421，ave_loss：0.023538313806056976
17:58:19 : 准确率:0.8652895933755421
17:58:19 : __________________test start__________________
17:58:52 : 正确分类的样本数：11350，样本总数：13238，准确率：0.8573802689227981，ave_loss：0.02507846988737583
17:58:52 : 准确率:0.8573802689227981
17:58:52 : store model
17:58:52 : train_acc:0.8652895933755421  train_epoch_loss:1557.7420654296875  test_acc:0.8573802689227981  test_epoch_loss:331.98876953125
17:58:52 : __________________test end__________________
17:58:52 : ______________________________________________
17:58:52 : ______________________________________________
17:58:52 : _______________train epoch 4 end_______________
17:58:52 : ______________________________________________
17:58:52 : ______________________________________________
17:58:52 : ______________________________________________
17:58:52 : ______________________________________________
17:58:52 : _______________train epoch5 start_______________
17:58:52 : ______________________________________________
17:58:52 : ______________________________________________
18:07:04 : __________________train end__________________
18:07:04 : 正确分类的样本数：57744，样本总数：66179，准确率：0.8725426494809532，ave_loss：0.021958429366350174
18:07:04 : 准确率:0.8725426494809532
18:07:04 : __________________test start__________________
18:07:37 : 正确分类的样本数：11362，样本总数：13238，准确率：0.8582867502643904，ave_loss：0.02465919405221939
18:07:37 : 准确率:0.8582867502643904
18:07:37 : store model
18:07:37 : train_acc:0.8725426494809532  train_epoch_loss:1453.1868896484375  test_acc:0.8582867502643904  test_epoch_loss:326.43841552734375
18:07:37 : __________________test end__________________
18:07:37 : ______________________________________________
18:07:37 : ______________________________________________
18:07:37 : _______________train epoch 5 end_______________
18:07:37 : ______________________________________________
18:07:37 : ______________________________________________
18:07:37 : ______________________________________________
18:07:37 : ______________________________________________
18:07:37 : _______________train epoch6 start_______________
18:07:37 : ______________________________________________
18:07:37 : ______________________________________________
18:15:48 : __________________train end__________________
18:15:48 : 正确分类的样本数：58254，样本总数：66179，准确率：0.8802490215929525，ave_loss：0.020622266456484795
18:15:48 : 准确率:0.8802490215929525
18:15:48 : __________________test start__________________
18:16:21 : 正确分类的样本数：11409，样本总数：13238，准确率：0.8618371355189606，ave_loss：0.024271884933114052
18:16:21 : 准确率:0.8618371355189606
18:16:21 : store model
18:16:22 : train_acc:0.8802490215929525  train_epoch_loss:1364.760986328125  test_acc:0.8618371355189606  test_epoch_loss:321.31121826171875
18:16:22 : __________________test end__________________
18:16:22 : ______________________________________________
18:16:22 : ______________________________________________
18:16:22 : _______________train epoch 6 end_______________
18:16:22 : ______________________________________________
18:16:22 : ______________________________________________
18:16:22 : ______________________________________________
18:16:22 : ______________________________________________
18:16:22 : _______________train epoch7 start_______________
18:16:22 : ______________________________________________
18:16:22 : ______________________________________________
18:24:31 : __________________train end__________________
18:24:31 : 正确分类的样本数：58631，样本总数：66179，准确率：0.8859456927424108，ave_loss：0.01959834061563015
18:24:31 : 准确率:0.8859456927424108
18:24:31 : __________________test start__________________
18:25:04 : 正确分类的样本数：11427，样本总数：13238，准确率：0.8631968575313491，ave_loss：0.024060070514678955
18:25:04 : 准确率:0.8631968575313491
18:25:04 : store model
18:25:05 : train_acc:0.8859456927424108  train_epoch_loss:1296.9986572265625  test_acc:0.8631968575313491  test_epoch_loss:318.5072021484375
18:25:05 : __________________test end__________________
18:25:05 : ______________________________________________
18:25:05 : ______________________________________________
18:25:05 : _______________train epoch 7 end_______________
18:25:05 : ______________________________________________
18:25:05 : ______________________________________________
18:25:05 : ______________________________________________
18:25:05 : ______________________________________________
18:25:05 : _______________train epoch8 start_______________
18:25:05 : ______________________________________________
18:25:05 : ______________________________________________
18:33:14 : __________________train end__________________
18:33:14 : 正确分类的样本数：59082，样本总数：66179，准确率：0.8927605433747866，ave_loss：0.018451565876603127
18:33:14 : 准确率:0.8927605433747866
18:33:14 : __________________test start__________________
18:33:47 : 正确分类的样本数：11461，样本总数：13238，准确率：0.8657652213325275，ave_loss：0.023967094719409943
18:33:47 : 准确率:0.8657652213325275
18:33:47 : store model
18:33:48 : train_acc:0.8927605433747866  train_epoch_loss:1221.106201171875  test_acc:0.8657652213325275  test_epoch_loss:317.2763977050781
18:33:48 : __________________test end__________________
18:33:48 : ______________________________________________
18:33:48 : ______________________________________________
18:33:48 : _______________train epoch 8 end_______________
18:33:48 : ______________________________________________
18:33:48 : ______________________________________________
18:33:48 : ______________________________________________
18:33:48 : ______________________________________________
18:33:48 : _______________train epoch9 start_______________
18:33:48 : ______________________________________________
18:33:48 : ______________________________________________
18:41:57 : __________________train end__________________
18:41:57 : 正确分类的样本数：59516，样本总数：66179，准确率：0.8993185149367624，ave_loss：0.017463339492678642
18:41:57 : 准确率:0.8993185149367624
18:41:57 : __________________test start__________________
18:42:30 : 正确分类的样本数：11446，样本总数：13238，准确率：0.8646321196555371，ave_loss：0.024080174043774605
18:42:30 : 准确率:0.8646321196555371
18:42:30 : train_acc:0.8993185149367624  train_epoch_loss:1155.7064208984375  test_acc:0.8646321196555371  test_epoch_loss:318.7733459472656
18:42:30 : __________________test end__________________
18:42:30 : ______________________________________________
18:42:30 : ______________________________________________
18:42:30 : _______________train epoch 9 end_______________
18:42:30 : ______________________________________________
18:42:30 : ______________________________________________
